                                                OP0s.lst	Page 1
***   PanaX Series MN103S/MN103L Cross Assembler   ***
Loc       Object            Line        Source

                              1  		NOTATION	CLANG
                              2  		FILE	"EEPROM_PARA.c"
                              3  		IDENT	"cc: MN103S Windows V5.4R1 EEPROM_PARA.c"
                              4  		IDENT	"-O -fenable-asm -fchar-bfield -flong-bfield -fc9x-comment -mmulq -mdivs -fenable-longlong -ffile-sjis -ffile-ascii"
                              5  	;;BGNFILE code\EEPROM_PARA.c
                              6  	.text			SECTION	"ax",PROGBITS,PUBLIC
                              7  	.rodata			SECTION	"a",PROGBITS,PUBLIC
                              8  		ALIGN	4
                              9  	.MN.data		SECTION	"aw",NOBITS,PUBLIC
                              10  		ALIGN	4
                              11  	.MN.romdata		SECTION	"a",PROGBITS,PUBLIC
                              12  		ALIGN	4
                              13  	.MN.romdataend		SECTION	"a",NOBITS,PUBLIC
                              14  		ALIGN	4
                              15  	.bss			SECTION	"aw",NOBITS,PUBLIC
                              16  		ALIGN	4
                              17  	.MN.bssend		SECTION	"aw",NOBITS,PUBLIC
                              18  		ALIGN	4
                              19  	.debug_info		SECTION	"n",PROGBITS,PUBLIC
                              20  	.debug_abbrev		SECTION	"n",PROGBITS,PUBLIC
                              21  	.debug_MN_rsc		SECTION	"n",PROGBITS,PUBLIC
                              22  	.debug_line		SECTION	"n",PROGBITS,PUBLIC
                              23  	.debug_frame		SECTION	"n",PROGBITS,PUBLIC
                              24  	.debug_aranges		SECTION	"n",PROGBITS,PUBLIC
                              25  	.debug_frame		SECTION
                              26  	;; Common Information Entry(CIE)
00000000                      27  	.LFR_TOP
00000000  00000000          + 28  		DD	.LFR_C_E-.LFR_C_B	;; length
00000004                      29  	.LFR_C_B
00000004  FFFFFFFF            30  		DD	0xffffffff	;; CIE_id
00000008  01                  31  		DC	0x1	;; version
00000009  00                  32  		DC	0x0	;; augmentation
0000000a  01                  33  		DC	0x1	;; code_alignment_factor
0000000b  7C                  34  		DC	0x7c	;; data_alignment_factor
0000000c  0A                  35  		DC	0xa	;; return_address_register
                              36  		;; initial_instructions
0000000d  0C0900              37  		DC	0xc,0x9,0x0	;; DW_CFA_def_cfa(SP,0)
00000010  8A00                38  		DC	0x8a,0x0	;; DW_CFA_offset(RET,0)
00000012  0700                39  		DC	0x7,0x0	;; DW_CFA_undefined(D0)
00000014  0701                40  		DC	0x7,0x1	;; DW_CFA_undefined(D1)
00000016  0802                41  		DC	0x8,0x2	;; DW_CFA_same_value(D2)
00000018  0803                42  		DC	0x8,0x3	;; DW_CFA_same_value(D3)
0000001a  0704                43  		DC	0x7,0x4	;; DW_CFA_undefined(A0)
0000001c  0705                44  		DC	0x7,0x5	;; DW_CFA_undefined(A1)
0000001e  0806                45  		DC	0x8,0x6	;; DW_CFA_same_value(A2)
00000020  0807                46  		DC	0x8,0x7	;; DW_CFA_same_value(A3)
00000022  0809                47  		DC	0x8,0x9	;; DW_CFA_same_value(SP)
00000024                      48  	.LFR_C_E
                              49  	;; End of Common Information Entry
                              50  	.text		SECTION
00000000                      51  	.LPC_TOP
                              52  	.rodata		SECTION
                              53  		ALIGN	2
                              54  		GLOBAL	_EEPROM_InitData
00000000  0000                55  	_EEPROM_InitData	DW	0x0
00000002  0200                56  		DW	0x2
00000004  0000                57  		DW	0x0
00000006  0100                58  		DW	0x1
00000008  0000                59  		DW	0x0
0000000a  0100                60  		DW	0x1
0000000c  0100                61  		DW	0x1
0000000e  0000                62  		DW	0x0
00000010  0100                63  		DW	0x1
00000012  0000                64  		DW	0x0
00000014  D007                65  		DW	0x7d0
00000016  3075                66  		DW	0x7530
00000018  0000                67  		DW	0x0
0000001a  6400                68  		DW	0x64
0000001c  0200                69  		DW	0x2
0000001e  0000                70  		DW	0x0
00000020  0100                71  		DW	0x1
00000022  0000                72  		DW	0x0
00000024  0100                73  		DW	0x1
00000026  0000                74  		DW	0x0
00000028  9600                75  		DW	0x96
0000002a  7017                76  		DW	0x1770
0000002c  0100                77  		DW	0x1
0000002e  0100                78  		DW	0x1
00000030  0100                79  		DW	0x1
00000032  9600                80  		DW	0x96
00000034  7017                81  		DW	0x1770
00000036  0100                82  		DW	0x1
00000038  0100                83  		DW	0x1
0000003a  0100                84  		DW	0x1
0000003c  E803                85  		DW	0x3e8
0000003e  3075                86  		DW	0x7530
00000040  0000                87  		DW	0x0
00000042  0A00                88  		DW	0xa
00000044  0200                89  		DW	0x2
00000046  983A                90  		DW	0x3a98
00000048  983A                91  		DW	0x3a98
0000004a  0000                92  		DW	0x0
0000004c  0A00                93  		DW	0xa
0000004e  0200                94  		DW	0x2
00000050  0000                95  		DW	0x0
00000052  3075                96  		DW	0x7530
00000054  0000                97  		DW	0x0
00000056  0A00                98  		DW	0xa
00000058  0200                99  		DW	0x2
0000005a  983A                100  		DW	0x3a98
0000005c  3075                101  		DW	0x7530
0000005e  0000                102  		DW	0x0
00000060  0A00                103  		DW	0xa
00000062  0200                104  		DW	0x2
00000064  0600                105  		DW	0x6
00000066  6400                106  		DW	0x64
00000068  0000                107  		DW	0x0
0000006a  0100                108  		DW	0x1
0000006c  0000                109  		DW	0x0
0000006e  1E00                110  		DW	0x1e
00000070  7017                111  		DW	0x1770
00000072  0000                112  		DW	0x0
00000074  0100                113  		DW	0x1
00000076  0000                114  		DW	0x0
00000078  3C00                115  		DW	0x3c
0000007a  5802                116  		DW	0x258
0000007c  0300                117  		DW	0x3
0000007e  0100                118  		DW	0x1
00000080  0000                119  		DW	0x0
00000082  0002                120  		DW	0x200
00000084  FF03                121  		DW	0x3ff
00000086  0000                122  		DW	0x0
00000088  0100                123  		DW	0x1
0000008a  0000                124  		DW	0x0
0000008c  3200                125  		DW	0x32
0000008e  0002                126  		DW	0x200
00000090  0000                127  		DW	0x0
00000092  0100                128  		DW	0x1
00000094  0000                129  		DW	0x0
00000096  0000                130  		DW	0x0
00000098  FF03                131  		DW	0x3ff
0000009a  0000                132  		DW	0x0
0000009c  0100                133  		DW	0x1
0000009e  0000                134  		DW	0x0
000000a0  F203                135  		DW	0x3f2
000000a2  FF03                136  		DW	0x3ff
000000a4  0000                137  		DW	0x0
000000a6  0100                138  		DW	0x1
000000a8  0000                139  		DW	0x0
000000aa  0000                140  		DW	0x0
000000ac  6400                141  		DW	0x64
000000ae  0000                142  		DW	0x0
000000b0  0100                143  		DW	0x1
000000b2  0000                144  		DW	0x0
000000b4  DC05                145  		DW	0x5dc
000000b6  D007                146  		DW	0x7d0
000000b8  0000                147  		DW	0x0
000000ba  0100                148  		DW	0x1
000000bc  0100                149  		DW	0x1
000000be  0300                150  		DW	0x3
000000c0  6400                151  		DW	0x64
000000c2  0000                152  		DW	0x0
000000c4  0100                153  		DW	0x1
000000c6  0000                154  		DW	0x0
000000c8  8403                155  		DW	0x384
000000ca  E803                156  		DW	0x3e8
000000cc  0000                157  		DW	0x0
000000ce  0100                158  		DW	0x1
000000d0  0100                159  		DW	0x1
000000d2  6400                160  		DW	0x64
000000d4  E803                161  		DW	0x3e8
000000d6  0000                162  		DW	0x0
000000d8  0A00                163  		DW	0xa
000000da  0100                164  		DW	0x1
000000dc  3200                165  		DW	0x32
000000de  B80B                166  		DW	0xbb8
000000e0  0000                167  		DW	0x0
000000e2  0100                168  		DW	0x1
000000e4  0100                169  		DW	0x1
000000e6  0000                170  		DW	0x0
000000e8  E803                171  		DW	0x3e8
000000ea  0000                172  		DW	0x0
000000ec  0A00                173  		DW	0xa
000000ee  0100                174  		DW	0x1
000000f0  1E00                175  		DW	0x1e
000000f2  B80B                176  		DW	0xbb8
000000f4  0000                177  		DW	0x0
000000f6  0100                178  		DW	0x1
000000f8  0100                179  		DW	0x1
000000fa  4C04                180  		DW	0x44c
000000fc  D007                181  		DW	0x7d0
000000fe  0000                182  		DW	0x0
00000100  0A00                183  		DW	0xa
00000102  0100                184  		DW	0x1
00000104  1E00                185  		DW	0x1e
00000106  B80B                186  		DW	0xbb8
00000108  0000                187  		DW	0x0
0000010a  0100                188  		DW	0x1
0000010c  0100                189  		DW	0x1
0000010e  4C04                190  		DW	0x44c
00000110  D007                191  		DW	0x7d0
00000112  0000                192  		DW	0x0
00000114  0A00                193  		DW	0xa
00000116  0100                194  		DW	0x1
00000118  2C01                195  		DW	0x12c
0000011a  B80B                196  		DW	0xbb8
0000011c  0000                197  		DW	0x0
0000011e  0100                198  		DW	0x1
00000120  0100                199  		DW	0x1
00000122  1004                200  		DW	0x410
00000124  D007                201  		DW	0x7d0
00000126  0000                202  		DW	0x0
00000128  0A00                203  		DW	0xa
0000012a  0100                204  		DW	0x1
0000012c  E803                205  		DW	0x3e8
0000012e  D007                206  		DW	0x7d0
00000130  0000                207  		DW	0x0
00000132  0A00                208  		DW	0xa
00000134  0100                209  		DW	0x1
00000136  0A00                210  		DW	0xa
00000138  B80B                211  		DW	0xbb8
0000013a  0000                212  		DW	0x0
0000013c  0100                213  		DW	0x1
0000013e  0100                214  		DW	0x1
00000140  9001                215  		DW	0x190
00000142  F401                216  		DW	0x1f4
00000144  0000                217  		DW	0x0
00000146  0A00                218  		DW	0xa
00000148  0200                219  		DW	0x2
0000014a  9803                220  		DW	0x398
0000014c  D007                221  		DW	0x7d0
0000014e  0000                222  		DW	0x0
00000150  0A00                223  		DW	0xa
00000152  0100                224  		DW	0x1
00000154  1E00                225  		DW	0x1e
00000156  B80B                226  		DW	0xbb8
00000158  0000                227  		DW	0x0
0000015a  0100                228  		DW	0x1
0000015c  0100                229  		DW	0x1
0000015e  8403                230  		DW	0x384
00000160  D007                231  		DW	0x7d0
00000162  0000                232  		DW	0x0
00000164  0A00                233  		DW	0xa
00000166  0100                234  		DW	0x1
00000168  0A00                235  		DW	0xa
0000016a  B80B                236  		DW	0xbb8
0000016c  0000                237  		DW	0x0
0000016e  0100                238  		DW	0x1
00000170  0100                239  		DW	0x1
00000172  5C03                240  		DW	0x35c
00000174  D007                241  		DW	0x7d0
00000176  0000                242  		DW	0x0
00000178  0A00                243  		DW	0xa
0000017a  0100                244  		DW	0x1
0000017c  1400                245  		DW	0x14
0000017e  B80B                246  		DW	0xbb8
00000180  0000                247  		DW	0x0
00000182  0100                248  		DW	0x1
00000184  0100                249  		DW	0x1
00000186  0300                250  		DW	0x3
00000188  0400                251  		DW	0x4
0000018a  0000                252  		DW	0x0
0000018c  0100                253  		DW	0x1
0000018e  0000                254  		DW	0x0
00000190  0100                255  		DW	0x1
00000192  0100                256  		DW	0x1
00000194  0000                257  		DW	0x0
00000196  0100                258  		DW	0x1
00000198  0000                259  		DW	0x0
0000019a  5F00                260  		DW	0x5f
0000019c  8C00                261  		DW	0x8c
0000019e  ECFF                262  		DW	0xffec
000001a0  0100                263  		DW	0x1
000001a2  0000                264  		DW	0x0
000001a4  0A00                265  		DW	0xa
000001a6  B80B                266  		DW	0xbb8
000001a8  0000                267  		DW	0x0
000001aa  0100                268  		DW	0x1
000001ac  0100                269  		DW	0x1
000001ae  5A00                270  		DW	0x5a
000001b0  8C00                271  		DW	0x8c
000001b2  ECFF                272  		DW	0xffec
000001b4  0100                273  		DW	0x1
000001b6  0000                274  		DW	0x0
000001b8  1E00                275  		DW	0x1e
000001ba  B80B                276  		DW	0xbb8
000001bc  0000                277  		DW	0x0
000001be  0100                278  		DW	0x1
000001c0  0100                279  		DW	0x1
000001c2  C800                280  		DW	0xc8
000001c4  401F                281  		DW	0x1f40
000001c6  0000                282  		DW	0x0
000001c8  0A00                283  		DW	0xa
000001ca  0200                284  		DW	0x2
000001cc  5500                285  		DW	0x55
000001ce  8C00                286  		DW	0x8c
000001d0  ECFF                287  		DW	0xffec
000001d2  0100                288  		DW	0x1
000001d4  0000                289  		DW	0x0
000001d6  1400                290  		DW	0x14
000001d8  B80B                291  		DW	0xbb8
000001da  0000                292  		DW	0x0
000001dc  0100                293  		DW	0x1
000001de  0100                294  		DW	0x1
000001e0  5500                295  		DW	0x55
000001e2  8C00                296  		DW	0x8c
000001e4  ECFF                297  		DW	0xffec
000001e6  0100                298  		DW	0x1
000001e8  0000                299  		DW	0x0
000001ea  1400                300  		DW	0x14
000001ec  B80B                301  		DW	0xbb8
000001ee  0000                302  		DW	0x0
000001f0  0100                303  		DW	0x1
000001f2  0100                304  		DW	0x1
000001f4  5000                305  		DW	0x50
000001f6  8C00                306  		DW	0x8c
000001f8  ECFF                307  		DW	0xffec
000001fa  0100                308  		DW	0x1
000001fc  0000                309  		DW	0x0
000001fe  1400                310  		DW	0x14
00000200  B80B                311  		DW	0xbb8
00000202  0000                312  		DW	0x0
00000204  0100                313  		DW	0x1
00000206  0100                314  		DW	0x1
00000208  0300                315  		DW	0x3
0000020a  0400                316  		DW	0x4
0000020c  0000                317  		DW	0x0
0000020e  0100                318  		DW	0x1
00000210  0000                319  		DW	0x0
00000212  9A01                320  		DW	0x19a
00000214  E803                321  		DW	0x3e8
00000216  0000                322  		DW	0x0
00000218  0100                323  		DW	0x1
0000021a  0000                324  		DW	0x0
0000021c  0300                325  		DW	0x3
0000021e  6400                326  		DW	0x64
00000220  0000                327  		DW	0x0
00000222  0100                328  		DW	0x1
00000224  0000                329  		DW	0x0
00000226  9001                330  		DW	0x190
00000228  E803                331  		DW	0x3e8
0000022a  0000                332  		DW	0x0
0000022c  0100                333  		DW	0x1
0000022e  0000                334  		DW	0x0
00000230  7801                335  		DW	0x178
00000232  E803                336  		DW	0x3e8
00000234  0000                337  		DW	0x0
00000236  0100                338  		DW	0x1
00000238  0000                339  		DW	0x0
0000023a  7F01                340  		DW	0x17f
0000023c  E803                341  		DW	0x3e8
0000023e  0000                342  		DW	0x0
00000240  0100                343  		DW	0x1
00000242  0000                344  		DW	0x0
00000244  7501                345  		DW	0x175
00000246  E803                346  		DW	0x3e8
00000248  0000                347  		DW	0x0
0000024a  0100                348  		DW	0x1
0000024c  0000                349  		DW	0x0
0000024e  C200                350  		DW	0xc2
00000250  E803                351  		DW	0x3e8
00000252  0000                352  		DW	0x0
00000254  0100                353  		DW	0x1
00000256  0000                354  		DW	0x0
00000258  DA00                355  		DW	0xda
0000025a  E803                356  		DW	0x3e8
0000025c  0000                357  		DW	0x0
0000025e  0100                358  		DW	0x1
00000260  0000                359  		DW	0x0
00000262  0100                360  		DW	0x1
00000264  0400                361  		DW	0x4
00000266  0000                362  		DW	0x0
00000268  0100                363  		DW	0x1
0000026a  0000                364  		DW	0x0
0000026c  4C04                365  		DW	0x44c
0000026e  D007                366  		DW	0x7d0
00000270  0000                367  		DW	0x0
00000272  0100                368  		DW	0x1
00000274  0000                369  		DW	0x0
00000276  6400                370  		DW	0x64
00000278  6400                371  		DW	0x64
0000027a  0000                372  		DW	0x0
0000027c  0100                373  		DW	0x1
0000027e  0000                374  		DW	0x0
00000280  7017                375  		DW	0x1770
00000282  7017                376  		DW	0x1770
00000284  0000                377  		DW	0x0
00000286  0100                378  		DW	0x1
00000288  0000                379  		DW	0x0
0000028a  E304                380  		DW	0x4e3
0000028c  0040                381  		DW	0x4000
0000028e  0000                382  		DW	0x0
00000290  0100                383  		DW	0x1
00000292  0000                384  		DW	0x0
00000294  0800                385  		DW	0x8
00000296  1000                386  		DW	0x10
00000298  0800                387  		DW	0x8
0000029a  0100                388  		DW	0x1
0000029c  0000                389  		DW	0x0
0000029e  0000                390  		DW	0x0
000002a0  E803                391  		DW	0x3e8
000002a2  0000                392  		DW	0x0
000002a4  0100                393  		DW	0x1
000002a6  0000                394  		DW	0x0
000002a8  0000                395  		DW	0x0
000002aa  FF03                396  		DW	0x3ff
000002ac  01FC                397  		DW	0xfc01
000002ae  0100                398  		DW	0x1
000002b0  0000                399  		DW	0x0
000002b2  0301                400  		DW	0x103
000002b4  0040                401  		DW	0x4000
000002b6  0000                402  		DW	0x0
000002b8  0100                403  		DW	0x1
000002ba  0000                404  		DW	0x0
000002bc  0900                405  		DW	0x9
000002be  1000                406  		DW	0x10
000002c0  0800                407  		DW	0x8
000002c2  0100                408  		DW	0x1
000002c4  0000                409  		DW	0x0
000002c6  0000                410  		DW	0x0
000002c8  E803                411  		DW	0x3e8
000002ca  0000                412  		DW	0x0
000002cc  0100                413  		DW	0x1
000002ce  0000                414  		DW	0x0
000002d0  0000                415  		DW	0x0
000002d2  FF03                416  		DW	0x3ff
000002d4  01FC                417  		DW	0xfc01
000002d6  0100                418  		DW	0x1
000002d8  0000                419  		DW	0x0
000002da  0000                420  		DW	0x0
000002dc  6400                421  		DW	0x64
000002de  9CFF                422  		DW	0xff9c
000002e0  0100                423  		DW	0x1
000002e2  0000                424  		DW	0x0
000002e4  0300                425  		DW	0x3
000002e6  6400                426  		DW	0x64
000002e8  9CFF                427  		DW	0xff9c
000002ea  0100                428  		DW	0x1
000002ec  0000                429  		DW	0x0
000002ee  0000                430  		DW	0x0
000002f0  0100                431  		DW	0x1
000002f2  0000                432  		DW	0x0
000002f4  0100                433  		DW	0x1
000002f6  0000                434  		DW	0x0
000002f8  0000                435  		DW	0x0
000002fa  FF00                436  		DW	0xff
000002fc  0000                437  		DW	0x0
000002fe  0000                438  		DW	0x0
00000300  0000                439  		DW	0x0
00000302  0000                440  		DW	0x0
00000304  FF00                441  		DW	0xff
00000306  0000                442  		DW	0x0
00000308  0000                443  		DW	0x0
0000030a  0000                444  		DW	0x0
0000030c  0000                445  		DW	0x0
0000030e  FF00                446  		DW	0xff
00000310  0000                447  		DW	0x0
00000312  0000                448  		DW	0x0
00000314  0000                449  		DW	0x0
00000316  0000                450  		DW	0x0
00000318  FF00                451  		DW	0xff
0000031a  0000                452  		DW	0x0
0000031c  0000                453  		DW	0x0
0000031e  0000                454  		DW	0x0
00000320  0000                455  		DW	0x0
00000322  FF00                456  		DW	0xff
00000324  0000                457  		DW	0x0
00000326  0000                458  		DW	0x0
00000328  0000                459  		DW	0x0
0000032a  0000                460  		DW	0x0
0000032c  0100                461  		DW	0x1
0000032e  0000                462  		DW	0x0
00000330  0100                463  		DW	0x1
00000332  0000                464  		DW	0x0
00000334  0100                465  		DW	0x1
00000336  0100                466  		DW	0x1
00000338  0000                467  		DW	0x0
0000033a  0100                468  		DW	0x1
0000033c  0000                469  		DW	0x0
0000033e  3700                470  		DW	0x37
00000340  9600                471  		DW	0x96
00000342  1400                472  		DW	0x14
00000344  0100                473  		DW	0x1
00000346  0100                474  		DW	0x1
00000348  1E00                475  		DW	0x1e
0000034a  9600                476  		DW	0x96
0000034c  0000                477  		DW	0x0
0000034e  0100                478  		DW	0x1
00000350  0100                479  		DW	0x1
00000352  0F00                480  		DW	0xf
00000354  9600                481  		DW	0x96
00000356  0A00                482  		DW	0xa
00000358  0100                483  		DW	0x1
0000035a  0100                484  		DW	0x1
0000035c  0000                485  		DW	0x0
0000035e  9600                486  		DW	0x96
00000360  0000                487  		DW	0x0
00000362  0100                488  		DW	0x1
00000364  0100                489  		DW	0x1
00000366  2800                490  		DW	0x28
00000368  9600                491  		DW	0x96
0000036a  0000                492  		DW	0x0
0000036c  0100                493  		DW	0x1
0000036e  0100                494  		DW	0x1
00000370  0500                495  		DW	0x5
00000372  9600                496  		DW	0x96
00000374  0000                497  		DW	0x0
00000376  0100                498  		DW	0x1
00000378  0100                499  		DW	0x1
0000037a  9808                500  		DW	0x898
0000037c  1027                501  		DW	0x2710
0000037e  3200                502  		DW	0x32
00000380  0100                503  		DW	0x1
00000382  0100                504  		DW	0x1
00000384  6400                505  		DW	0x64
00000386  B80B                506  		DW	0xbb8
00000388  0000                507  		DW	0x0
0000038a  0100                508  		DW	0x1
0000038c  0000                509  		DW	0x0
0000038e  C801                510  		DW	0x1c8
00000390  3075                511  		DW	0x7530
00000392  0000                512  		DW	0x0
00000394  0100                513  		DW	0x1
00000396  0000                514  		DW	0x0
00000398  2600                515  		DW	0x26
0000039a  3075                516  		DW	0x7530
0000039c  0000                517  		DW	0x0
0000039e  0100                518  		DW	0x1
000003a0  0000                519  		DW	0x0
000003a2  0A00                520  		DW	0xa
000003a4  A00F                521  		DW	0xfa0
000003a6  0000                522  		DW	0x0
000003a8  0100                523  		DW	0x1
000003aa  0100                524  		DW	0x1
000003ac  9808                525  		DW	0x898
000003ae  A00F                526  		DW	0xfa0
000003b0  BC02                527  		DW	0x2bc
000003b2  0A00                528  		DW	0xa
000003b4  0100                529  		DW	0x1
000003b6  E803                530  		DW	0x3e8
000003b8  401F                531  		DW	0x1f40
000003ba  F401                532  		DW	0x1f4
000003bc  6400                533  		DW	0x64
000003be  0200                534  		DW	0x2
000003c0  2C01                535  		DW	0x12c
000003c2  0807                536  		DW	0x708
000003c4  0000                537  		DW	0x0
000003c6  0A00                538  		DW	0xa
000003c8  0100                539  		DW	0x1
000003ca  4402                540  		DW	0x244
000003cc  B004                541  		DW	0x4b0
000003ce  0000                542  		DW	0x0
000003d0  0100                543  		DW	0x1
000003d2  0100                544  		DW	0x1
000003d4  0400                545  		DW	0x4
000003d6  6400                546  		DW	0x64
000003d8  0000                547  		DW	0x0
000003da  0100                548  		DW	0x1
000003dc  0000                549  		DW	0x0
000003de  0000                550  		DW	0x0
000003e0  6400                551  		DW	0x64
000003e2  0000                552  		DW	0x0
000003e4  0100                553  		DW	0x1
000003e6  0000                554  		DW	0x0
000003e8  0000                555  		DW	0x0
000003ea  6400                556  		DW	0x64
000003ec  0000                557  		DW	0x0
000003ee  0100                558  		DW	0x1
000003f0  0000                559  		DW	0x0
000003f2  0000                560  		DW	0x0
000003f4  6400                561  		DW	0x64
000003f6  0000                562  		DW	0x0
000003f8  0100                563  		DW	0x1
000003fa  0000                564  		DW	0x0
000003fc  0000                565  		DW	0x0
000003fe  6400                566  		DW	0x64
00000400  0000                567  		DW	0x0
00000402  0100                568  		DW	0x1
00000404  0000                569  		DW	0x0
00000406  0807                570  		DW	0x708
00000408  3075                571  		DW	0x7530
0000040a  0000                572  		DW	0x0
0000040c  0100                573  		DW	0x1
0000040e  0000                574  		DW	0x0
00000410  E40C                575  		DW	0xce4
00000412  3075                576  		DW	0x7530
00000414  0000                577  		DW	0x0
00000416  0A00                578  		DW	0xa
00000418  0100                579  		DW	0x1
0000041a  E40C                580  		DW	0xce4
0000041c  3075                581  		DW	0x7530
0000041e  0000                582  		DW	0x0
00000420  0A00                583  		DW	0xa
00000422  0100                584  		DW	0x1
00000424  0000                585  		DW	0x0
00000426  0300                586  		DW	0x3
00000428  0000                587  		DW	0x0
0000042a  0100                588  		DW	0x1
0000042c  0000                589  		DW	0x0
0000042e  0000                590  		DW	0x0
00000430  FF00                591  		DW	0xff
00000432  0000                592  		DW	0x0
00000434  0000                593  		DW	0x0
00000436  0000                594  		DW	0x0
00000438  0000                595  		DW	0x0
0000043a  E703                596  		DW	0x3e7
0000043c  0000                597  		DW	0x0
0000043e  0000                598  		DW	0x0
00000440  0200                599  		DW	0x2
00000442  1F0C                600  		DW	0xc1f
00000444  1F4E                601  		DW	0x4e1f
00000446  0000                602  		DW	0x0
00000448  0000                603  		DW	0x0
0000044a  0200                604  		DW	0x2
0000044c  AA55                605  		DW	0x55aa
0000044e  AA55                606  		DW	0x55aa
00000450  AA55                607  		DW	0x55aa
00000452  0000                608  		DW	0x0
00000454  0000                609  		DW	0x0
                              610  		OBJECT	_EEPROM_InitData,0x456
                              611  		ALIGN	2
                              612  		GLOBAL	_App_index
00000456  0400                613  	_App_index	DW	0x4
00000458  0500                614  		DW	0x5
0000045a  0600                615  		DW	0x6
0000045c  0700                616  		DW	0x7
0000045e  0800                617  		DW	0x8
00000460  0900                618  		DW	0x9
00000462  0A00                619  		DW	0xa
00000464  0B00                620  		DW	0xb
00000466  1400                621  		DW	0x14
00000468  2900                622  		DW	0x29
0000046a  2B00                623  		DW	0x2b
0000046c  2E00                624  		DW	0x2e
0000046e  3000                625  		DW	0x30
00000470  3200                626  		DW	0x32
00000472  3E00                627  		DW	0x3e
00000474  5100                628  		DW	0x51
00000476  5300                629  		DW	0x53
00000478  5A00                630  		DW	0x5a
0000047a  5B00                631  		DW	0x5b
0000047c  5C00                632  		DW	0x5c
0000047e  5D00                633  		DW	0x5d
00000480  5E00                634  		DW	0x5e
00000482  5F00                635  		DW	0x5f
00000484  6000                636  		DW	0x60
00000486  6100                637  		DW	0x61
00000488  6200                638  		DW	0x62
0000048a  6300                639  		DW	0x63
0000048c  6400                640  		DW	0x64
0000048e  6500                641  		DW	0x65
00000490  6600                642  		DW	0x66
00000492  6700                643  		DW	0x67
00000494  6800                644  		DW	0x68
00000496  6900                645  		DW	0x69
                              646  		OBJECT	_App_index,0x42
                              647  		ALIGN	2
                              648  		GLOBAL	_App_para
00000498  9600                649  	_App_para	DW	0x96
0000049a  9600                650  		DW	0x96
0000049c  E803                651  		DW	0x3e8
0000049e  983A                652  		DW	0x3a98
000004a0  0000                653  		DW	0x0
000004a2  983A                654  		DW	0x3a98
000004a4  0600                655  		DW	0x6
000004a6  1E00                656  		DW	0x1e
000004a8  8403                657  		DW	0x384
000004aa  5F00                658  		DW	0x5f
000004ac  5A00                659  		DW	0x5a
000004ae  5500                660  		DW	0x55
000004b0  5500                661  		DW	0x55
000004b2  5000                662  		DW	0x50
000004b4  4C04                663  		DW	0x44c
000004b6  0000                664  		DW	0x0
000004b8  3700                665  		DW	0x37
000004ba  6400                666  		DW	0x64
000004bc  C801                667  		DW	0x1c8
000004be  2600                668  		DW	0x26
000004c0  0A00                669  		DW	0xa
000004c2  9808                670  		DW	0x898
000004c4  E803                671  		DW	0x3e8
000004c6  2C01                672  		DW	0x12c
000004c8  4402                673  		DW	0x244
000004ca  0400                674  		DW	0x4
000004cc  0000                675  		DW	0x0
000004ce  0000                676  		DW	0x0
000004d0  0000                677  		DW	0x0
000004d2  0000                678  		DW	0x0
000004d4  0807                679  		DW	0x708
000004d6  E40C                680  		DW	0xce4
000004d8  E40C                681  		DW	0xce4
000004da  9600                682  		DW	0x96
000004dc  9600                683  		DW	0x96
000004de  E803                684  		DW	0x3e8
000004e0  983A                685  		DW	0x3a98
000004e2  0000                686  		DW	0x0
000004e4  983A                687  		DW	0x3a98
000004e6  0600                688  		DW	0x6
000004e8  1E00                689  		DW	0x1e
000004ea  8403                690  		DW	0x384
000004ec  5F00                691  		DW	0x5f
000004ee  5A00                692  		DW	0x5a
000004f0  5500                693  		DW	0x55
000004f2  5500                694  		DW	0x55
000004f4  5000                695  		DW	0x50
000004f6  4C04                696  		DW	0x44c
000004f8  0000                697  		DW	0x0
000004fa  3700                698  		DW	0x37
000004fc  6400                699  		DW	0x64
000004fe  C801                700  		DW	0x1c8
00000500  2600                701  		DW	0x26
00000502  0A00                702  		DW	0xa
00000504  9808                703  		DW	0x898
00000506  E803                704  		DW	0x3e8
00000508  2C01                705  		DW	0x12c
0000050a  4402                706  		DW	0x244
0000050c  0400                707  		DW	0x4
0000050e  0000                708  		DW	0x0
00000510  0000                709  		DW	0x0
00000512  0000                710  		DW	0x0
00000514  0000                711  		DW	0x0
00000516  0807                712  		DW	0x708
00000518  E40C                713  		DW	0xce4
0000051a  E40C                714  		DW	0xce4
                              715  		OBJECT	_App_para,0x84
                              716  	.bss		SECTION
                              717  		ALIGN	2
                              718  		GLOBAL	_ram_para
00000000                      719  	_ram_para	DS	222
                              720  		OBJECT	_ram_para,0xde
                              721  	.text		SECTION
00000000                      722  	.LPC_END
                              723  	.debug_abbrev		SECTION
                              724  	;; Abbreviation Tables
00000000                      725  	.LAB_TOP
                              726  		;; decl 1
00000000  01                  727  		DC	0x1	;; abbrev_code
00000001  11                  728  		DC	0x11	;; DW_TAG_compile_unit
00000002  01                  729  		DC	0x1	;; DW_CHILDREN_yes
00000003  0308                730  		DC	0x3,0x8	;; DW_AT_name, DW_FORM_string
00000005  1305                731  		DC	0x13,0x5	;; DW_AT_language, DW_FORM_data2
00000007  1B08                732  		DC	0x1b,0x8	;; DW_AT_comp_dir, DW_FORM_string
00000009  2508                733  		DC	0x25,0x8	;; DW_AT_producer, DW_FORM_string
0000000b  420B                734  		DC	0x42,0xb	;; DW_AT_identifier_case, DW_FORM_data1
0000000d  00                  735  		DC	0x0
0000000e  00                  736  		DC	0x0
                              737  		;; decl 2
0000000f  02                  738  		DC	0x2	;; abbrev_code
00000010  24                  739  		DC	0x24	;; DW_TAG_base_type
00000011  00                  740  		DC	0x0	;; DW_CHILDREN_no
00000012  0308                741  		DC	0x3,0x8	;; DW_AT_name, DW_FORM_string
00000014  0B0F                742  		DC	0xb,0xf	;; DW_AT_byte_size, DW_FORM_udata
00000016  3E05                743  		DC	0x3e,0x5	;; DW_AT_encoding, DW_FORM_data2
00000018  00                  744  		DC	0x0
00000019  00                  745  		DC	0x0
                              746  		;; decl 3
0000001a  03                  747  		DC	0x3	;; abbrev_code
0000001b  26                  748  		DC	0x26	;; DW_TAG_const_type
0000001c  00                  749  		DC	0x0	;; DW_CHILDREN_no
0000001d  4913                750  		DC	0x49,0x13	;; DW_AT_type, DW_FORM_ref4
0000001f  00                  751  		DC	0x0
00000020  00                  752  		DC	0x0
                              753  		;; decl 4
00000021  04                  754  		DC	0x4	;; abbrev_code
00000022  01                  755  		DC	0x1	;; DW_TAG_array_type
00000023  01                  756  		DC	0x1	;; DW_CHILDREN_yes
00000024  090B                757  		DC	0x9,0xb	;; DW_AT_ordering, DW_FORM_data1
00000026  4913                758  		DC	0x49,0x13	;; DW_AT_type, DW_FORM_ref4
00000028  00                  759  		DC	0x0
00000029  00                  760  		DC	0x0
                              761  		;; decl 5
0000002a  05                  762  		DC	0x5	;; abbrev_code
0000002b  21                  763  		DC	0x21	;; DW_TAG_subrange_type
0000002c  00                  764  		DC	0x0	;; DW_CHILDREN_no
0000002d  0B0F                765  		DC	0xb,0xf	;; DW_AT_byte_size, DW_FORM_udata
0000002f  2F0F                766  		DC	0x2f,0xf	;; DW_AT_upper_bound, DW_FORM_udata
00000031  00                  767  		DC	0x0
00000032  00                  768  		DC	0x0
                              769  		;; decl 6
00000033  06                  770  		DC	0x6	;; abbrev_code
00000034  16                  771  		DC	0x16	;; DW_TAG_typedef
00000035  00                  772  		DC	0x0	;; DW_CHILDREN_no
00000036  0308                773  		DC	0x3,0x8	;; DW_AT_name, DW_FORM_string
00000038  4913                774  		DC	0x49,0x13	;; DW_AT_type, DW_FORM_ref4
0000003a  00                  775  		DC	0x0
0000003b  00                  776  		DC	0x0
                              777  		;; decl 7
0000003c  07                  778  		DC	0x7	;; abbrev_code
0000003d  13                  779  		DC	0x13	;; DW_TAG_structure_type
0000003e  01                  780  		DC	0x1	;; DW_CHILDREN_yes
0000003f  0B0F                781  		DC	0xb,0xf	;; DW_AT_byte_size, DW_FORM_udata
00000041  00                  782  		DC	0x0
00000042  00                  783  		DC	0x0
                              784  		;; decl 8
00000043  08                  785  		DC	0x8	;; abbrev_code
00000044  0D                  786  		DC	0xd	;; DW_TAG_member
00000045  00                  787  		DC	0x0	;; DW_CHILDREN_no
00000046  0308                788  		DC	0x3,0x8	;; DW_AT_name, DW_FORM_string
00000048  3809                789  		DC	0x38,0x9	;; DW_AT_data_member_location, DW_FORM_block
0000004a  4913                790  		DC	0x49,0x13	;; DW_AT_type, DW_FORM_ref4
0000004c  00                  791  		DC	0x0
0000004d  00                  792  		DC	0x0
                              793  		;; decl 9
0000004e  09                  794  		DC	0x9	;; abbrev_code
0000004f  17                  795  		DC	0x17	;; DW_TAG_union_type
00000050  01                  796  		DC	0x1	;; DW_CHILDREN_yes
00000051  0B0F                797  		DC	0xb,0xf	;; DW_AT_byte_size, DW_FORM_udata
00000053  00                  798  		DC	0x0
00000054  00                  799  		DC	0x0
                              800  		;; decl 10
00000055  0A                  801  		DC	0xa	;; abbrev_code
00000056  0D                  802  		DC	0xd	;; DW_TAG_member
00000057  00                  803  		DC	0x0	;; DW_CHILDREN_no
00000058  0308                804  		DC	0x3,0x8	;; DW_AT_name, DW_FORM_string
0000005a  0B0F                805  		DC	0xb,0xf	;; DW_AT_byte_size, DW_FORM_udata
0000005c  0C0F                806  		DC	0xc,0xf	;; DW_AT_bit_offset, DW_FORM_udata
0000005e  0D0F                807  		DC	0xd,0xf	;; DW_AT_bit_size, DW_FORM_udata
00000060  3809                808  		DC	0x38,0x9	;; DW_AT_data_member_location, DW_FORM_block
00000062  4913                809  		DC	0x49,0x13	;; DW_AT_type, DW_FORM_ref4
00000064  00                  810  		DC	0x0
00000065  00                  811  		DC	0x0
                              812  		;; decl 11
00000066  0B                  813  		DC	0xb	;; abbrev_code
00000067  34                  814  		DC	0x34	;; DW_TAG_variable
00000068  00                  815  		DC	0x0	;; DW_CHILDREN_no
00000069  0209                816  		DC	0x2,0x9	;; DW_AT_location, DW_FORM_block
0000006b  0308                817  		DC	0x3,0x8	;; DW_AT_name, DW_FORM_string
0000006d  3F0C                818  		DC	0x3f,0xc	;; DW_AT_external, DW_FORM_flag
0000006f  4913                819  		DC	0x49,0x13	;; DW_AT_type, DW_FORM_ref4
00000071  00                  820  		DC	0x0
00000072  00                  821  		DC	0x0
                              822  		;; end
00000073  00                  823  		DC	0x0
                              824  	;; End of Abbreviation Tables
                              825  	.debug_info		SECTION
                              826  	;; Debugging Information Entries
00000000                      827  	.LI_TOP
                              828  	;; header
00000000  00000000          + 829  		DD	.LI_E-.LI_B	;; length
00000004                      830  	.LI_B
00000004  0200                831  		DW	0x2	;; version
00000006  00000000          + 832  		DD	.LAB_TOP	;; abbrev_table
0000000a  04                  833  		DC	0x4	;; address_width
                              834  	;; entry 1
0000000b  01                  835  		DC	0x1	;; abbrev_code
0000000c  636F64655C454550    836  		DC	"code\\EEPROM_PARA.c",0x0	;; DW_AT_name
00000014  524F4D5F50415241    836  	
0000001c  2E6300              836  	
0000001f  0100                837  		DW	0x1	;; DW_AT_language
00000021  463A5C576F726B20    838  		DC	"F:\\Work Projects\\MotorDrive\\1000W_MotorDrive\\SoftWare\\1000W",0x0	;; DW_AT_comp_dir
00000029  50726F6A65637473    838  	
00000031  5C4D6F746F724472    838  	
00000039  6976655C31303030    838  	
00000041  575F4D6F746F7244    838  	
00000049  726976655C536F66    838  	
00000051  74576172655C3130    838  	
00000059  30305700            838  	
0000005d  4D4E313033532053    839  		DC	"MN103S Series C Compiler Windows V5.4R1 Nov 30 2011",0x0	;; DW_AT_producer
00000065  6572696573204320    839  	
0000006d  436F6D70696C6572    839  	
00000075  2057696E646F7773    839  	
0000007d  2056352E34523120    839  	
00000085  4E6F762033302032    839  	
0000008d  30313100            839  	
00000091  00                  840  		DC	0x0	;; DW_AT_identifier_case
                              841  	;; entry 2
00000092                      842  	.LDW10
00000092  02                  843  		DC	0x2	;; abbrev_code
00000093  646F75626C6500      844  		DC	"double",0x0	;; DW_AT_name
0000009a  08                  845  		DC	0x8	;; DW_AT_byte_size
0000009b  0400                846  		DW	0x4	;; DW_AT_encoding
                              847  	;; entry 3
0000009d                      848  	.LDW9
0000009d  02                  849  		DC	0x2	;; abbrev_code
0000009e  666C6F617400        850  		DC	"float",0x0	;; DW_AT_name
000000a4  04                  851  		DC	0x4	;; DW_AT_byte_size
000000a5  0400                852  		DW	0x4	;; DW_AT_encoding
                              853  	;; entry 4
000000a7                      854  	.LDW8
000000a7  02                  855  		DC	0x2	;; abbrev_code
000000a8  6C6F6E67206C6F6E    856  		DC	"long long",0x0	;; DW_AT_name
000000b0  6700                856  	
000000b2  08                  857  		DC	0x8	;; DW_AT_byte_size
000000b3  0700                858  		DW	0x7	;; DW_AT_encoding
                              859  	;; entry 5
000000b5                      860  	.LDW7
000000b5  02                  861  		DC	0x2	;; abbrev_code
000000b6  6C6F6E6700          862  		DC	"long",0x0	;; DW_AT_name
000000bb  04                  863  		DC	0x4	;; DW_AT_byte_size
000000bc  0700                864  		DW	0x7	;; DW_AT_encoding
                              865  	;; entry 6
000000be                      866  	.LDW6
000000be  02                  867  		DC	0x2	;; abbrev_code
000000bf  73686F727400        868  		DC	"short",0x0	;; DW_AT_name
000000c5  02                  869  		DC	0x2	;; DW_AT_byte_size
000000c6  0700                870  		DW	0x7	;; DW_AT_encoding
                              871  	;; entry 7
000000c8                      872  	.LDW28
000000c8  03                  873  		DC	0x3	;; abbrev_code
000000c9  00000000          + 874  		DD	.LDW6-.LI_TOP	;; DW_AT_type
                              875  	;; entry 8
000000cd                      876  	.LDW29
000000cd  04                  877  		DC	0x4	;; abbrev_code
000000ce  00                  878  		DC	0x0	;; DW_AT_ordering
000000cf  00000000          + 879  		DD	.LDW28-.LI_TOP	;; DW_AT_type
                              880  	;; entry 9
000000d3  05                  881  		DC	0x5	;; abbrev_code
000000d4  02                  882  		DC	0x2	;; DW_AT_byte_size
000000d5  20                  883  		DC	0x20	;; DW_AT_upper_bound
                              884  	;; NULL ENTRY 10
000000d6  00                  885  		DC	0x0
                              886  	;; entry 11
000000d7                      887  	.LDW5
000000d7  02                  888  		DC	0x2	;; abbrev_code
000000d8  6368617200          889  		DC	"char",0x0	;; DW_AT_name
000000dd  01                  890  		DC	0x1	;; DW_AT_byte_size
000000de  0800                891  		DW	0x8	;; DW_AT_encoding
                              892  	;; entry 12
000000e0                      893  	.LDW4
000000e0  02                  894  		DC	0x2	;; abbrev_code
000000e1  6C6F6E67206C6F6E    895  		DC	"long long",0x0	;; DW_AT_name
000000e9  6700                895  	
000000eb  08                  896  		DC	0x8	;; DW_AT_byte_size
000000ec  0500                897  		DW	0x5	;; DW_AT_encoding
                              898  	;; entry 13
000000ee                      899  	.LDW3
000000ee  02                  900  		DC	0x2	;; abbrev_code
000000ef  6C6F6E6700          901  		DC	"long",0x0	;; DW_AT_name
000000f4  04                  902  		DC	0x4	;; DW_AT_byte_size
000000f5  0500                903  		DW	0x5	;; DW_AT_encoding
                              904  	;; entry 14
000000f7                      905  	.LDW2
000000f7  02                  906  		DC	0x2	;; abbrev_code
000000f8  73686F727400        907  		DC	"short",0x0	;; DW_AT_name
000000fe  02                  908  		DC	0x2	;; DW_AT_byte_size
000000ff  0500                909  		DW	0x5	;; DW_AT_encoding
                              910  	;; entry 15
00000101                      911  	.LDW27
00000101  04                  912  		DC	0x4	;; abbrev_code
00000102  00                  913  		DC	0x0	;; DW_AT_ordering
00000103  00000000          + 914  		DD	.LDW2-.LI_TOP	;; DW_AT_type
                              915  	;; entry 16
00000107  05                  916  		DC	0x5	;; abbrev_code
00000108  02                  917  		DC	0x2	;; DW_AT_byte_size
00000109  6E                  918  		DC	0x6e	;; DW_AT_upper_bound
                              919  	;; NULL ENTRY 17
0000010a  00                  920  		DC	0x0
                              921  	;; entry 18
0000010b                      922  	.LDW25
0000010b  03                  923  		DC	0x3	;; abbrev_code
0000010c  00000000          + 924  		DD	.LDW2-.LI_TOP	;; DW_AT_type
                              925  	;; entry 19
00000110                      926  	.LDW30
00000110  04                  927  		DC	0x4	;; abbrev_code
00000111  00                  928  		DC	0x0	;; DW_AT_ordering
00000112  00000000          + 929  		DD	.LDW25-.LI_TOP	;; DW_AT_type
                              930  	;; entry 20
00000116  05                  931  		DC	0x5	;; abbrev_code
00000117  02                  932  		DC	0x2	;; DW_AT_byte_size
00000118  01                  933  		DC	0x1	;; DW_AT_upper_bound
                              934  	;; entry 21
00000119  05                  935  		DC	0x5	;; abbrev_code
0000011a  02                  936  		DC	0x2	;; DW_AT_byte_size
0000011b  20                  937  		DC	0x20	;; DW_AT_upper_bound
                              938  	;; NULL ENTRY 22
0000011c  00                  939  		DC	0x0
                              940  	;; entry 23
0000011d                      941  	.LDW26
0000011d  04                  942  		DC	0x4	;; abbrev_code
0000011e  00                  943  		DC	0x0	;; DW_AT_ordering
0000011f  00000000          + 944  		DD	.LDW25-.LI_TOP	;; DW_AT_type
                              945  	;; entry 24
00000123  05                  946  		DC	0x5	;; abbrev_code
00000124  02                  947  		DC	0x2	;; DW_AT_byte_size
00000125  6E                  948  		DC	0x6e	;; DW_AT_upper_bound
                              949  	;; entry 25
00000126  05                  950  		DC	0x5	;; abbrev_code
00000127  02                  951  		DC	0x2	;; DW_AT_byte_size
00000128  04                  952  		DC	0x4	;; DW_AT_upper_bound
                              953  	;; NULL ENTRY 26
00000129  00                  954  		DC	0x0
                              955  	;; entry 27
0000012a                      956  	.LDW1
0000012a  02                  957  		DC	0x2	;; abbrev_code
0000012b  6368617200          958  		DC	"char",0x0	;; DW_AT_name
00000130  01                  959  		DC	0x1	;; DW_AT_byte_size
00000131  0600                960  		DW	0x6	;; DW_AT_encoding
                              961  	;; entry 28
00000133  06                  962  		DC	0x6	;; abbrev_code
00000134  636861725F7400      963  		DC	"char_t",0x0	;; DW_AT_name
0000013b  00000000          + 964  		DD	.LDW1-.LI_TOP	;; DW_AT_type
                              965  	;; entry 29
0000013f  06                  966  		DC	0x6	;; abbrev_code
00000140  696E74385F7400      967  		DC	"int8_t",0x0	;; DW_AT_name
00000147  00000000          + 968  		DD	.LDW1-.LI_TOP	;; DW_AT_type
                              969  	;; entry 30
0000014b  06                  970  		DC	0x6	;; abbrev_code
0000014c  696E7431365F7400    971  		DC	"int16_t",0x0	;; DW_AT_name
00000154  00000000          + 972  		DD	.LDW2-.LI_TOP	;; DW_AT_type
                              973  	;; entry 31
00000158  06                  974  		DC	0x6	;; abbrev_code
00000159  696E7433325F7400    975  		DC	"int32_t",0x0	;; DW_AT_name
00000161  00000000          + 976  		DD	.LDW3-.LI_TOP	;; DW_AT_type
                              977  	;; entry 32
00000165  06                  978  		DC	0x6	;; abbrev_code
00000166  696E7436345F7400    979  		DC	"int64_t",0x0	;; DW_AT_name
0000016e  00000000          + 980  		DD	.LDW4-.LI_TOP	;; DW_AT_type
                              981  	;; entry 33
00000172  06                  982  		DC	0x6	;; abbrev_code
00000173  75696E74385F7400    983  		DC	"uint8_t",0x0	;; DW_AT_name
0000017b  00000000          + 984  		DD	.LDW5-.LI_TOP	;; DW_AT_type
                              985  	;; entry 34
0000017f  06                  986  		DC	0x6	;; abbrev_code
00000180  75696E7431365F74    987  		DC	"uint16_t",0x0	;; DW_AT_name
00000188  00                  987  	
00000189  00000000          + 988  		DD	.LDW6-.LI_TOP	;; DW_AT_type
                              989  	;; entry 35
0000018d  06                  990  		DC	0x6	;; abbrev_code
0000018e  75696E7433325F74    991  		DC	"uint32_t",0x0	;; DW_AT_name
00000196  00                  991  	
00000197  00000000          + 992  		DD	.LDW7-.LI_TOP	;; DW_AT_type
                              993  	;; entry 36
0000019b  06                  994  		DC	0x6	;; abbrev_code
0000019c  75696E7436345F74    995  		DC	"uint64_t",0x0	;; DW_AT_name
000001a4  00                  995  	
000001a5  00000000          + 996  		DD	.LDW8-.LI_TOP	;; DW_AT_type
                              997  	;; entry 37
000001a9  06                  998  		DC	0x6	;; abbrev_code
000001aa  666C6F617433325F    999  		DC	"float32_t",0x0	;; DW_AT_name
000001b2  7400                999  	
000001b4  00000000          + 1000  		DD	.LDW9-.LI_TOP	;; DW_AT_type
                              1001  	;; entry 38
000001b8  06                  1002  		DC	0x6	;; abbrev_code
000001b9  666C6F617436345F    1003  		DC	"float64_t",0x0	;; DW_AT_name
000001c1  7400                1003  	
000001c3  00000000          + 1004  		DD	.LDW10-.LI_TOP	;; DW_AT_type
                              1005  	;; entry 39
000001c7                      1006  	.LDW11
000001c7  07                  1007  		DC	0x7	;; abbrev_code
000001c8  08                  1008  		DC	0x8	;; DW_AT_byte_size
                              1009  	;; entry 40
000001c9  08                  1010  		DC	0x8	;; abbrev_code
000001ca  6C6F7700            1011  		DC	"low",0x0	;; DW_AT_name
                              1012  				;; DW_AT_data_member_location
000001ce  02                  1013  		DC	0x2	;;   size of loc_exp
000001cf  23                  1014  		DC	0x23	;;   DW_OP_plus_uconst
000001d0  00                  1015  		DC	0x0	;;     operand
000001d1  00000000          + 1016  		DD	.LDW3-.LI_TOP	;; DW_AT_type
                              1017  	;; entry 41
000001d5  08                  1018  		DC	0x8	;; abbrev_code
000001d6  6869676800          1019  		DC	"high",0x0	;; DW_AT_name
                              1020  				;; DW_AT_data_member_location
000001db  02                  1021  		DC	0x2	;;   size of loc_exp
000001dc  23                  1022  		DC	0x23	;;   DW_OP_plus_uconst
000001dd  04                  1023  		DC	0x4	;;     operand
000001de  00000000          + 1024  		DD	.LDW3-.LI_TOP	;; DW_AT_type
                              1025  	;; NULL ENTRY 42
000001e2  00                  1026  		DC	0x0
                              1027  	;; entry 43
000001e3                      1028  	.LDW12
000001e3  07                  1029  		DC	0x7	;; abbrev_code
000001e4  08                  1030  		DC	0x8	;; DW_AT_byte_size
                              1031  	;; entry 44
000001e5  08                  1032  		DC	0x8	;; abbrev_code
000001e6  6C6F7700            1033  		DC	"low",0x0	;; DW_AT_name
                              1034  				;; DW_AT_data_member_location
000001ea  02                  1035  		DC	0x2	;;   size of loc_exp
000001eb  23                  1036  		DC	0x23	;;   DW_OP_plus_uconst
000001ec  00                  1037  		DC	0x0	;;     operand
000001ed  00000000          + 1038  		DD	.LDW7-.LI_TOP	;; DW_AT_type
                              1039  	;; entry 45
000001f1  08                  1040  		DC	0x8	;; abbrev_code
000001f2  6869676800          1041  		DC	"high",0x0	;; DW_AT_name
                              1042  				;; DW_AT_data_member_location
000001f7  02                  1043  		DC	0x2	;;   size of loc_exp
000001f8  23                  1044  		DC	0x23	;;   DW_OP_plus_uconst
000001f9  04                  1045  		DC	0x4	;;     operand
000001fa  00000000          + 1046  		DD	.LDW7-.LI_TOP	;; DW_AT_type
                              1047  	;; NULL ENTRY 46
000001fe  00                  1048  		DC	0x0
                              1049  	;; entry 47
000001ff                      1050  	.LDW13
000001ff  09                  1051  		DC	0x9	;; abbrev_code
00000200  08                  1052  		DC	0x8	;; DW_AT_byte_size
                              1053  	;; entry 48
00000201  08                  1054  		DC	0x8	;; abbrev_code
00000202  646C776F726400      1055  		DC	"dlword",0x0	;; DW_AT_name
                              1056  				;; DW_AT_data_member_location
00000209  02                  1057  		DC	0x2	;;   size of loc_exp
0000020a  23                  1058  		DC	0x23	;;   DW_OP_plus_uconst
0000020b  00                  1059  		DC	0x0	;;     operand
0000020c  00000000          + 1060  		DD	.LDW4-.LI_TOP	;; DW_AT_type
                              1061  	;; entry 49
00000210  08                  1062  		DC	0x8	;; abbrev_code
00000211  6C776F726400        1063  		DC	"lword",0x0	;; DW_AT_name
                              1064  				;; DW_AT_data_member_location
00000217  02                  1065  		DC	0x2	;;   size of loc_exp
00000218  23                  1066  		DC	0x23	;;   DW_OP_plus_uconst
00000219  00                  1067  		DC	0x0	;;     operand
0000021a  00000000          + 1068  		DD	.LDW11-.LI_TOP	;; DW_AT_type
                              1069  	;; entry 50
0000021e  08                  1070  		DC	0x8	;; abbrev_code
0000021f  75646C776F726400    1071  		DC	"udlword",0x0	;; DW_AT_name
                              1072  				;; DW_AT_data_member_location
00000227  02                  1073  		DC	0x2	;;   size of loc_exp
00000228  23                  1074  		DC	0x23	;;   DW_OP_plus_uconst
00000229  00                  1075  		DC	0x0	;;     operand
0000022a  00000000          + 1076  		DD	.LDW8-.LI_TOP	;; DW_AT_type
                              1077  	;; entry 51
0000022e  08                  1078  		DC	0x8	;; abbrev_code
0000022f  756C776F726400      1079  		DC	"ulword",0x0	;; DW_AT_name
                              1080  				;; DW_AT_data_member_location
00000236  02                  1081  		DC	0x2	;;   size of loc_exp
00000237  23                  1082  		DC	0x23	;;   DW_OP_plus_uconst
00000238  00                  1083  		DC	0x0	;;     operand
00000239  00000000          + 1084  		DD	.LDW12-.LI_TOP	;; DW_AT_type
                              1085  	;; NULL ENTRY 52
0000023d  00                  1086  		DC	0x0
                              1087  	;; entry 53
0000023e  06                  1088  		DC	0x6	;; abbrev_code
0000023f  646C776F72645F74    1089  		DC	"dlword_type",0x0	;; DW_AT_name
00000247  79706500            1089  	
0000024b  00000000          + 1090  		DD	.LDW13-.LI_TOP	;; DW_AT_type
                              1091  	;; entry 54
0000024f                      1092  	.LDW14
0000024f  07                  1093  		DC	0x7	;; abbrev_code
00000250  04                  1094  		DC	0x4	;; DW_AT_byte_size
                              1095  	;; entry 55
00000251  08                  1096  		DC	0x8	;; abbrev_code
00000252  6C6F7700            1097  		DC	"low",0x0	;; DW_AT_name
                              1098  				;; DW_AT_data_member_location
00000256  02                  1099  		DC	0x2	;;   size of loc_exp
00000257  23                  1100  		DC	0x23	;;   DW_OP_plus_uconst
00000258  00                  1101  		DC	0x0	;;     operand
00000259  00000000          + 1102  		DD	.LDW2-.LI_TOP	;; DW_AT_type
                              1103  	;; entry 56
0000025d  08                  1104  		DC	0x8	;; abbrev_code
0000025e  6869676800          1105  		DC	"high",0x0	;; DW_AT_name
                              1106  				;; DW_AT_data_member_location
00000263  02                  1107  		DC	0x2	;;   size of loc_exp
00000264  23                  1108  		DC	0x23	;;   DW_OP_plus_uconst
00000265  02                  1109  		DC	0x2	;;     operand
00000266  00000000          + 1110  		DD	.LDW2-.LI_TOP	;; DW_AT_type
                              1111  	;; NULL ENTRY 57
0000026a  00                  1112  		DC	0x0
                              1113  	;; entry 58
0000026b                      1114  	.LDW15
0000026b  07                  1115  		DC	0x7	;; abbrev_code
0000026c  04                  1116  		DC	0x4	;; DW_AT_byte_size
                              1117  	;; entry 59
0000026d  08                  1118  		DC	0x8	;; abbrev_code
0000026e  4C4C00              1119  		DC	"LL",0x0	;; DW_AT_name
                              1120  				;; DW_AT_data_member_location
00000271  02                  1121  		DC	0x2	;;   size of loc_exp
00000272  23                  1122  		DC	0x23	;;   DW_OP_plus_uconst
00000273  00                  1123  		DC	0x0	;;     operand
00000274  00000000          + 1124  		DD	.LDW1-.LI_TOP	;; DW_AT_type
                              1125  	;; entry 60
00000278  08                  1126  		DC	0x8	;; abbrev_code
00000279  4C4800              1127  		DC	"LH",0x0	;; DW_AT_name
                              1128  				;; DW_AT_data_member_location
0000027c  02                  1129  		DC	0x2	;;   size of loc_exp
0000027d  23                  1130  		DC	0x23	;;   DW_OP_plus_uconst
0000027e  01                  1131  		DC	0x1	;;     operand
0000027f  00000000          + 1132  		DD	.LDW1-.LI_TOP	;; DW_AT_type
                              1133  	;; entry 61
00000283  08                  1134  		DC	0x8	;; abbrev_code
00000284  484C00              1135  		DC	"HL",0x0	;; DW_AT_name
                              1136  				;; DW_AT_data_member_location
00000287  02                  1137  		DC	0x2	;;   size of loc_exp
00000288  23                  1138  		DC	0x23	;;   DW_OP_plus_uconst
00000289  02                  1139  		DC	0x2	;;     operand
0000028a  00000000          + 1140  		DD	.LDW1-.LI_TOP	;; DW_AT_type
                              1141  	;; entry 62
0000028e  08                  1142  		DC	0x8	;; abbrev_code
0000028f  484800              1143  		DC	"HH",0x0	;; DW_AT_name
                              1144  				;; DW_AT_data_member_location
00000292  02                  1145  		DC	0x2	;;   size of loc_exp
00000293  23                  1146  		DC	0x23	;;   DW_OP_plus_uconst
00000294  03                  1147  		DC	0x3	;;     operand
00000295  00000000          + 1148  		DD	.LDW1-.LI_TOP	;; DW_AT_type
                              1149  	;; NULL ENTRY 63
00000299  00                  1150  		DC	0x0
                              1151  	;; entry 64
0000029a                      1152  	.LDW16
0000029a  07                  1153  		DC	0x7	;; abbrev_code
0000029b  04                  1154  		DC	0x4	;; DW_AT_byte_size
                              1155  	;; entry 65
0000029c  08                  1156  		DC	0x8	;; abbrev_code
0000029d  6C6F7700            1157  		DC	"low",0x0	;; DW_AT_name
                              1158  				;; DW_AT_data_member_location
000002a1  02                  1159  		DC	0x2	;;   size of loc_exp
000002a2  23                  1160  		DC	0x23	;;   DW_OP_plus_uconst
000002a3  00                  1161  		DC	0x0	;;     operand
000002a4  00000000          + 1162  		DD	.LDW6-.LI_TOP	;; DW_AT_type
                              1163  	;; entry 66
000002a8  08                  1164  		DC	0x8	;; abbrev_code
000002a9  6869676800          1165  		DC	"high",0x0	;; DW_AT_name
                              1166  				;; DW_AT_data_member_location
000002ae  02                  1167  		DC	0x2	;;   size of loc_exp
000002af  23                  1168  		DC	0x23	;;   DW_OP_plus_uconst
000002b0  02                  1169  		DC	0x2	;;     operand
000002b1  00000000          + 1170  		DD	.LDW6-.LI_TOP	;; DW_AT_type
                              1171  	;; NULL ENTRY 67
000002b5  00                  1172  		DC	0x0
                              1173  	;; entry 68
000002b6                      1174  	.LDW17
000002b6  07                  1175  		DC	0x7	;; abbrev_code
000002b7  04                  1176  		DC	0x4	;; DW_AT_byte_size
                              1177  	;; entry 69
000002b8  08                  1178  		DC	0x8	;; abbrev_code
000002b9  4C4C00              1179  		DC	"LL",0x0	;; DW_AT_name
                              1180  				;; DW_AT_data_member_location
000002bc  02                  1181  		DC	0x2	;;   size of loc_exp
000002bd  23                  1182  		DC	0x23	;;   DW_OP_plus_uconst
000002be  00                  1183  		DC	0x0	;;     operand
000002bf  00000000          + 1184  		DD	.LDW5-.LI_TOP	;; DW_AT_type
                              1185  	;; entry 70
000002c3  08                  1186  		DC	0x8	;; abbrev_code
000002c4  4C4800              1187  		DC	"LH",0x0	;; DW_AT_name
                              1188  				;; DW_AT_data_member_location
000002c7  02                  1189  		DC	0x2	;;   size of loc_exp
000002c8  23                  1190  		DC	0x23	;;   DW_OP_plus_uconst
000002c9  01                  1191  		DC	0x1	;;     operand
000002ca  00000000          + 1192  		DD	.LDW5-.LI_TOP	;; DW_AT_type
                              1193  	;; entry 71
000002ce  08                  1194  		DC	0x8	;; abbrev_code
000002cf  484C00              1195  		DC	"HL",0x0	;; DW_AT_name
                              1196  				;; DW_AT_data_member_location
000002d2  02                  1197  		DC	0x2	;;   size of loc_exp
000002d3  23                  1198  		DC	0x23	;;   DW_OP_plus_uconst
000002d4  02                  1199  		DC	0x2	;;     operand
000002d5  00000000          + 1200  		DD	.LDW5-.LI_TOP	;; DW_AT_type
                              1201  	;; entry 72
000002d9  08                  1202  		DC	0x8	;; abbrev_code
000002da  484800              1203  		DC	"HH",0x0	;; DW_AT_name
                              1204  				;; DW_AT_data_member_location
000002dd  02                  1205  		DC	0x2	;;   size of loc_exp
000002de  23                  1206  		DC	0x23	;;   DW_OP_plus_uconst
000002df  03                  1207  		DC	0x3	;;     operand
000002e0  00000000          + 1208  		DD	.LDW5-.LI_TOP	;; DW_AT_type
                              1209  	;; NULL ENTRY 73
000002e4  00                  1210  		DC	0x0
                              1211  	;; entry 74
000002e5                      1212  	.LDW18
000002e5  09                  1213  		DC	0x9	;; abbrev_code
000002e6  04                  1214  		DC	0x4	;; DW_AT_byte_size
                              1215  	;; entry 75
000002e7  08                  1216  		DC	0x8	;; abbrev_code
000002e8  6C776F726400        1217  		DC	"lword",0x0	;; DW_AT_name
                              1218  				;; DW_AT_data_member_location
000002ee  02                  1219  		DC	0x2	;;   size of loc_exp
000002ef  23                  1220  		DC	0x23	;;   DW_OP_plus_uconst
000002f0  00                  1221  		DC	0x0	;;     operand
000002f1  00000000          + 1222  		DD	.LDW3-.LI_TOP	;; DW_AT_type
                              1223  	;; entry 76
000002f5  08                  1224  		DC	0x8	;; abbrev_code
000002f6  776F726400          1225  		DC	"word",0x0	;; DW_AT_name
                              1226  				;; DW_AT_data_member_location
000002fb  02                  1227  		DC	0x2	;;   size of loc_exp
000002fc  23                  1228  		DC	0x23	;;   DW_OP_plus_uconst
000002fd  00                  1229  		DC	0x0	;;     operand
000002fe  00000000          + 1230  		DD	.LDW14-.LI_TOP	;; DW_AT_type
                              1231  	;; entry 77
00000302  08                  1232  		DC	0x8	;; abbrev_code
00000303  6279746500          1233  		DC	"byte",0x0	;; DW_AT_name
                              1234  				;; DW_AT_data_member_location
00000308  02                  1235  		DC	0x2	;;   size of loc_exp
00000309  23                  1236  		DC	0x23	;;   DW_OP_plus_uconst
0000030a  00                  1237  		DC	0x0	;;     operand
0000030b  00000000          + 1238  		DD	.LDW15-.LI_TOP	;; DW_AT_type
                              1239  	;; entry 78
0000030f  08                  1240  		DC	0x8	;; abbrev_code
00000310  756C776F726400      1241  		DC	"ulword",0x0	;; DW_AT_name
                              1242  				;; DW_AT_data_member_location
00000317  02                  1243  		DC	0x2	;;   size of loc_exp
00000318  23                  1244  		DC	0x23	;;   DW_OP_plus_uconst
00000319  00                  1245  		DC	0x0	;;     operand
0000031a  00000000          + 1246  		DD	.LDW7-.LI_TOP	;; DW_AT_type
                              1247  	;; entry 79
0000031e  08                  1248  		DC	0x8	;; abbrev_code
0000031f  75776F726400        1249  		DC	"uword",0x0	;; DW_AT_name
                              1250  				;; DW_AT_data_member_location
00000325  02                  1251  		DC	0x2	;;   size of loc_exp
00000326  23                  1252  		DC	0x23	;;   DW_OP_plus_uconst
00000327  00                  1253  		DC	0x0	;;     operand
00000328  00000000          + 1254  		DD	.LDW16-.LI_TOP	;; DW_AT_type
                              1255  	;; entry 80
0000032c  08                  1256  		DC	0x8	;; abbrev_code
0000032d  756279746500        1257  		DC	"ubyte",0x0	;; DW_AT_name
                              1258  				;; DW_AT_data_member_location
00000333  02                  1259  		DC	0x2	;;   size of loc_exp
00000334  23                  1260  		DC	0x23	;;   DW_OP_plus_uconst
00000335  00                  1261  		DC	0x0	;;     operand
00000336  00000000          + 1262  		DD	.LDW17-.LI_TOP	;; DW_AT_type
                              1263  	;; NULL ENTRY 81
0000033a  00                  1264  		DC	0x0
                              1265  	;; entry 82
0000033b  06                  1266  		DC	0x6	;; abbrev_code
0000033c  6C776F72645F7479    1267  		DC	"lword_type",0x0	;; DW_AT_name
00000344  706500              1267  	
00000347  00000000          + 1268  		DD	.LDW18-.LI_TOP	;; DW_AT_type
                              1269  	;; entry 83
0000034b                      1270  	.LDW19
0000034b  07                  1271  		DC	0x7	;; abbrev_code
0000034c  04                  1272  		DC	0x4	;; DW_AT_byte_size
                              1273  	;; entry 84
0000034d  08                  1274  		DC	0x8	;; abbrev_code
0000034e  6C6F7700            1275  		DC	"low",0x0	;; DW_AT_name
                              1276  				;; DW_AT_data_member_location
00000352  02                  1277  		DC	0x2	;;   size of loc_exp
00000353  23                  1278  		DC	0x23	;;   DW_OP_plus_uconst
00000354  00                  1279  		DC	0x0	;;     operand
00000355  00000000          + 1280  		DD	.LDW1-.LI_TOP	;; DW_AT_type
                              1281  	;; entry 85
00000359  08                  1282  		DC	0x8	;; abbrev_code
0000035a  6869676800          1283  		DC	"high",0x0	;; DW_AT_name
                              1284  				;; DW_AT_data_member_location
0000035f  02                  1285  		DC	0x2	;;   size of loc_exp
00000360  23                  1286  		DC	0x23	;;   DW_OP_plus_uconst
00000361  01                  1287  		DC	0x1	;;     operand
00000362  00000000          + 1288  		DD	.LDW1-.LI_TOP	;; DW_AT_type
                              1289  	;; NULL ENTRY 86
00000366  00                  1290  		DC	0x0
                              1291  	;; entry 87
00000367                      1292  	.LDW20
00000367  07                  1293  		DC	0x7	;; abbrev_code
00000368  04                  1294  		DC	0x4	;; DW_AT_byte_size
                              1295  	;; entry 88
00000369  08                  1296  		DC	0x8	;; abbrev_code
0000036a  6C6F7700            1297  		DC	"low",0x0	;; DW_AT_name
                              1298  				;; DW_AT_data_member_location
0000036e  02                  1299  		DC	0x2	;;   size of loc_exp
0000036f  23                  1300  		DC	0x23	;;   DW_OP_plus_uconst
00000370  00                  1301  		DC	0x0	;;     operand
00000371  00000000          + 1302  		DD	.LDW5-.LI_TOP	;; DW_AT_type
                              1303  	;; entry 89
00000375  08                  1304  		DC	0x8	;; abbrev_code
00000376  6869676800          1305  		DC	"high",0x0	;; DW_AT_name
                              1306  				;; DW_AT_data_member_location
0000037b  02                  1307  		DC	0x2	;;   size of loc_exp
0000037c  23                  1308  		DC	0x23	;;   DW_OP_plus_uconst
0000037d  01                  1309  		DC	0x1	;;     operand
0000037e  00000000          + 1310  		DD	.LDW5-.LI_TOP	;; DW_AT_type
                              1311  	;; NULL ENTRY 90
00000382  00                  1312  		DC	0x0
                              1313  	;; entry 91
00000383                      1314  	.LDW21
00000383  09                  1315  		DC	0x9	;; abbrev_code
00000384  04                  1316  		DC	0x4	;; DW_AT_byte_size
                              1317  	;; entry 92
00000385  08                  1318  		DC	0x8	;; abbrev_code
00000386  776F726400          1319  		DC	"word",0x0	;; DW_AT_name
                              1320  				;; DW_AT_data_member_location
0000038b  02                  1321  		DC	0x2	;;   size of loc_exp
0000038c  23                  1322  		DC	0x23	;;   DW_OP_plus_uconst
0000038d  00                  1323  		DC	0x0	;;     operand
0000038e  00000000          + 1324  		DD	.LDW2-.LI_TOP	;; DW_AT_type
                              1325  	;; entry 93
00000392  08                  1326  		DC	0x8	;; abbrev_code
00000393  6279746500          1327  		DC	"byte",0x0	;; DW_AT_name
                              1328  				;; DW_AT_data_member_location
00000398  02                  1329  		DC	0x2	;;   size of loc_exp
00000399  23                  1330  		DC	0x23	;;   DW_OP_plus_uconst
0000039a  00                  1331  		DC	0x0	;;     operand
0000039b  00000000          + 1332  		DD	.LDW19-.LI_TOP	;; DW_AT_type
                              1333  	;; entry 94
0000039f  08                  1334  		DC	0x8	;; abbrev_code
000003a0  75776F726400        1335  		DC	"uword",0x0	;; DW_AT_name
                              1336  				;; DW_AT_data_member_location
000003a6  02                  1337  		DC	0x2	;;   size of loc_exp
000003a7  23                  1338  		DC	0x23	;;   DW_OP_plus_uconst
000003a8  00                  1339  		DC	0x0	;;     operand
000003a9  00000000          + 1340  		DD	.LDW6-.LI_TOP	;; DW_AT_type
                              1341  	;; entry 95
000003ad  08                  1342  		DC	0x8	;; abbrev_code
000003ae  756279746500        1343  		DC	"ubyte",0x0	;; DW_AT_name
                              1344  				;; DW_AT_data_member_location
000003b4  02                  1345  		DC	0x2	;;   size of loc_exp
000003b5  23                  1346  		DC	0x23	;;   DW_OP_plus_uconst
000003b6  00                  1347  		DC	0x0	;;     operand
000003b7  00000000          + 1348  		DD	.LDW20-.LI_TOP	;; DW_AT_type
                              1349  	;; NULL ENTRY 96
000003bb  00                  1350  		DC	0x0
                              1351  	;; entry 97
000003bc  06                  1352  		DC	0x6	;; abbrev_code
000003bd  776F72645F747970    1353  		DC	"word_type",0x0	;; DW_AT_name
000003c5  6500                1353  	
000003c7  00000000          + 1354  		DD	.LDW21-.LI_TOP	;; DW_AT_type
                              1355  	;; entry 98
000003cb                      1356  	.LDW22
000003cb  07                  1357  		DC	0x7	;; abbrev_code
000003cc  04                  1358  		DC	0x4	;; DW_AT_byte_size
                              1359  	;; entry 99
000003cd  0A                  1360  		DC	0xa	;; abbrev_code
000003ce  6269743000          1361  		DC	"bit0",0x0	;; DW_AT_name
000003d3  02                  1362  		DC	0x2	;; DW_AT_byte_size
000003d4  0F                  1363  		DC	0xf	;; DW_AT_bit_offset
000003d5  01                  1364  		DC	0x1	;; DW_AT_bit_size
                              1365  				;; DW_AT_data_member_location
000003d6  02                  1366  		DC	0x2	;;   size of loc_exp
000003d7  23                  1367  		DC	0x23	;;   DW_OP_plus_uconst
000003d8  00                  1368  		DC	0x0	;;     operand
000003d9  00000000          + 1369  		DD	.LDW6-.LI_TOP	;; DW_AT_type
                              1370  	;; entry 100
000003dd  0A                  1371  		DC	0xa	;; abbrev_code
000003de  6269743100          1372  		DC	"bit1",0x0	;; DW_AT_name
000003e3  02                  1373  		DC	0x2	;; DW_AT_byte_size
000003e4  0E                  1374  		DC	0xe	;; DW_AT_bit_offset
000003e5  01                  1375  		DC	0x1	;; DW_AT_bit_size
                              1376  				;; DW_AT_data_member_location
000003e6  02                  1377  		DC	0x2	;;   size of loc_exp
000003e7  23                  1378  		DC	0x23	;;   DW_OP_plus_uconst
000003e8  00                  1379  		DC	0x0	;;     operand
000003e9  00000000          + 1380  		DD	.LDW6-.LI_TOP	;; DW_AT_type
                              1381  	;; entry 101
000003ed  0A                  1382  		DC	0xa	;; abbrev_code
000003ee  6269743200          1383  		DC	"bit2",0x0	;; DW_AT_name
000003f3  02                  1384  		DC	0x2	;; DW_AT_byte_size
000003f4  0D                  1385  		DC	0xd	;; DW_AT_bit_offset
000003f5  01                  1386  		DC	0x1	;; DW_AT_bit_size
                              1387  				;; DW_AT_data_member_location
000003f6  02                  1388  		DC	0x2	;;   size of loc_exp
000003f7  23                  1389  		DC	0x23	;;   DW_OP_plus_uconst
000003f8  00                  1390  		DC	0x0	;;     operand
000003f9  00000000          + 1391  		DD	.LDW6-.LI_TOP	;; DW_AT_type
                              1392  	;; entry 102
000003fd  0A                  1393  		DC	0xa	;; abbrev_code
000003fe  6269743300          1394  		DC	"bit3",0x0	;; DW_AT_name
00000403  02                  1395  		DC	0x2	;; DW_AT_byte_size
00000404  0C                  1396  		DC	0xc	;; DW_AT_bit_offset
00000405  01                  1397  		DC	0x1	;; DW_AT_bit_size
                              1398  				;; DW_AT_data_member_location
00000406  02                  1399  		DC	0x2	;;   size of loc_exp
00000407  23                  1400  		DC	0x23	;;   DW_OP_plus_uconst
00000408  00                  1401  		DC	0x0	;;     operand
00000409  00000000          + 1402  		DD	.LDW6-.LI_TOP	;; DW_AT_type
                              1403  	;; entry 103
0000040d  0A                  1404  		DC	0xa	;; abbrev_code
0000040e  6269743400          1405  		DC	"bit4",0x0	;; DW_AT_name
00000413  02                  1406  		DC	0x2	;; DW_AT_byte_size
00000414  0B                  1407  		DC	0xb	;; DW_AT_bit_offset
00000415  01                  1408  		DC	0x1	;; DW_AT_bit_size
                              1409  				;; DW_AT_data_member_location
00000416  02                  1410  		DC	0x2	;;   size of loc_exp
00000417  23                  1411  		DC	0x23	;;   DW_OP_plus_uconst
00000418  00                  1412  		DC	0x0	;;     operand
00000419  00000000          + 1413  		DD	.LDW6-.LI_TOP	;; DW_AT_type
                              1414  	;; entry 104
0000041d  0A                  1415  		DC	0xa	;; abbrev_code
0000041e  6269743500          1416  		DC	"bit5",0x0	;; DW_AT_name
00000423  02                  1417  		DC	0x2	;; DW_AT_byte_size
00000424  0A                  1418  		DC	0xa	;; DW_AT_bit_offset
00000425  01                  1419  		DC	0x1	;; DW_AT_bit_size
                              1420  				;; DW_AT_data_member_location
00000426  02                  1421  		DC	0x2	;;   size of loc_exp
00000427  23                  1422  		DC	0x23	;;   DW_OP_plus_uconst
00000428  00                  1423  		DC	0x0	;;     operand
00000429  00000000          + 1424  		DD	.LDW6-.LI_TOP	;; DW_AT_type
                              1425  	;; entry 105
0000042d  0A                  1426  		DC	0xa	;; abbrev_code
0000042e  6269743600          1427  		DC	"bit6",0x0	;; DW_AT_name
00000433  02                  1428  		DC	0x2	;; DW_AT_byte_size
00000434  09                  1429  		DC	0x9	;; DW_AT_bit_offset
00000435  01                  1430  		DC	0x1	;; DW_AT_bit_size
                              1431  				;; DW_AT_data_member_location
00000436  02                  1432  		DC	0x2	;;   size of loc_exp
00000437  23                  1433  		DC	0x23	;;   DW_OP_plus_uconst
00000438  00                  1434  		DC	0x0	;;     operand
00000439  00000000          + 1435  		DD	.LDW6-.LI_TOP	;; DW_AT_type
                              1436  	;; entry 106
0000043d  0A                  1437  		DC	0xa	;; abbrev_code
0000043e  6269743700          1438  		DC	"bit7",0x0	;; DW_AT_name
00000443  02                  1439  		DC	0x2	;; DW_AT_byte_size
00000444  08                  1440  		DC	0x8	;; DW_AT_bit_offset
00000445  01                  1441  		DC	0x1	;; DW_AT_bit_size
                              1442  				;; DW_AT_data_member_location
00000446  02                  1443  		DC	0x2	;;   size of loc_exp
00000447  23                  1444  		DC	0x23	;;   DW_OP_plus_uconst
00000448  00                  1445  		DC	0x0	;;     operand
00000449  00000000          + 1446  		DD	.LDW6-.LI_TOP	;; DW_AT_type
                              1447  	;; entry 107
0000044d  0A                  1448  		DC	0xa	;; abbrev_code
0000044e  6269743800          1449  		DC	"bit8",0x0	;; DW_AT_name
00000453  02                  1450  		DC	0x2	;; DW_AT_byte_size
00000454  07                  1451  		DC	0x7	;; DW_AT_bit_offset
00000455  01                  1452  		DC	0x1	;; DW_AT_bit_size
                              1453  				;; DW_AT_data_member_location
00000456  02                  1454  		DC	0x2	;;   size of loc_exp
00000457  23                  1455  		DC	0x23	;;   DW_OP_plus_uconst
00000458  00                  1456  		DC	0x0	;;     operand
00000459  00000000          + 1457  		DD	.LDW6-.LI_TOP	;; DW_AT_type
                              1458  	;; entry 108
0000045d  0A                  1459  		DC	0xa	;; abbrev_code
0000045e  6269743900          1460  		DC	"bit9",0x0	;; DW_AT_name
00000463  02                  1461  		DC	0x2	;; DW_AT_byte_size
00000464  06                  1462  		DC	0x6	;; DW_AT_bit_offset
00000465  01                  1463  		DC	0x1	;; DW_AT_bit_size
                              1464  				;; DW_AT_data_member_location
00000466  02                  1465  		DC	0x2	;;   size of loc_exp
00000467  23                  1466  		DC	0x23	;;   DW_OP_plus_uconst
00000468  00                  1467  		DC	0x0	;;     operand
00000469  00000000          + 1468  		DD	.LDW6-.LI_TOP	;; DW_AT_type
                              1469  	;; entry 109
0000046d  0A                  1470  		DC	0xa	;; abbrev_code
0000046e  626974313000        1471  		DC	"bit10",0x0	;; DW_AT_name
00000474  02                  1472  		DC	0x2	;; DW_AT_byte_size
00000475  05                  1473  		DC	0x5	;; DW_AT_bit_offset
00000476  01                  1474  		DC	0x1	;; DW_AT_bit_size
                              1475  				;; DW_AT_data_member_location
00000477  02                  1476  		DC	0x2	;;   size of loc_exp
00000478  23                  1477  		DC	0x23	;;   DW_OP_plus_uconst
00000479  00                  1478  		DC	0x0	;;     operand
0000047a  00000000          + 1479  		DD	.LDW6-.LI_TOP	;; DW_AT_type
                              1480  	;; entry 110
0000047e  0A                  1481  		DC	0xa	;; abbrev_code
0000047f  626974313100        1482  		DC	"bit11",0x0	;; DW_AT_name
00000485  02                  1483  		DC	0x2	;; DW_AT_byte_size
00000486  04                  1484  		DC	0x4	;; DW_AT_bit_offset
00000487  01                  1485  		DC	0x1	;; DW_AT_bit_size
                              1486  				;; DW_AT_data_member_location
00000488  02                  1487  		DC	0x2	;;   size of loc_exp
00000489  23                  1488  		DC	0x23	;;   DW_OP_plus_uconst
0000048a  00                  1489  		DC	0x0	;;     operand
0000048b  00000000          + 1490  		DD	.LDW6-.LI_TOP	;; DW_AT_type
                              1491  	;; entry 111
0000048f  0A                  1492  		DC	0xa	;; abbrev_code
00000490  626974313200        1493  		DC	"bit12",0x0	;; DW_AT_name
00000496  02                  1494  		DC	0x2	;; DW_AT_byte_size
00000497  03                  1495  		DC	0x3	;; DW_AT_bit_offset
00000498  01                  1496  		DC	0x1	;; DW_AT_bit_size
                              1497  				;; DW_AT_data_member_location
00000499  02                  1498  		DC	0x2	;;   size of loc_exp
0000049a  23                  1499  		DC	0x23	;;   DW_OP_plus_uconst
0000049b  00                  1500  		DC	0x0	;;     operand
0000049c  00000000          + 1501  		DD	.LDW6-.LI_TOP	;; DW_AT_type
                              1502  	;; entry 112
000004a0  0A                  1503  		DC	0xa	;; abbrev_code
000004a1  626974313300        1504  		DC	"bit13",0x0	;; DW_AT_name
000004a7  02                  1505  		DC	0x2	;; DW_AT_byte_size
000004a8  02                  1506  		DC	0x2	;; DW_AT_bit_offset
000004a9  01                  1507  		DC	0x1	;; DW_AT_bit_size
                              1508  				;; DW_AT_data_member_location
000004aa  02                  1509  		DC	0x2	;;   size of loc_exp
000004ab  23                  1510  		DC	0x23	;;   DW_OP_plus_uconst
000004ac  00                  1511  		DC	0x0	;;     operand
000004ad  00000000          + 1512  		DD	.LDW6-.LI_TOP	;; DW_AT_type
                              1513  	;; entry 113
000004b1  0A                  1514  		DC	0xa	;; abbrev_code
000004b2  626974313400        1515  		DC	"bit14",0x0	;; DW_AT_name
000004b8  02                  1516  		DC	0x2	;; DW_AT_byte_size
000004b9  01                  1517  		DC	0x1	;; DW_AT_bit_offset
000004ba  01                  1518  		DC	0x1	;; DW_AT_bit_size
                              1519  				;; DW_AT_data_member_location
000004bb  02                  1520  		DC	0x2	;;   size of loc_exp
000004bc  23                  1521  		DC	0x23	;;   DW_OP_plus_uconst
000004bd  00                  1522  		DC	0x0	;;     operand
000004be  00000000          + 1523  		DD	.LDW6-.LI_TOP	;; DW_AT_type
                              1524  	;; entry 114
000004c2  0A                  1525  		DC	0xa	;; abbrev_code
000004c3  626974313500        1526  		DC	"bit15",0x0	;; DW_AT_name
000004c9  02                  1527  		DC	0x2	;; DW_AT_byte_size
000004ca  00                  1528  		DC	0x0	;; DW_AT_bit_offset
000004cb  01                  1529  		DC	0x1	;; DW_AT_bit_size
                              1530  				;; DW_AT_data_member_location
000004cc  02                  1531  		DC	0x2	;;   size of loc_exp
000004cd  23                  1532  		DC	0x23	;;   DW_OP_plus_uconst
000004ce  00                  1533  		DC	0x0	;;     operand
000004cf  00000000          + 1534  		DD	.LDW6-.LI_TOP	;; DW_AT_type
                              1535  	;; NULL ENTRY 115
000004d3  00                  1536  		DC	0x0
                              1537  	;; entry 116
000004d4                      1538  	.LDW23
000004d4  09                  1539  		DC	0x9	;; abbrev_code
000004d5  04                  1540  		DC	0x4	;; DW_AT_byte_size
                              1541  	;; entry 117
000004d6  08                  1542  		DC	0x8	;; abbrev_code
000004d7  75776F726400        1543  		DC	"uword",0x0	;; DW_AT_name
                              1544  				;; DW_AT_data_member_location
000004dd  02                  1545  		DC	0x2	;;   size of loc_exp
000004de  23                  1546  		DC	0x23	;;   DW_OP_plus_uconst
000004df  00                  1547  		DC	0x0	;;     operand
000004e0  00000000          + 1548  		DD	.LDW6-.LI_TOP	;; DW_AT_type
                              1549  	;; entry 118
000004e4  08                  1550  		DC	0x8	;; abbrev_code
000004e5  6269747300          1551  		DC	"bits",0x0	;; DW_AT_name
                              1552  				;; DW_AT_data_member_location
000004ea  02                  1553  		DC	0x2	;;   size of loc_exp
000004eb  23                  1554  		DC	0x23	;;   DW_OP_plus_uconst
000004ec  00                  1555  		DC	0x0	;;     operand
000004ed  00000000          + 1556  		DD	.LDW22-.LI_TOP	;; DW_AT_type
                              1557  	;; NULL ENTRY 119
000004f1  00                  1558  		DC	0x0
                              1559  	;; entry 120
000004f2  06                  1560  		DC	0x6	;; abbrev_code
000004f3  666C61675F747970    1561  		DC	"flag_type",0x0	;; DW_AT_name
000004fb  6500                1561  	
000004fd  00000000          + 1562  		DD	.LDW23-.LI_TOP	;; DW_AT_type
                              1563  	;; entry 121
00000501                      1564  	.LDW24
00000501  07                  1565  		DC	0x7	;; abbrev_code
00000502  0C                  1566  		DC	0xc	;; DW_AT_byte_size
                              1567  	;; entry 122
00000503  08                  1568  		DC	0x8	;; abbrev_code
00000504  76616C756500        1569  		DC	"value",0x0	;; DW_AT_name
                              1570  				;; DW_AT_data_member_location
0000050a  02                  1571  		DC	0x2	;;   size of loc_exp
0000050b  23                  1572  		DC	0x23	;;   DW_OP_plus_uconst
0000050c  00                  1573  		DC	0x0	;;     operand
0000050d  00000000          + 1574  		DD	.LDW2-.LI_TOP	;; DW_AT_type
                              1575  	;; entry 123
00000511  08                  1576  		DC	0x8	;; abbrev_code
00000512  6D617800            1577  		DC	"max",0x0	;; DW_AT_name
                              1578  				;; DW_AT_data_member_location
00000516  02                  1579  		DC	0x2	;;   size of loc_exp
00000517  23                  1580  		DC	0x23	;;   DW_OP_plus_uconst
00000518  02                  1581  		DC	0x2	;;     operand
00000519  00000000          + 1582  		DD	.LDW2-.LI_TOP	;; DW_AT_type
                              1583  	;; entry 124
0000051d  08                  1584  		DC	0x8	;; abbrev_code
0000051e  6D696E00            1585  		DC	"min",0x0	;; DW_AT_name
                              1586  				;; DW_AT_data_member_location
00000522  02                  1587  		DC	0x2	;;   size of loc_exp
00000523  23                  1588  		DC	0x23	;;   DW_OP_plus_uconst
00000524  04                  1589  		DC	0x4	;;     operand
00000525  00000000          + 1590  		DD	.LDW2-.LI_TOP	;; DW_AT_type
                              1591  	;; entry 125
00000529  08                  1592  		DC	0x8	;; abbrev_code
0000052a  6564697472617465    1593  		DC	"editrate",0x0	;; DW_AT_name
00000532  00                  1593  	
                              1594  				;; DW_AT_data_member_location
00000533  02                  1595  		DC	0x2	;;   size of loc_exp
00000534  23                  1596  		DC	0x23	;;   DW_OP_plus_uconst
00000535  06                  1597  		DC	0x6	;;     operand
00000536  00000000          + 1598  		DD	.LDW2-.LI_TOP	;; DW_AT_type
                              1599  	;; entry 126
0000053a  08                  1600  		DC	0x8	;; abbrev_code
0000053b  6469737072617465    1601  		DC	"disprate",0x0	;; DW_AT_name
00000543  00                  1601  	
                              1602  				;; DW_AT_data_member_location
00000544  02                  1603  		DC	0x2	;;   size of loc_exp
00000545  23                  1604  		DC	0x23	;;   DW_OP_plus_uconst
00000546  08                  1605  		DC	0x8	;;     operand
00000547  00000000          + 1606  		DD	.LDW1-.LI_TOP	;; DW_AT_type
                              1607  	;; NULL ENTRY 127
0000054b  00                  1608  		DC	0x0
                              1609  	;; entry 128
0000054c  06                  1610  		DC	0x6	;; abbrev_code
0000054d  706172615F737479    1611  		DC	"para_style",0x0	;; DW_AT_name
00000555  6C6500              1611  	
00000558  00000000          + 1612  		DD	.LDW24-.LI_TOP	;; DW_AT_type
                              1613  	;; entry 129
0000055c  0B                  1614  		DC	0xb	;; abbrev_code
                              1615  				;; DW_AT_location
0000055d  05                  1616  		DC	0x5	;;   size of loc_exp
0000055e  03                  1617  		DC	0x3	;;   DW_OP_addr
0000055f  00000000          + 1618  		DD	_EEPROM_InitData	;;     operand
00000563  454550524F4D5F49    1619  		DC	"EEPROM_InitData",0x0	;; DW_AT_name
0000056b  6E69744461746100    1619  	
00000573  01                  1620  		DC	0x1	;; DW_AT_external
00000574  00000000          + 1621  		DD	.LDW26-.LI_TOP	;; DW_AT_type
                              1622  	;; entry 130
00000578  0B                  1623  		DC	0xb	;; abbrev_code
                              1624  				;; DW_AT_location
00000579  05                  1625  		DC	0x5	;;   size of loc_exp
0000057a  03                  1626  		DC	0x3	;;   DW_OP_addr
0000057b  00000000          + 1627  		DD	_ram_para	;;     operand
0000057f  72616D5F70617261    1628  		DC	"ram_para",0x0	;; DW_AT_name
00000587  00                  1628  	
00000588  01                  1629  		DC	0x1	;; DW_AT_external
00000589  00000000          + 1630  		DD	.LDW27-.LI_TOP	;; DW_AT_type
                              1631  	;; entry 131
0000058d  0B                  1632  		DC	0xb	;; abbrev_code
                              1633  				;; DW_AT_location
0000058e  05                  1634  		DC	0x5	;;   size of loc_exp
0000058f  03                  1635  		DC	0x3	;;   DW_OP_addr
00000590  00000000          + 1636  		DD	_App_index	;;     operand
00000594  4170705F696E6465    1637  		DC	"App_index",0x0	;; DW_AT_name
0000059c  7800                1637  	
0000059e  01                  1638  		DC	0x1	;; DW_AT_external
0000059f  00000000          + 1639  		DD	.LDW29-.LI_TOP	;; DW_AT_type
                              1640  	;; entry 132
000005a3  0B                  1641  		DC	0xb	;; abbrev_code
                              1642  				;; DW_AT_location
000005a4  05                  1643  		DC	0x5	;;   size of loc_exp
000005a5  03                  1644  		DC	0x3	;;   DW_OP_addr
000005a6  00000000          + 1645  		DD	_App_para	;;     operand
000005aa  4170705F70617261    1646  		DC	"App_para",0x0	;; DW_AT_name
000005b2  00                  1646  	
000005b3  01                  1647  		DC	0x1	;; DW_AT_external
000005b4  00000000          + 1648  		DD	.LDW30-.LI_TOP	;; DW_AT_type
                              1649  	;; NULL ENTRY 133
000005b8  00                  1650  		DC	0x0
000005b9                      1651  	.LI_E
                              1652  	;; End of Debugging Information Entries
                              1653  	;; Line Number Information
                              1654  		;; LINE INFOMATION is nothing.
                              1655  	.debug_aranges		SECTION
                              1656  	;; Aranges Information
00000000  00000000          + 1657  		DD	.LAR_E-.LAR_B	;; length
00000004                      1658  	.LAR_B
00000004  0200                1659  		DW	0x2	;; version
00000006  00000000          + 1660  		DD	.LI_TOP	;; debug_info section
0000000a  04                  1661  		DC	0x4	;; address size
0000000b  00                  1662  		DC	0x0	;; segment size
0000000c  00000000            1663  		DD	0x0	;; padding
                              1664  		;; Address Range Table
00000010  0000000056040000  + 1665  		DD	_EEPROM_InitData,0x456	;; address, size
00000018  00000000DE000000  + 1666  		DD	_ram_para,0xde	;; address, size
00000020  0000000042000000  + 1667  		DD	_App_index,0x42	;; address, size
00000028  0000000084000000  + 1668  		DD	_App_para,0x84	;; address, size
                              1669  		;; end
00000030  00000000            1670  		DD	0x0
00000034  00000000            1671  		DD	0x0
00000038                      1672  	.LAR_E
                              1673  	;; End of Aranges Information
                              1674  		END
                              1675  	;;ENDFILE 
                                                OP0s.lst	Page 2
*** Symbol Table ***
Address/Value	Class	Section			  Symbol

00000000	L	.debug_frame              .LFR_TOP
00000024	L	.debug_frame              .LFR_C_E
00000004	L	.debug_frame              .LFR_C_B
00000000	L	.text                     .LPC_TOP
00000000	G	.rodata                   _EEPROM_InitData
00000456	G	.rodata                   _App_index
00000498	G	.rodata                   _App_para
00000000	G	.bss                      _ram_para
00000000	L	.text                     .LPC_END
00000000	L	.debug_abbrev             .LAB_TOP
00000000	L	.debug_info               .LI_TOP
000005b9	L	.debug_info               .LI_E
00000004	L	.debug_info               .LI_B
00000092	L	.debug_info               .LDW10
0000009d	L	.debug_info               .LDW9
000000a7	L	.debug_info               .LDW8
000000b5	L	.debug_info               .LDW7
000000be	L	.debug_info               .LDW6
000000c8	L	.debug_info               .LDW28
000000cd	L	.debug_info               .LDW29
000000d7	L	.debug_info               .LDW5
000000e0	L	.debug_info               .LDW4
000000ee	L	.debug_info               .LDW3
000000f7	L	.debug_info               .LDW2
00000101	L	.debug_info               .LDW27
0000010b	L	.debug_info               .LDW25
00000110	L	.debug_info               .LDW30
0000011d	L	.debug_info               .LDW26
0000012a	L	.debug_info               .LDW1
000001c7	L	.debug_info               .LDW11
000001e3	L	.debug_info               .LDW12
000001ff	L	.debug_info               .LDW13
0000024f	L	.debug_info               .LDW14
0000026b	L	.debug_info               .LDW15
0000029a	L	.debug_info               .LDW16
000002b6	L	.debug_info               .LDW17
000002e5	L	.debug_info               .LDW18
0000034b	L	.debug_info               .LDW19
00000367	L	.debug_info               .LDW20
00000383	L	.debug_info               .LDW21
000003cb	L	.debug_info               .LDW22
000004d4	L	.debug_info               .LDW23
00000501	L	.debug_info               .LDW24
00000038	L	.debug_aranges            .LAR_E
00000004	L	.debug_aranges            .LAR_B
