                                                OP0s.lst	Page 1
***   PanaX Series MN103S/MN103L Cross Assembler   ***
Loc       Object            Line        Source

                              1  		NOTATION	CLANG
                              2  		FILE	"ROM_PARA.c"
                              3  		IDENT	"cc: MN103S Windows V5.4R1 ROM_PARA.c"
                              4  		IDENT	"-O -fenable-asm -fchar-bfield -flong-bfield -fc9x-comment -mmulq -mdivs -fenable-longlong -ffile-sjis -ffile-ascii"
                              5  	;;BGNFILE code\ROM_PARA.c
                              6  	.text			SECTION	"ax",PROGBITS,PUBLIC
                              7  	.rodata			SECTION	"a",PROGBITS,PUBLIC
                              8  		ALIGN	4
                              9  	.MN.data		SECTION	"aw",NOBITS,PUBLIC
                              10  		ALIGN	4
                              11  	.MN.romdata		SECTION	"a",PROGBITS,PUBLIC
                              12  		ALIGN	4
                              13  	.MN.romdataend		SECTION	"a",NOBITS,PUBLIC
                              14  		ALIGN	4
                              15  	.bss			SECTION	"aw",NOBITS,PUBLIC
                              16  		ALIGN	4
                              17  	.MN.bssend		SECTION	"aw",NOBITS,PUBLIC
                              18  		ALIGN	4
                              19  	.debug_info		SECTION	"n",PROGBITS,PUBLIC
                              20  	.debug_abbrev		SECTION	"n",PROGBITS,PUBLIC
                              21  	.debug_MN_rsc		SECTION	"n",PROGBITS,PUBLIC
                              22  	.debug_line		SECTION	"n",PROGBITS,PUBLIC
                              23  	.debug_frame		SECTION	"n",PROGBITS,PUBLIC
                              24  	.debug_aranges		SECTION	"n",PROGBITS,PUBLIC
                              25  	.debug_frame		SECTION
                              26  	;; Common Information Entry(CIE)
00000000                      27  	.LFR_TOP
00000000  00000000          + 28  		DD	.LFR_C_E-.LFR_C_B	;; length
00000004                      29  	.LFR_C_B
00000004  FFFFFFFF            30  		DD	0xffffffff	;; CIE_id
00000008  01                  31  		DC	0x1	;; version
00000009  00                  32  		DC	0x0	;; augmentation
0000000a  01                  33  		DC	0x1	;; code_alignment_factor
0000000b  7C                  34  		DC	0x7c	;; data_alignment_factor
0000000c  0A                  35  		DC	0xa	;; return_address_register
                              36  		;; initial_instructions
0000000d  0C0900              37  		DC	0xc,0x9,0x0	;; DW_CFA_def_cfa(SP,0)
00000010  8A00                38  		DC	0x8a,0x0	;; DW_CFA_offset(RET,0)
00000012  0700                39  		DC	0x7,0x0	;; DW_CFA_undefined(D0)
00000014  0701                40  		DC	0x7,0x1	;; DW_CFA_undefined(D1)
00000016  0802                41  		DC	0x8,0x2	;; DW_CFA_same_value(D2)
00000018  0803                42  		DC	0x8,0x3	;; DW_CFA_same_value(D3)
0000001a  0704                43  		DC	0x7,0x4	;; DW_CFA_undefined(A0)
0000001c  0705                44  		DC	0x7,0x5	;; DW_CFA_undefined(A1)
0000001e  0806                45  		DC	0x8,0x6	;; DW_CFA_same_value(A2)
00000020  0807                46  		DC	0x8,0x7	;; DW_CFA_same_value(A3)
00000022  0809                47  		DC	0x8,0x9	;; DW_CFA_same_value(SP)
00000024                      48  	.LFR_C_E
                              49  	;; End of Common Information Entry
                              50  	.text		SECTION
00000000                      51  	.LPC_TOP
                              52  	.rodata		SECTION
                              53  		ALIGN	2
                              54  		GLOBAL	_ROM_InitData
00000000  0100                55  	_ROM_InitData	DW	0x1
00000002  0200                56  		DW	0x2
00000004  0000                57  		DW	0x0
00000006  0100                58  		DW	0x1
00000008  0000                59  		DW	0x0
0000000a  0100                60  		DW	0x1
0000000c  0100                61  		DW	0x1
0000000e  0000                62  		DW	0x0
00000010  0100                63  		DW	0x1
00000012  0000                64  		DW	0x0
00000014  F401                65  		DW	0x1f4
00000016  3075                66  		DW	0x7530
00000018  0000                67  		DW	0x0
0000001a  0A00                68  		DW	0xa
0000001c  0100                69  		DW	0x1
0000001e  0100                70  		DW	0x1
00000020  0100                71  		DW	0x1
00000022  0000                72  		DW	0x0
00000024  0100                73  		DW	0x1
00000026  0000                74  		DW	0x0
00000028  9600                75  		DW	0x96
0000002a  7017                76  		DW	0x1770
0000002c  0100                77  		DW	0x1
0000002e  0100                78  		DW	0x1
00000030  0100                79  		DW	0x1
00000032  9600                80  		DW	0x96
00000034  7017                81  		DW	0x1770
00000036  0100                82  		DW	0x1
00000038  0100                83  		DW	0x1
0000003a  0100                84  		DW	0x1
0000003c  E803                85  		DW	0x3e8
0000003e  3075                86  		DW	0x7530
00000040  0000                87  		DW	0x0
00000042  0A00                88  		DW	0xa
00000044  0200                89  		DW	0x2
00000046  3075                90  		DW	0x7530
00000048  3075                91  		DW	0x7530
0000004a  0000                92  		DW	0x0
0000004c  0A00                93  		DW	0xa
0000004e  0200                94  		DW	0x2
00000050  0000                95  		DW	0x0
00000052  3075                96  		DW	0x7530
00000054  0000                97  		DW	0x0
00000056  0A00                98  		DW	0xa
00000058  0200                99  		DW	0x2
0000005a  2C1A                100  		DW	0x1a2c
0000005c  3075                101  		DW	0x7530
0000005e  0000                102  		DW	0x0
00000060  0A00                103  		DW	0xa
00000062  0200                104  		DW	0x2
00000064  0600                105  		DW	0x6
00000066  6400                106  		DW	0x64
00000068  0000                107  		DW	0x0
0000006a  0100                108  		DW	0x1
0000006c  0000                109  		DW	0x0
0000006e  2C01                110  		DW	0x12c
00000070  7017                111  		DW	0x1770
00000072  0000                112  		DW	0x0
00000074  0A00                113  		DW	0xa
00000076  0100                114  		DW	0x1
00000078  3C00                115  		DW	0x3c
0000007a  5802                116  		DW	0x258
0000007c  0300                117  		DW	0x3
0000007e  0100                118  		DW	0x1
00000080  0000                119  		DW	0x0
00000082  0002                120  		DW	0x200
00000084  FF03                121  		DW	0x3ff
00000086  0000                122  		DW	0x0
00000088  0100                123  		DW	0x1
0000008a  0000                124  		DW	0x0
0000008c  3200                125  		DW	0x32
0000008e  0002                126  		DW	0x200
00000090  0000                127  		DW	0x0
00000092  0100                128  		DW	0x1
00000094  0000                129  		DW	0x0
00000096  0500                130  		DW	0x5
00000098  FF03                131  		DW	0x3ff
0000009a  0000                132  		DW	0x0
0000009c  0100                133  		DW	0x1
0000009e  0000                134  		DW	0x0
000000a0  F203                135  		DW	0x3f2
000000a2  FF03                136  		DW	0x3ff
000000a4  0000                137  		DW	0x0
000000a6  0100                138  		DW	0x1
000000a8  0000                139  		DW	0x0
000000aa  0000                140  		DW	0x0
000000ac  6400                141  		DW	0x64
000000ae  0000                142  		DW	0x0
000000b0  0100                143  		DW	0x1
000000b2  0000                144  		DW	0x0
000000b4  E803                145  		DW	0x3e8
000000b6  D007                146  		DW	0x7d0
000000b8  0000                147  		DW	0x0
000000ba  0100                148  		DW	0x1
000000bc  0100                149  		DW	0x1
000000be  0300                150  		DW	0x3
000000c0  6400                151  		DW	0x64
000000c2  0000                152  		DW	0x0
000000c4  0100                153  		DW	0x1
000000c6  0000                154  		DW	0x0
000000c8  5802                155  		DW	0x258
000000ca  E803                156  		DW	0x3e8
000000cc  0000                157  		DW	0x0
000000ce  0100                158  		DW	0x1
000000d0  0100                159  		DW	0x1
000000d2  6400                160  		DW	0x64
000000d4  E803                161  		DW	0x3e8
000000d6  0000                162  		DW	0x0
000000d8  0A00                163  		DW	0xa
000000da  0100                164  		DW	0x1
000000dc  3200                165  		DW	0x32
000000de  B80B                166  		DW	0xbb8
000000e0  0000                167  		DW	0x0
000000e2  0100                168  		DW	0x1
000000e4  0100                169  		DW	0x1
000000e6  0000                170  		DW	0x0
000000e8  E803                171  		DW	0x3e8
000000ea  0000                172  		DW	0x0
000000ec  0A00                173  		DW	0xa
000000ee  0100                174  		DW	0x1
000000f0  1E00                175  		DW	0x1e
000000f2  B80B                176  		DW	0xbb8
000000f4  0000                177  		DW	0x0
000000f6  0100                178  		DW	0x1
000000f8  0100                179  		DW	0x1
000000fa  4C04                180  		DW	0x44c
000000fc  D007                181  		DW	0x7d0
000000fe  0000                182  		DW	0x0
00000100  0A00                183  		DW	0xa
00000102  0100                184  		DW	0x1
00000104  1E00                185  		DW	0x1e
00000106  B80B                186  		DW	0xbb8
00000108  0000                187  		DW	0x0
0000010a  0100                188  		DW	0x1
0000010c  0100                189  		DW	0x1
0000010e  4C04                190  		DW	0x44c
00000110  D007                191  		DW	0x7d0
00000112  0000                192  		DW	0x0
00000114  0A00                193  		DW	0xa
00000116  0100                194  		DW	0x1
00000118  2C01                195  		DW	0x12c
0000011a  B80B                196  		DW	0xbb8
0000011c  0000                197  		DW	0x0
0000011e  0100                198  		DW	0x1
00000120  0100                199  		DW	0x1
00000122  1004                200  		DW	0x410
00000124  D007                201  		DW	0x7d0
00000126  0000                202  		DW	0x0
00000128  0A00                203  		DW	0xa
0000012a  0100                204  		DW	0x1
0000012c  E803                205  		DW	0x3e8
0000012e  D007                206  		DW	0x7d0
00000130  0000                207  		DW	0x0
00000132  0A00                208  		DW	0xa
00000134  0100                209  		DW	0x1
00000136  1E00                210  		DW	0x1e
00000138  B80B                211  		DW	0xbb8
0000013a  0000                212  		DW	0x0
0000013c  0100                213  		DW	0x1
0000013e  0100                214  		DW	0x1
00000140  6400                215  		DW	0x64
00000142  F401                216  		DW	0x1f4
00000144  0000                217  		DW	0x0
00000146  0A00                218  		DW	0xa
00000148  0200                219  		DW	0x2
0000014a  9803                220  		DW	0x398
0000014c  D007                221  		DW	0x7d0
0000014e  0000                222  		DW	0x0
00000150  0A00                223  		DW	0xa
00000152  0100                224  		DW	0x1
00000154  1E00                225  		DW	0x1e
00000156  B80B                226  		DW	0xbb8
00000158  0000                227  		DW	0x0
0000015a  0100                228  		DW	0x1
0000015c  0100                229  		DW	0x1
0000015e  8403                230  		DW	0x384
00000160  D007                231  		DW	0x7d0
00000162  0000                232  		DW	0x0
00000164  0A00                233  		DW	0xa
00000166  0100                234  		DW	0x1
00000168  0A00                235  		DW	0xa
0000016a  B80B                236  		DW	0xbb8
0000016c  0000                237  		DW	0x0
0000016e  0100                238  		DW	0x1
00000170  0100                239  		DW	0x1
00000172  5C03                240  		DW	0x35c
00000174  D007                241  		DW	0x7d0
00000176  0000                242  		DW	0x0
00000178  0A00                243  		DW	0xa
0000017a  0100                244  		DW	0x1
0000017c  1400                245  		DW	0x14
0000017e  B80B                246  		DW	0xbb8
00000180  0000                247  		DW	0x0
00000182  0100                248  		DW	0x1
00000184  0100                249  		DW	0x1
00000186  0300                250  		DW	0x3
00000188  0400                251  		DW	0x4
0000018a  0000                252  		DW	0x0
0000018c  0100                253  		DW	0x1
0000018e  0000                254  		DW	0x0
00000190  0100                255  		DW	0x1
00000192  0100                256  		DW	0x1
00000194  0000                257  		DW	0x0
00000196  0100                258  		DW	0x1
00000198  0000                259  		DW	0x0
0000019a  5F00                260  		DW	0x5f
0000019c  8C00                261  		DW	0x8c
0000019e  ECFF                262  		DW	0xffec
000001a0  0100                263  		DW	0x1
000001a2  0000                264  		DW	0x0
000001a4  0A00                265  		DW	0xa
000001a6  B80B                266  		DW	0xbb8
000001a8  0000                267  		DW	0x0
000001aa  0100                268  		DW	0x1
000001ac  0100                269  		DW	0x1
000001ae  5A00                270  		DW	0x5a
000001b0  8C00                271  		DW	0x8c
000001b2  ECFF                272  		DW	0xffec
000001b4  0100                273  		DW	0x1
000001b6  0000                274  		DW	0x0
000001b8  1E00                275  		DW	0x1e
000001ba  B80B                276  		DW	0xbb8
000001bc  0000                277  		DW	0x0
000001be  0100                278  		DW	0x1
000001c0  0100                279  		DW	0x1
000001c2  C800                280  		DW	0xc8
000001c4  401F                281  		DW	0x1f40
000001c6  0000                282  		DW	0x0
000001c8  0A00                283  		DW	0xa
000001ca  0200                284  		DW	0x2
000001cc  5500                285  		DW	0x55
000001ce  8C00                286  		DW	0x8c
000001d0  ECFF                287  		DW	0xffec
000001d2  0100                288  		DW	0x1
000001d4  0000                289  		DW	0x0
000001d6  1400                290  		DW	0x14
000001d8  B80B                291  		DW	0xbb8
000001da  0000                292  		DW	0x0
000001dc  0100                293  		DW	0x1
000001de  0100                294  		DW	0x1
000001e0  5500                295  		DW	0x55
000001e2  8C00                296  		DW	0x8c
000001e4  ECFF                297  		DW	0xffec
000001e6  0100                298  		DW	0x1
000001e8  0000                299  		DW	0x0
000001ea  1400                300  		DW	0x14
000001ec  B80B                301  		DW	0xbb8
000001ee  0000                302  		DW	0x0
000001f0  0100                303  		DW	0x1
000001f2  0100                304  		DW	0x1
000001f4  5000                305  		DW	0x50
000001f6  8C00                306  		DW	0x8c
000001f8  ECFF                307  		DW	0xffec
000001fa  0100                308  		DW	0x1
000001fc  0000                309  		DW	0x0
000001fe  1400                310  		DW	0x14
00000200  B80B                311  		DW	0xbb8
00000202  0000                312  		DW	0x0
00000204  0100                313  		DW	0x1
00000206  0100                314  		DW	0x1
00000208  0300                315  		DW	0x3
0000020a  0400                316  		DW	0x4
0000020c  0000                317  		DW	0x0
0000020e  0100                318  		DW	0x1
00000210  0000                319  		DW	0x0
00000212  9A01                320  		DW	0x19a
00000214  E803                321  		DW	0x3e8
00000216  0000                322  		DW	0x0
00000218  0100                323  		DW	0x1
0000021a  0000                324  		DW	0x0
0000021c  0300                325  		DW	0x3
0000021e  6400                326  		DW	0x64
00000220  0000                327  		DW	0x0
00000222  0100                328  		DW	0x1
00000224  0000                329  		DW	0x0
00000226  9001                330  		DW	0x190
00000228  E803                331  		DW	0x3e8
0000022a  0000                332  		DW	0x0
0000022c  0100                333  		DW	0x1
0000022e  0000                334  		DW	0x0
00000230  7801                335  		DW	0x178
00000232  E803                336  		DW	0x3e8
00000234  0000                337  		DW	0x0
00000236  0100                338  		DW	0x1
00000238  0000                339  		DW	0x0
0000023a  7F01                340  		DW	0x17f
0000023c  E803                341  		DW	0x3e8
0000023e  0000                342  		DW	0x0
00000240  0100                343  		DW	0x1
00000242  0000                344  		DW	0x0
00000244  7501                345  		DW	0x175
00000246  E803                346  		DW	0x3e8
00000248  0000                347  		DW	0x0
0000024a  0100                348  		DW	0x1
0000024c  0000                349  		DW	0x0
0000024e  C200                350  		DW	0xc2
00000250  E803                351  		DW	0x3e8
00000252  0000                352  		DW	0x0
00000254  0100                353  		DW	0x1
00000256  0000                354  		DW	0x0
00000258  DA00                355  		DW	0xda
0000025a  E803                356  		DW	0x3e8
0000025c  0000                357  		DW	0x0
0000025e  0100                358  		DW	0x1
00000260  0000                359  		DW	0x0
00000262  0100                360  		DW	0x1
00000264  0400                361  		DW	0x4
00000266  0000                362  		DW	0x0
00000268  0100                363  		DW	0x1
0000026a  0000                364  		DW	0x0
0000026c  4C04                365  		DW	0x44c
0000026e  D007                366  		DW	0x7d0
00000270  0000                367  		DW	0x0
00000272  0100                368  		DW	0x1
00000274  0000                369  		DW	0x0
00000276  6400                370  		DW	0x64
00000278  6400                371  		DW	0x64
0000027a  0000                372  		DW	0x0
0000027c  0100                373  		DW	0x1
0000027e  0000                374  		DW	0x0
00000280  7017                375  		DW	0x1770
00000282  7017                376  		DW	0x1770
00000284  0000                377  		DW	0x0
00000286  0100                378  		DW	0x1
00000288  0000                379  		DW	0x0
0000028a  E304                380  		DW	0x4e3
0000028c  0040                381  		DW	0x4000
0000028e  0000                382  		DW	0x0
00000290  0100                383  		DW	0x1
00000292  0000                384  		DW	0x0
00000294  0800                385  		DW	0x8
00000296  1000                386  		DW	0x10
00000298  0800                387  		DW	0x8
0000029a  0100                388  		DW	0x1
0000029c  0000                389  		DW	0x0
0000029e  0000                390  		DW	0x0
000002a0  E803                391  		DW	0x3e8
000002a2  0000                392  		DW	0x0
000002a4  0100                393  		DW	0x1
000002a6  0000                394  		DW	0x0
000002a8  0000                395  		DW	0x0
000002aa  FF03                396  		DW	0x3ff
000002ac  01FC                397  		DW	0xfc01
000002ae  0100                398  		DW	0x1
000002b0  0000                399  		DW	0x0
000002b2  0301                400  		DW	0x103
000002b4  0040                401  		DW	0x4000
000002b6  0000                402  		DW	0x0
000002b8  0100                403  		DW	0x1
000002ba  0000                404  		DW	0x0
000002bc  0900                405  		DW	0x9
000002be  1000                406  		DW	0x10
000002c0  0800                407  		DW	0x8
000002c2  0100                408  		DW	0x1
000002c4  0000                409  		DW	0x0
000002c6  0000                410  		DW	0x0
000002c8  E803                411  		DW	0x3e8
000002ca  0000                412  		DW	0x0
000002cc  0100                413  		DW	0x1
000002ce  0000                414  		DW	0x0
000002d0  0000                415  		DW	0x0
000002d2  FF03                416  		DW	0x3ff
000002d4  01FC                417  		DW	0xfc01
000002d6  0100                418  		DW	0x1
000002d8  0000                419  		DW	0x0
000002da  0000                420  		DW	0x0
000002dc  6400                421  		DW	0x64
000002de  9CFF                422  		DW	0xff9c
000002e0  0100                423  		DW	0x1
000002e2  0000                424  		DW	0x0
000002e4  0300                425  		DW	0x3
000002e6  6400                426  		DW	0x64
000002e8  9CFF                427  		DW	0xff9c
000002ea  0100                428  		DW	0x1
000002ec  0000                429  		DW	0x0
000002ee  0000                430  		DW	0x0
000002f0  0100                431  		DW	0x1
000002f2  0000                432  		DW	0x0
000002f4  0100                433  		DW	0x1
000002f6  0000                434  		DW	0x0
000002f8  0000                435  		DW	0x0
000002fa  FF00                436  		DW	0xff
000002fc  0000                437  		DW	0x0
000002fe  0000                438  		DW	0x0
00000300  0000                439  		DW	0x0
00000302  0000                440  		DW	0x0
00000304  FF00                441  		DW	0xff
00000306  0000                442  		DW	0x0
00000308  0000                443  		DW	0x0
0000030a  0000                444  		DW	0x0
0000030c  0000                445  		DW	0x0
0000030e  FF00                446  		DW	0xff
00000310  0000                447  		DW	0x0
00000312  0000                448  		DW	0x0
00000314  0000                449  		DW	0x0
00000316  0000                450  		DW	0x0
00000318  FF00                451  		DW	0xff
0000031a  0000                452  		DW	0x0
0000031c  0000                453  		DW	0x0
0000031e  0000                454  		DW	0x0
00000320  0000                455  		DW	0x0
00000322  FF00                456  		DW	0xff
00000324  0000                457  		DW	0x0
00000326  0000                458  		DW	0x0
00000328  0000                459  		DW	0x0
0000032a  0000                460  		DW	0x0
0000032c  0100                461  		DW	0x1
0000032e  0000                462  		DW	0x0
00000330  0100                463  		DW	0x1
00000332  0000                464  		DW	0x0
00000334  0100                465  		DW	0x1
00000336  0100                466  		DW	0x1
00000338  0000                467  		DW	0x0
0000033a  0100                468  		DW	0x1
0000033c  0000                469  		DW	0x0
0000033e  3700                470  		DW	0x37
00000340  9600                471  		DW	0x96
00000342  1400                472  		DW	0x14
00000344  0100                473  		DW	0x1
00000346  0100                474  		DW	0x1
00000348  1E00                475  		DW	0x1e
0000034a  9600                476  		DW	0x96
0000034c  0000                477  		DW	0x0
0000034e  0100                478  		DW	0x1
00000350  0100                479  		DW	0x1
00000352  0F00                480  		DW	0xf
00000354  9600                481  		DW	0x96
00000356  1400                482  		DW	0x14
00000358  0100                483  		DW	0x1
0000035a  0100                484  		DW	0x1
0000035c  0000                485  		DW	0x0
0000035e  9600                486  		DW	0x96
00000360  0000                487  		DW	0x0
00000362  0100                488  		DW	0x1
00000364  0100                489  		DW	0x1
00000366  2800                490  		DW	0x28
00000368  9600                491  		DW	0x96
0000036a  0000                492  		DW	0x0
0000036c  0100                493  		DW	0x1
0000036e  0100                494  		DW	0x1
00000370  0500                495  		DW	0x5
00000372  9600                496  		DW	0x96
00000374  0000                497  		DW	0x0
00000376  0100                498  		DW	0x1
00000378  0100                499  		DW	0x1
0000037a  9808                500  		DW	0x898
0000037c  1027                501  		DW	0x2710
0000037e  3200                502  		DW	0x32
00000380  0100                503  		DW	0x1
00000382  0100                504  		DW	0x1
00000384  6400                505  		DW	0x64
00000386  B80B                506  		DW	0xbb8
00000388  0000                507  		DW	0x0
0000038a  0100                508  		DW	0x1
0000038c  0000                509  		DW	0x0
0000038e  C801                510  		DW	0x1c8
00000390  3075                511  		DW	0x7530
00000392  0000                512  		DW	0x0
00000394  0100                513  		DW	0x1
00000396  0000                514  		DW	0x0
00000398  2600                515  		DW	0x26
0000039a  3075                516  		DW	0x7530
0000039c  0000                517  		DW	0x0
0000039e  0100                518  		DW	0x1
000003a0  0000                519  		DW	0x0
000003a2  0A00                520  		DW	0xa
000003a4  A00F                521  		DW	0xfa0
000003a6  0000                522  		DW	0x0
000003a8  0100                523  		DW	0x1
000003aa  0100                524  		DW	0x1
000003ac  9808                525  		DW	0x898
000003ae  A00F                526  		DW	0xfa0
000003b0  BC02                527  		DW	0x2bc
000003b2  0A00                528  		DW	0xa
000003b4  0100                529  		DW	0x1
000003b6  E803                530  		DW	0x3e8
000003b8  401F                531  		DW	0x1f40
000003ba  F401                532  		DW	0x1f4
000003bc  6400                533  		DW	0x64
000003be  0200                534  		DW	0x2
000003c0  2C01                535  		DW	0x12c
000003c2  0807                536  		DW	0x708
000003c4  0000                537  		DW	0x0
000003c6  0100                538  		DW	0x1
000003c8  0100                539  		DW	0x1
000003ca  0000                540  		DW	0x0
000003cc  0300                541  		DW	0x3
000003ce  0000                542  		DW	0x0
000003d0  0100                543  		DW	0x1
000003d2  0000                544  		DW	0x0
000003d4  0001                545  		DW	0x100
000003d6  0001                546  		DW	0x100
000003d8  0000                547  		DW	0x0
000003da  0000                548  		DW	0x0
000003dc  0000                549  		DW	0x0
000003de  6700                550  		DW	0x67
000003e0  E703                551  		DW	0x3e7
000003e2  0000                552  		DW	0x0
000003e4  0000                553  		DW	0x0
000003e6  0200                554  		DW	0x2
000003e8  4608                555  		DW	0x846
000003ea  1F4E                556  		DW	0x4e1f
000003ec  0000                557  		DW	0x0
000003ee  0000                558  		DW	0x0
000003f0  0200                559  		DW	0x2
000003f2  AA55                560  		DW	0x55aa
000003f4  AA55                561  		DW	0x55aa
000003f6  AA55                562  		DW	0x55aa
000003f8  0000                563  		DW	0x0
000003fa  0000                564  		DW	0x0
                              565  		OBJECT	_ROM_InitData,0x3fc
                              566  		ALIGN	2
                              567  		GLOBAL	_motor_para
000003fc  0400                568  	_motor_para	DW	0x4
000003fe  0000                569  		DW	0x0
00000400  0000                570  		DW	0x0
00000402  0000                571  		DW	0x0
00000404  0000                572  		DW	0x0
00000406  E803                573  		DW	0x3e8
00000408  E40C                574  		DW	0xce4
0000040a  E40C                575  		DW	0xce4
0000040c  0400                576  		DW	0x4
0000040e  0000                577  		DW	0x0
00000410  0000                578  		DW	0x0
00000412  0000                579  		DW	0x0
00000414  0000                580  		DW	0x0
00000416  E803                581  		DW	0x3e8
00000418  E40C                582  		DW	0xce4
0000041a  E40C                583  		DW	0xce4
0000041c  0400                584  		DW	0x4
0000041e  0000                585  		DW	0x0
00000420  0000                586  		DW	0x0
00000422  0000                587  		DW	0x0
00000424  0000                588  		DW	0x0
00000426  E803                589  		DW	0x3e8
00000428  E40C                590  		DW	0xce4
0000042a  E40C                591  		DW	0xce4
0000042c  0400                592  		DW	0x4
0000042e  0000                593  		DW	0x0
00000430  0000                594  		DW	0x0
00000432  0000                595  		DW	0x0
00000434  0000                596  		DW	0x0
00000436  E803                597  		DW	0x3e8
00000438  E40C                598  		DW	0xce4
0000043a  E40C                599  		DW	0xce4
0000043c  0400                600  		DW	0x4
0000043e  0000                601  		DW	0x0
00000440  0000                602  		DW	0x0
00000442  0000                603  		DW	0x0
00000444  0000                604  		DW	0x0
00000446  E803                605  		DW	0x3e8
00000448  E40C                606  		DW	0xce4
0000044a  E40C                607  		DW	0xce4
0000044c  0400                608  		DW	0x4
0000044e  0000                609  		DW	0x0
00000450  0000                610  		DW	0x0
00000452  0000                611  		DW	0x0
00000454  0000                612  		DW	0x0
00000456  E803                613  		DW	0x3e8
00000458  E40C                614  		DW	0xce4
0000045a  E40C                615  		DW	0xce4
0000045c  0400                616  		DW	0x4
0000045e  0000                617  		DW	0x0
00000460  0000                618  		DW	0x0
00000462  0000                619  		DW	0x0
00000464  0000                620  		DW	0x0
00000466  E803                621  		DW	0x3e8
00000468  E40C                622  		DW	0xce4
0000046a  E40C                623  		DW	0xce4
0000046c  0400                624  		DW	0x4
0000046e  0000                625  		DW	0x0
00000470  0000                626  		DW	0x0
00000472  0000                627  		DW	0x0
00000474  0000                628  		DW	0x0
00000476  E803                629  		DW	0x3e8
00000478  E40C                630  		DW	0xce4
0000047a  E40C                631  		DW	0xce4
0000047c  0400                632  		DW	0x4
0000047e  0000                633  		DW	0x0
00000480  0000                634  		DW	0x0
00000482  0000                635  		DW	0x0
00000484  0000                636  		DW	0x0
00000486  E803                637  		DW	0x3e8
00000488  E40C                638  		DW	0xce4
0000048a  E40C                639  		DW	0xce4
0000048c  0400                640  		DW	0x4
0000048e  0000                641  		DW	0x0
00000490  0000                642  		DW	0x0
00000492  0000                643  		DW	0x0
00000494  0000                644  		DW	0x0
00000496  E803                645  		DW	0x3e8
00000498  E40C                646  		DW	0xce4
0000049a  E40C                647  		DW	0xce4
0000049c  0400                648  		DW	0x4
0000049e  0000                649  		DW	0x0
000004a0  0000                650  		DW	0x0
000004a2  0000                651  		DW	0x0
000004a4  0000                652  		DW	0x0
000004a6  E803                653  		DW	0x3e8
000004a8  E40C                654  		DW	0xce4
000004aa  E40C                655  		DW	0xce4
000004ac  0400                656  		DW	0x4
000004ae  0000                657  		DW	0x0
000004b0  0000                658  		DW	0x0
000004b2  0000                659  		DW	0x0
000004b4  0000                660  		DW	0x0
000004b6  E803                661  		DW	0x3e8
000004b8  E40C                662  		DW	0xce4
000004ba  E40C                663  		DW	0xce4
000004bc  0400                664  		DW	0x4
000004be  0000                665  		DW	0x0
000004c0  0000                666  		DW	0x0
000004c2  0000                667  		DW	0x0
000004c4  0000                668  		DW	0x0
000004c6  E803                669  		DW	0x3e8
000004c8  E40C                670  		DW	0xce4
000004ca  E40C                671  		DW	0xce4
000004cc  0400                672  		DW	0x4
000004ce  0000                673  		DW	0x0
000004d0  0000                674  		DW	0x0
000004d2  0000                675  		DW	0x0
000004d4  0000                676  		DW	0x0
000004d6  E803                677  		DW	0x3e8
000004d8  E40C                678  		DW	0xce4
000004da  E40C                679  		DW	0xce4
000004dc  0400                680  		DW	0x4
000004de  0000                681  		DW	0x0
000004e0  0000                682  		DW	0x0
000004e2  0000                683  		DW	0x0
000004e4  0000                684  		DW	0x0
000004e6  E803                685  		DW	0x3e8
000004e8  E40C                686  		DW	0xce4
000004ea  E40C                687  		DW	0xce4
000004ec  0400                688  		DW	0x4
000004ee  0000                689  		DW	0x0
000004f0  0000                690  		DW	0x0
000004f2  0000                691  		DW	0x0
000004f4  0000                692  		DW	0x0
000004f6  E803                693  		DW	0x3e8
000004f8  E40C                694  		DW	0xce4
000004fa  E40C                695  		DW	0xce4
000004fc  0400                696  		DW	0x4
000004fe  0000                697  		DW	0x0
00000500  0000                698  		DW	0x0
00000502  0000                699  		DW	0x0
00000504  0000                700  		DW	0x0
00000506  E803                701  		DW	0x3e8
00000508  E40C                702  		DW	0xce4
0000050a  E40C                703  		DW	0xce4
                              704  		OBJECT	_motor_para,0x110
                              705  	.bss		SECTION
                              706  		ALIGN	2
                              707  		GLOBAL	_ram_para
00000000                      708  	_ram_para	DS	204
                              709  		OBJECT	_ram_para,0xcc
                              710  	.text		SECTION
00000000                      711  	.LPC_END
                              712  	.debug_abbrev		SECTION
                              713  	;; Abbreviation Tables
00000000                      714  	.LAB_TOP
                              715  		;; decl 1
00000000  01                  716  		DC	0x1	;; abbrev_code
00000001  11                  717  		DC	0x11	;; DW_TAG_compile_unit
00000002  01                  718  		DC	0x1	;; DW_CHILDREN_yes
00000003  0308                719  		DC	0x3,0x8	;; DW_AT_name, DW_FORM_string
00000005  1305                720  		DC	0x13,0x5	;; DW_AT_language, DW_FORM_data2
00000007  1B08                721  		DC	0x1b,0x8	;; DW_AT_comp_dir, DW_FORM_string
00000009  2508                722  		DC	0x25,0x8	;; DW_AT_producer, DW_FORM_string
0000000b  420B                723  		DC	0x42,0xb	;; DW_AT_identifier_case, DW_FORM_data1
0000000d  00                  724  		DC	0x0
0000000e  00                  725  		DC	0x0
                              726  		;; decl 2
0000000f  02                  727  		DC	0x2	;; abbrev_code
00000010  24                  728  		DC	0x24	;; DW_TAG_base_type
00000011  00                  729  		DC	0x0	;; DW_CHILDREN_no
00000012  0308                730  		DC	0x3,0x8	;; DW_AT_name, DW_FORM_string
00000014  0B0F                731  		DC	0xb,0xf	;; DW_AT_byte_size, DW_FORM_udata
00000016  3E05                732  		DC	0x3e,0x5	;; DW_AT_encoding, DW_FORM_data2
00000018  00                  733  		DC	0x0
00000019  00                  734  		DC	0x0
                              735  		;; decl 3
0000001a  03                  736  		DC	0x3	;; abbrev_code
0000001b  01                  737  		DC	0x1	;; DW_TAG_array_type
0000001c  01                  738  		DC	0x1	;; DW_CHILDREN_yes
0000001d  090B                739  		DC	0x9,0xb	;; DW_AT_ordering, DW_FORM_data1
0000001f  4913                740  		DC	0x49,0x13	;; DW_AT_type, DW_FORM_ref4
00000021  00                  741  		DC	0x0
00000022  00                  742  		DC	0x0
                              743  		;; decl 4
00000023  04                  744  		DC	0x4	;; abbrev_code
00000024  21                  745  		DC	0x21	;; DW_TAG_subrange_type
00000025  00                  746  		DC	0x0	;; DW_CHILDREN_no
00000026  0B0F                747  		DC	0xb,0xf	;; DW_AT_byte_size, DW_FORM_udata
00000028  2F0F                748  		DC	0x2f,0xf	;; DW_AT_upper_bound, DW_FORM_udata
0000002a  00                  749  		DC	0x0
0000002b  00                  750  		DC	0x0
                              751  		;; decl 5
0000002c  05                  752  		DC	0x5	;; abbrev_code
0000002d  26                  753  		DC	0x26	;; DW_TAG_const_type
0000002e  00                  754  		DC	0x0	;; DW_CHILDREN_no
0000002f  4913                755  		DC	0x49,0x13	;; DW_AT_type, DW_FORM_ref4
00000031  00                  756  		DC	0x0
00000032  00                  757  		DC	0x0
                              758  		;; decl 6
00000033  06                  759  		DC	0x6	;; abbrev_code
00000034  16                  760  		DC	0x16	;; DW_TAG_typedef
00000035  00                  761  		DC	0x0	;; DW_CHILDREN_no
00000036  0308                762  		DC	0x3,0x8	;; DW_AT_name, DW_FORM_string
00000038  4913                763  		DC	0x49,0x13	;; DW_AT_type, DW_FORM_ref4
0000003a  00                  764  		DC	0x0
0000003b  00                  765  		DC	0x0
                              766  		;; decl 7
0000003c  07                  767  		DC	0x7	;; abbrev_code
0000003d  13                  768  		DC	0x13	;; DW_TAG_structure_type
0000003e  01                  769  		DC	0x1	;; DW_CHILDREN_yes
0000003f  0B0F                770  		DC	0xb,0xf	;; DW_AT_byte_size, DW_FORM_udata
00000041  00                  771  		DC	0x0
00000042  00                  772  		DC	0x0
                              773  		;; decl 8
00000043  08                  774  		DC	0x8	;; abbrev_code
00000044  0D                  775  		DC	0xd	;; DW_TAG_member
00000045  00                  776  		DC	0x0	;; DW_CHILDREN_no
00000046  0308                777  		DC	0x3,0x8	;; DW_AT_name, DW_FORM_string
00000048  3809                778  		DC	0x38,0x9	;; DW_AT_data_member_location, DW_FORM_block
0000004a  4913                779  		DC	0x49,0x13	;; DW_AT_type, DW_FORM_ref4
0000004c  00                  780  		DC	0x0
0000004d  00                  781  		DC	0x0
                              782  		;; decl 9
0000004e  09                  783  		DC	0x9	;; abbrev_code
0000004f  17                  784  		DC	0x17	;; DW_TAG_union_type
00000050  01                  785  		DC	0x1	;; DW_CHILDREN_yes
00000051  0B0F                786  		DC	0xb,0xf	;; DW_AT_byte_size, DW_FORM_udata
00000053  00                  787  		DC	0x0
00000054  00                  788  		DC	0x0
                              789  		;; decl 10
00000055  0A                  790  		DC	0xa	;; abbrev_code
00000056  0D                  791  		DC	0xd	;; DW_TAG_member
00000057  00                  792  		DC	0x0	;; DW_CHILDREN_no
00000058  0308                793  		DC	0x3,0x8	;; DW_AT_name, DW_FORM_string
0000005a  0B0F                794  		DC	0xb,0xf	;; DW_AT_byte_size, DW_FORM_udata
0000005c  0C0F                795  		DC	0xc,0xf	;; DW_AT_bit_offset, DW_FORM_udata
0000005e  0D0F                796  		DC	0xd,0xf	;; DW_AT_bit_size, DW_FORM_udata
00000060  3809                797  		DC	0x38,0x9	;; DW_AT_data_member_location, DW_FORM_block
00000062  4913                798  		DC	0x49,0x13	;; DW_AT_type, DW_FORM_ref4
00000064  00                  799  		DC	0x0
00000065  00                  800  		DC	0x0
                              801  		;; decl 11
00000066  0B                  802  		DC	0xb	;; abbrev_code
00000067  34                  803  		DC	0x34	;; DW_TAG_variable
00000068  00                  804  		DC	0x0	;; DW_CHILDREN_no
00000069  0209                805  		DC	0x2,0x9	;; DW_AT_location, DW_FORM_block
0000006b  0308                806  		DC	0x3,0x8	;; DW_AT_name, DW_FORM_string
0000006d  3F0C                807  		DC	0x3f,0xc	;; DW_AT_external, DW_FORM_flag
0000006f  4913                808  		DC	0x49,0x13	;; DW_AT_type, DW_FORM_ref4
00000071  00                  809  		DC	0x0
00000072  00                  810  		DC	0x0
                              811  		;; end
00000073  00                  812  		DC	0x0
                              813  	;; End of Abbreviation Tables
                              814  	.debug_info		SECTION
                              815  	;; Debugging Information Entries
00000000                      816  	.LI_TOP
                              817  	;; header
00000000  00000000          + 818  		DD	.LI_E-.LI_B	;; length
00000004                      819  	.LI_B
00000004  0200                820  		DW	0x2	;; version
00000006  00000000          + 821  		DD	.LAB_TOP	;; abbrev_table
0000000a  04                  822  		DC	0x4	;; address_width
                              823  	;; entry 1
0000000b  01                  824  		DC	0x1	;; abbrev_code
0000000c  636F64655C524F4D    825  		DC	"code\\ROM_PARA.c",0x0	;; DW_AT_name
00000014  5F504152412E6300    825  	
0000001c  0100                826  		DW	0x1	;; DW_AT_language
0000001e  453A5C522D445C46    827  		DC	"E:\\R-D\\FAN-Drv(li)\\DB6-S2-PS219Cx_V1.03",0x0	;; DW_AT_comp_dir
00000026  414E2D447276286C    827  	
0000002e  69295C4442362D53    827  	
00000036  322D505332313943    827  	
0000003e  785F56312E303300    827  	
00000046  4D4E313033532053    828  		DC	"MN103S Series C Compiler Windows V5.4R1 Nov 30 2011",0x0	;; DW_AT_producer
0000004e  6572696573204320    828  	
00000056  436F6D70696C6572    828  	
0000005e  2057696E646F7773    828  	
00000066  2056352E34523120    828  	
0000006e  4E6F762033302032    828  	
00000076  30313100            828  	
0000007a  00                  829  		DC	0x0	;; DW_AT_identifier_case
                              830  	;; entry 2
0000007b                      831  	.LDW10
0000007b  02                  832  		DC	0x2	;; abbrev_code
0000007c  646F75626C6500      833  		DC	"double",0x0	;; DW_AT_name
00000083  08                  834  		DC	0x8	;; DW_AT_byte_size
00000084  0400                835  		DW	0x4	;; DW_AT_encoding
                              836  	;; entry 3
00000086                      837  	.LDW9
00000086  02                  838  		DC	0x2	;; abbrev_code
00000087  666C6F617400        839  		DC	"float",0x0	;; DW_AT_name
0000008d  04                  840  		DC	0x4	;; DW_AT_byte_size
0000008e  0400                841  		DW	0x4	;; DW_AT_encoding
                              842  	;; entry 4
00000090                      843  	.LDW8
00000090  02                  844  		DC	0x2	;; abbrev_code
00000091  6C6F6E67206C6F6E    845  		DC	"long long",0x0	;; DW_AT_name
00000099  6700                845  	
0000009b  08                  846  		DC	0x8	;; DW_AT_byte_size
0000009c  0700                847  		DW	0x7	;; DW_AT_encoding
                              848  	;; entry 5
0000009e                      849  	.LDW7
0000009e  02                  850  		DC	0x2	;; abbrev_code
0000009f  6C6F6E6700          851  		DC	"long",0x0	;; DW_AT_name
000000a4  04                  852  		DC	0x4	;; DW_AT_byte_size
000000a5  0700                853  		DW	0x7	;; DW_AT_encoding
                              854  	;; entry 6
000000a7                      855  	.LDW6
000000a7  02                  856  		DC	0x2	;; abbrev_code
000000a8  73686F727400        857  		DC	"short",0x0	;; DW_AT_name
000000ae  02                  858  		DC	0x2	;; DW_AT_byte_size
000000af  0700                859  		DW	0x7	;; DW_AT_encoding
                              860  	;; entry 7
000000b1                      861  	.LDW5
000000b1  02                  862  		DC	0x2	;; abbrev_code
000000b2  6368617200          863  		DC	"char",0x0	;; DW_AT_name
000000b7  01                  864  		DC	0x1	;; DW_AT_byte_size
000000b8  0800                865  		DW	0x8	;; DW_AT_encoding
                              866  	;; entry 8
000000ba                      867  	.LDW4
000000ba  02                  868  		DC	0x2	;; abbrev_code
000000bb  6C6F6E67206C6F6E    869  		DC	"long long",0x0	;; DW_AT_name
000000c3  6700                869  	
000000c5  08                  870  		DC	0x8	;; DW_AT_byte_size
000000c6  0500                871  		DW	0x5	;; DW_AT_encoding
                              872  	;; entry 9
000000c8                      873  	.LDW3
000000c8  02                  874  		DC	0x2	;; abbrev_code
000000c9  6C6F6E6700          875  		DC	"long",0x0	;; DW_AT_name
000000ce  04                  876  		DC	0x4	;; DW_AT_byte_size
000000cf  0500                877  		DW	0x5	;; DW_AT_encoding
                              878  	;; entry 10
000000d1                      879  	.LDW2
000000d1  02                  880  		DC	0x2	;; abbrev_code
000000d2  73686F727400        881  		DC	"short",0x0	;; DW_AT_name
000000d8  02                  882  		DC	0x2	;; DW_AT_byte_size
000000d9  0500                883  		DW	0x5	;; DW_AT_encoding
                              884  	;; entry 11
000000db                      885  	.LDW27
000000db  03                  886  		DC	0x3	;; abbrev_code
000000dc  00                  887  		DC	0x0	;; DW_AT_ordering
000000dd  00000000          + 888  		DD	.LDW2-.LI_TOP	;; DW_AT_type
                              889  	;; entry 12
000000e1  04                  890  		DC	0x4	;; abbrev_code
000000e2  02                  891  		DC	0x2	;; DW_AT_byte_size
000000e3  65                  892  		DC	0x65	;; DW_AT_upper_bound
                              893  	;; NULL ENTRY 13
000000e4  00                  894  		DC	0x0
                              895  	;; entry 14
000000e5                      896  	.LDW25
000000e5  05                  897  		DC	0x5	;; abbrev_code
000000e6  00000000          + 898  		DD	.LDW2-.LI_TOP	;; DW_AT_type
                              899  	;; entry 15
000000ea                      900  	.LDW28
000000ea  03                  901  		DC	0x3	;; abbrev_code
000000eb  00                  902  		DC	0x0	;; DW_AT_ordering
000000ec  00000000          + 903  		DD	.LDW25-.LI_TOP	;; DW_AT_type
                              904  	;; entry 16
000000f0  04                  905  		DC	0x4	;; abbrev_code
000000f1  02                  906  		DC	0x2	;; DW_AT_byte_size
000000f2  10                  907  		DC	0x10	;; DW_AT_upper_bound
                              908  	;; entry 17
000000f3  04                  909  		DC	0x4	;; abbrev_code
000000f4  02                  910  		DC	0x2	;; DW_AT_byte_size
000000f5  07                  911  		DC	0x7	;; DW_AT_upper_bound
                              912  	;; NULL ENTRY 18
000000f6  00                  913  		DC	0x0
                              914  	;; entry 19
000000f7                      915  	.LDW26
000000f7  03                  916  		DC	0x3	;; abbrev_code
000000f8  00                  917  		DC	0x0	;; DW_AT_ordering
000000f9  00000000          + 918  		DD	.LDW25-.LI_TOP	;; DW_AT_type
                              919  	;; entry 20
000000fd  04                  920  		DC	0x4	;; abbrev_code
000000fe  02                  921  		DC	0x2	;; DW_AT_byte_size
000000ff  65                  922  		DC	0x65	;; DW_AT_upper_bound
                              923  	;; entry 21
00000100  04                  924  		DC	0x4	;; abbrev_code
00000101  02                  925  		DC	0x2	;; DW_AT_byte_size
00000102  04                  926  		DC	0x4	;; DW_AT_upper_bound
                              927  	;; NULL ENTRY 22
00000103  00                  928  		DC	0x0
                              929  	;; entry 23
00000104                      930  	.LDW1
00000104  02                  931  		DC	0x2	;; abbrev_code
00000105  6368617200          932  		DC	"char",0x0	;; DW_AT_name
0000010a  01                  933  		DC	0x1	;; DW_AT_byte_size
0000010b  0600                934  		DW	0x6	;; DW_AT_encoding
                              935  	;; entry 24
0000010d  06                  936  		DC	0x6	;; abbrev_code
0000010e  636861725F7400      937  		DC	"char_t",0x0	;; DW_AT_name
00000115  00000000          + 938  		DD	.LDW1-.LI_TOP	;; DW_AT_type
                              939  	;; entry 25
00000119  06                  940  		DC	0x6	;; abbrev_code
0000011a  696E74385F7400      941  		DC	"int8_t",0x0	;; DW_AT_name
00000121  00000000          + 942  		DD	.LDW1-.LI_TOP	;; DW_AT_type
                              943  	;; entry 26
00000125  06                  944  		DC	0x6	;; abbrev_code
00000126  696E7431365F7400    945  		DC	"int16_t",0x0	;; DW_AT_name
0000012e  00000000          + 946  		DD	.LDW2-.LI_TOP	;; DW_AT_type
                              947  	;; entry 27
00000132  06                  948  		DC	0x6	;; abbrev_code
00000133  696E7433325F7400    949  		DC	"int32_t",0x0	;; DW_AT_name
0000013b  00000000          + 950  		DD	.LDW3-.LI_TOP	;; DW_AT_type
                              951  	;; entry 28
0000013f  06                  952  		DC	0x6	;; abbrev_code
00000140  696E7436345F7400    953  		DC	"int64_t",0x0	;; DW_AT_name
00000148  00000000          + 954  		DD	.LDW4-.LI_TOP	;; DW_AT_type
                              955  	;; entry 29
0000014c  06                  956  		DC	0x6	;; abbrev_code
0000014d  75696E74385F7400    957  		DC	"uint8_t",0x0	;; DW_AT_name
00000155  00000000          + 958  		DD	.LDW5-.LI_TOP	;; DW_AT_type
                              959  	;; entry 30
00000159  06                  960  		DC	0x6	;; abbrev_code
0000015a  75696E7431365F74    961  		DC	"uint16_t",0x0	;; DW_AT_name
00000162  00                  961  	
00000163  00000000          + 962  		DD	.LDW6-.LI_TOP	;; DW_AT_type
                              963  	;; entry 31
00000167  06                  964  		DC	0x6	;; abbrev_code
00000168  75696E7433325F74    965  		DC	"uint32_t",0x0	;; DW_AT_name
00000170  00                  965  	
00000171  00000000          + 966  		DD	.LDW7-.LI_TOP	;; DW_AT_type
                              967  	;; entry 32
00000175  06                  968  		DC	0x6	;; abbrev_code
00000176  75696E7436345F74    969  		DC	"uint64_t",0x0	;; DW_AT_name
0000017e  00                  969  	
0000017f  00000000          + 970  		DD	.LDW8-.LI_TOP	;; DW_AT_type
                              971  	;; entry 33
00000183  06                  972  		DC	0x6	;; abbrev_code
00000184  666C6F617433325F    973  		DC	"float32_t",0x0	;; DW_AT_name
0000018c  7400                973  	
0000018e  00000000          + 974  		DD	.LDW9-.LI_TOP	;; DW_AT_type
                              975  	;; entry 34
00000192  06                  976  		DC	0x6	;; abbrev_code
00000193  666C6F617436345F    977  		DC	"float64_t",0x0	;; DW_AT_name
0000019b  7400                977  	
0000019d  00000000          + 978  		DD	.LDW10-.LI_TOP	;; DW_AT_type
                              979  	;; entry 35
000001a1                      980  	.LDW11
000001a1  07                  981  		DC	0x7	;; abbrev_code
000001a2  08                  982  		DC	0x8	;; DW_AT_byte_size
                              983  	;; entry 36
000001a3  08                  984  		DC	0x8	;; abbrev_code
000001a4  6C6F7700            985  		DC	"low",0x0	;; DW_AT_name
                              986  				;; DW_AT_data_member_location
000001a8  02                  987  		DC	0x2	;;   size of loc_exp
000001a9  23                  988  		DC	0x23	;;   DW_OP_plus_uconst
000001aa  00                  989  		DC	0x0	;;     operand
000001ab  00000000          + 990  		DD	.LDW3-.LI_TOP	;; DW_AT_type
                              991  	;; entry 37
000001af  08                  992  		DC	0x8	;; abbrev_code
000001b0  6869676800          993  		DC	"high",0x0	;; DW_AT_name
                              994  				;; DW_AT_data_member_location
000001b5  02                  995  		DC	0x2	;;   size of loc_exp
000001b6  23                  996  		DC	0x23	;;   DW_OP_plus_uconst
000001b7  04                  997  		DC	0x4	;;     operand
000001b8  00000000          + 998  		DD	.LDW3-.LI_TOP	;; DW_AT_type
                              999  	;; NULL ENTRY 38
000001bc  00                  1000  		DC	0x0
                              1001  	;; entry 39
000001bd                      1002  	.LDW12
000001bd  07                  1003  		DC	0x7	;; abbrev_code
000001be  08                  1004  		DC	0x8	;; DW_AT_byte_size
                              1005  	;; entry 40
000001bf  08                  1006  		DC	0x8	;; abbrev_code
000001c0  6C6F7700            1007  		DC	"low",0x0	;; DW_AT_name
                              1008  				;; DW_AT_data_member_location
000001c4  02                  1009  		DC	0x2	;;   size of loc_exp
000001c5  23                  1010  		DC	0x23	;;   DW_OP_plus_uconst
000001c6  00                  1011  		DC	0x0	;;     operand
000001c7  00000000          + 1012  		DD	.LDW7-.LI_TOP	;; DW_AT_type
                              1013  	;; entry 41
000001cb  08                  1014  		DC	0x8	;; abbrev_code
000001cc  6869676800          1015  		DC	"high",0x0	;; DW_AT_name
                              1016  				;; DW_AT_data_member_location
000001d1  02                  1017  		DC	0x2	;;   size of loc_exp
000001d2  23                  1018  		DC	0x23	;;   DW_OP_plus_uconst
000001d3  04                  1019  		DC	0x4	;;     operand
000001d4  00000000          + 1020  		DD	.LDW7-.LI_TOP	;; DW_AT_type
                              1021  	;; NULL ENTRY 42
000001d8  00                  1022  		DC	0x0
                              1023  	;; entry 43
000001d9                      1024  	.LDW13
000001d9  09                  1025  		DC	0x9	;; abbrev_code
000001da  08                  1026  		DC	0x8	;; DW_AT_byte_size
                              1027  	;; entry 44
000001db  08                  1028  		DC	0x8	;; abbrev_code
000001dc  646C776F726400      1029  		DC	"dlword",0x0	;; DW_AT_name
                              1030  				;; DW_AT_data_member_location
000001e3  02                  1031  		DC	0x2	;;   size of loc_exp
000001e4  23                  1032  		DC	0x23	;;   DW_OP_plus_uconst
000001e5  00                  1033  		DC	0x0	;;     operand
000001e6  00000000          + 1034  		DD	.LDW4-.LI_TOP	;; DW_AT_type
                              1035  	;; entry 45
000001ea  08                  1036  		DC	0x8	;; abbrev_code
000001eb  6C776F726400        1037  		DC	"lword",0x0	;; DW_AT_name
                              1038  				;; DW_AT_data_member_location
000001f1  02                  1039  		DC	0x2	;;   size of loc_exp
000001f2  23                  1040  		DC	0x23	;;   DW_OP_plus_uconst
000001f3  00                  1041  		DC	0x0	;;     operand
000001f4  00000000          + 1042  		DD	.LDW11-.LI_TOP	;; DW_AT_type
                              1043  	;; entry 46
000001f8  08                  1044  		DC	0x8	;; abbrev_code
000001f9  75646C776F726400    1045  		DC	"udlword",0x0	;; DW_AT_name
                              1046  				;; DW_AT_data_member_location
00000201  02                  1047  		DC	0x2	;;   size of loc_exp
00000202  23                  1048  		DC	0x23	;;   DW_OP_plus_uconst
00000203  00                  1049  		DC	0x0	;;     operand
00000204  00000000          + 1050  		DD	.LDW8-.LI_TOP	;; DW_AT_type
                              1051  	;; entry 47
00000208  08                  1052  		DC	0x8	;; abbrev_code
00000209  756C776F726400      1053  		DC	"ulword",0x0	;; DW_AT_name
                              1054  				;; DW_AT_data_member_location
00000210  02                  1055  		DC	0x2	;;   size of loc_exp
00000211  23                  1056  		DC	0x23	;;   DW_OP_plus_uconst
00000212  00                  1057  		DC	0x0	;;     operand
00000213  00000000          + 1058  		DD	.LDW12-.LI_TOP	;; DW_AT_type
                              1059  	;; NULL ENTRY 48
00000217  00                  1060  		DC	0x0
                              1061  	;; entry 49
00000218  06                  1062  		DC	0x6	;; abbrev_code
00000219  646C776F72645F74    1063  		DC	"dlword_type",0x0	;; DW_AT_name
00000221  79706500            1063  	
00000225  00000000          + 1064  		DD	.LDW13-.LI_TOP	;; DW_AT_type
                              1065  	;; entry 50
00000229                      1066  	.LDW14
00000229  07                  1067  		DC	0x7	;; abbrev_code
0000022a  04                  1068  		DC	0x4	;; DW_AT_byte_size
                              1069  	;; entry 51
0000022b  08                  1070  		DC	0x8	;; abbrev_code
0000022c  6C6F7700            1071  		DC	"low",0x0	;; DW_AT_name
                              1072  				;; DW_AT_data_member_location
00000230  02                  1073  		DC	0x2	;;   size of loc_exp
00000231  23                  1074  		DC	0x23	;;   DW_OP_plus_uconst
00000232  00                  1075  		DC	0x0	;;     operand
00000233  00000000          + 1076  		DD	.LDW2-.LI_TOP	;; DW_AT_type
                              1077  	;; entry 52
00000237  08                  1078  		DC	0x8	;; abbrev_code
00000238  6869676800          1079  		DC	"high",0x0	;; DW_AT_name
                              1080  				;; DW_AT_data_member_location
0000023d  02                  1081  		DC	0x2	;;   size of loc_exp
0000023e  23                  1082  		DC	0x23	;;   DW_OP_plus_uconst
0000023f  02                  1083  		DC	0x2	;;     operand
00000240  00000000          + 1084  		DD	.LDW2-.LI_TOP	;; DW_AT_type
                              1085  	;; NULL ENTRY 53
00000244  00                  1086  		DC	0x0
                              1087  	;; entry 54
00000245                      1088  	.LDW15
00000245  07                  1089  		DC	0x7	;; abbrev_code
00000246  04                  1090  		DC	0x4	;; DW_AT_byte_size
                              1091  	;; entry 55
00000247  08                  1092  		DC	0x8	;; abbrev_code
00000248  4C4C00              1093  		DC	"LL",0x0	;; DW_AT_name
                              1094  				;; DW_AT_data_member_location
0000024b  02                  1095  		DC	0x2	;;   size of loc_exp
0000024c  23                  1096  		DC	0x23	;;   DW_OP_plus_uconst
0000024d  00                  1097  		DC	0x0	;;     operand
0000024e  00000000          + 1098  		DD	.LDW1-.LI_TOP	;; DW_AT_type
                              1099  	;; entry 56
00000252  08                  1100  		DC	0x8	;; abbrev_code
00000253  4C4800              1101  		DC	"LH",0x0	;; DW_AT_name
                              1102  				;; DW_AT_data_member_location
00000256  02                  1103  		DC	0x2	;;   size of loc_exp
00000257  23                  1104  		DC	0x23	;;   DW_OP_plus_uconst
00000258  01                  1105  		DC	0x1	;;     operand
00000259  00000000          + 1106  		DD	.LDW1-.LI_TOP	;; DW_AT_type
                              1107  	;; entry 57
0000025d  08                  1108  		DC	0x8	;; abbrev_code
0000025e  484C00              1109  		DC	"HL",0x0	;; DW_AT_name
                              1110  				;; DW_AT_data_member_location
00000261  02                  1111  		DC	0x2	;;   size of loc_exp
00000262  23                  1112  		DC	0x23	;;   DW_OP_plus_uconst
00000263  02                  1113  		DC	0x2	;;     operand
00000264  00000000          + 1114  		DD	.LDW1-.LI_TOP	;; DW_AT_type
                              1115  	;; entry 58
00000268  08                  1116  		DC	0x8	;; abbrev_code
00000269  484800              1117  		DC	"HH",0x0	;; DW_AT_name
                              1118  				;; DW_AT_data_member_location
0000026c  02                  1119  		DC	0x2	;;   size of loc_exp
0000026d  23                  1120  		DC	0x23	;;   DW_OP_plus_uconst
0000026e  03                  1121  		DC	0x3	;;     operand
0000026f  00000000          + 1122  		DD	.LDW1-.LI_TOP	;; DW_AT_type
                              1123  	;; NULL ENTRY 59
00000273  00                  1124  		DC	0x0
                              1125  	;; entry 60
00000274                      1126  	.LDW16
00000274  07                  1127  		DC	0x7	;; abbrev_code
00000275  04                  1128  		DC	0x4	;; DW_AT_byte_size
                              1129  	;; entry 61
00000276  08                  1130  		DC	0x8	;; abbrev_code
00000277  6C6F7700            1131  		DC	"low",0x0	;; DW_AT_name
                              1132  				;; DW_AT_data_member_location
0000027b  02                  1133  		DC	0x2	;;   size of loc_exp
0000027c  23                  1134  		DC	0x23	;;   DW_OP_plus_uconst
0000027d  00                  1135  		DC	0x0	;;     operand
0000027e  00000000          + 1136  		DD	.LDW6-.LI_TOP	;; DW_AT_type
                              1137  	;; entry 62
00000282  08                  1138  		DC	0x8	;; abbrev_code
00000283  6869676800          1139  		DC	"high",0x0	;; DW_AT_name
                              1140  				;; DW_AT_data_member_location
00000288  02                  1141  		DC	0x2	;;   size of loc_exp
00000289  23                  1142  		DC	0x23	;;   DW_OP_plus_uconst
0000028a  02                  1143  		DC	0x2	;;     operand
0000028b  00000000          + 1144  		DD	.LDW6-.LI_TOP	;; DW_AT_type
                              1145  	;; NULL ENTRY 63
0000028f  00                  1146  		DC	0x0
                              1147  	;; entry 64
00000290                      1148  	.LDW17
00000290  07                  1149  		DC	0x7	;; abbrev_code
00000291  04                  1150  		DC	0x4	;; DW_AT_byte_size
                              1151  	;; entry 65
00000292  08                  1152  		DC	0x8	;; abbrev_code
00000293  4C4C00              1153  		DC	"LL",0x0	;; DW_AT_name
                              1154  				;; DW_AT_data_member_location
00000296  02                  1155  		DC	0x2	;;   size of loc_exp
00000297  23                  1156  		DC	0x23	;;   DW_OP_plus_uconst
00000298  00                  1157  		DC	0x0	;;     operand
00000299  00000000          + 1158  		DD	.LDW5-.LI_TOP	;; DW_AT_type
                              1159  	;; entry 66
0000029d  08                  1160  		DC	0x8	;; abbrev_code
0000029e  4C4800              1161  		DC	"LH",0x0	;; DW_AT_name
                              1162  				;; DW_AT_data_member_location
000002a1  02                  1163  		DC	0x2	;;   size of loc_exp
000002a2  23                  1164  		DC	0x23	;;   DW_OP_plus_uconst
000002a3  01                  1165  		DC	0x1	;;     operand
000002a4  00000000          + 1166  		DD	.LDW5-.LI_TOP	;; DW_AT_type
                              1167  	;; entry 67
000002a8  08                  1168  		DC	0x8	;; abbrev_code
000002a9  484C00              1169  		DC	"HL",0x0	;; DW_AT_name
                              1170  				;; DW_AT_data_member_location
000002ac  02                  1171  		DC	0x2	;;   size of loc_exp
000002ad  23                  1172  		DC	0x23	;;   DW_OP_plus_uconst
000002ae  02                  1173  		DC	0x2	;;     operand
000002af  00000000          + 1174  		DD	.LDW5-.LI_TOP	;; DW_AT_type
                              1175  	;; entry 68
000002b3  08                  1176  		DC	0x8	;; abbrev_code
000002b4  484800              1177  		DC	"HH",0x0	;; DW_AT_name
                              1178  				;; DW_AT_data_member_location
000002b7  02                  1179  		DC	0x2	;;   size of loc_exp
000002b8  23                  1180  		DC	0x23	;;   DW_OP_plus_uconst
000002b9  03                  1181  		DC	0x3	;;     operand
000002ba  00000000          + 1182  		DD	.LDW5-.LI_TOP	;; DW_AT_type
                              1183  	;; NULL ENTRY 69
000002be  00                  1184  		DC	0x0
                              1185  	;; entry 70
000002bf                      1186  	.LDW18
000002bf  09                  1187  		DC	0x9	;; abbrev_code
000002c0  04                  1188  		DC	0x4	;; DW_AT_byte_size
                              1189  	;; entry 71
000002c1  08                  1190  		DC	0x8	;; abbrev_code
000002c2  6C776F726400        1191  		DC	"lword",0x0	;; DW_AT_name
                              1192  				;; DW_AT_data_member_location
000002c8  02                  1193  		DC	0x2	;;   size of loc_exp
000002c9  23                  1194  		DC	0x23	;;   DW_OP_plus_uconst
000002ca  00                  1195  		DC	0x0	;;     operand
000002cb  00000000          + 1196  		DD	.LDW3-.LI_TOP	;; DW_AT_type
                              1197  	;; entry 72
000002cf  08                  1198  		DC	0x8	;; abbrev_code
000002d0  776F726400          1199  		DC	"word",0x0	;; DW_AT_name
                              1200  				;; DW_AT_data_member_location
000002d5  02                  1201  		DC	0x2	;;   size of loc_exp
000002d6  23                  1202  		DC	0x23	;;   DW_OP_plus_uconst
000002d7  00                  1203  		DC	0x0	;;     operand
000002d8  00000000          + 1204  		DD	.LDW14-.LI_TOP	;; DW_AT_type
                              1205  	;; entry 73
000002dc  08                  1206  		DC	0x8	;; abbrev_code
000002dd  6279746500          1207  		DC	"byte",0x0	;; DW_AT_name
                              1208  				;; DW_AT_data_member_location
000002e2  02                  1209  		DC	0x2	;;   size of loc_exp
000002e3  23                  1210  		DC	0x23	;;   DW_OP_plus_uconst
000002e4  00                  1211  		DC	0x0	;;     operand
000002e5  00000000          + 1212  		DD	.LDW15-.LI_TOP	;; DW_AT_type
                              1213  	;; entry 74
000002e9  08                  1214  		DC	0x8	;; abbrev_code
000002ea  756C776F726400      1215  		DC	"ulword",0x0	;; DW_AT_name
                              1216  				;; DW_AT_data_member_location
000002f1  02                  1217  		DC	0x2	;;   size of loc_exp
000002f2  23                  1218  		DC	0x23	;;   DW_OP_plus_uconst
000002f3  00                  1219  		DC	0x0	;;     operand
000002f4  00000000          + 1220  		DD	.LDW7-.LI_TOP	;; DW_AT_type
                              1221  	;; entry 75
000002f8  08                  1222  		DC	0x8	;; abbrev_code
000002f9  75776F726400        1223  		DC	"uword",0x0	;; DW_AT_name
                              1224  				;; DW_AT_data_member_location
000002ff  02                  1225  		DC	0x2	;;   size of loc_exp
00000300  23                  1226  		DC	0x23	;;   DW_OP_plus_uconst
00000301  00                  1227  		DC	0x0	;;     operand
00000302  00000000          + 1228  		DD	.LDW16-.LI_TOP	;; DW_AT_type
                              1229  	;; entry 76
00000306  08                  1230  		DC	0x8	;; abbrev_code
00000307  756279746500        1231  		DC	"ubyte",0x0	;; DW_AT_name
                              1232  				;; DW_AT_data_member_location
0000030d  02                  1233  		DC	0x2	;;   size of loc_exp
0000030e  23                  1234  		DC	0x23	;;   DW_OP_plus_uconst
0000030f  00                  1235  		DC	0x0	;;     operand
00000310  00000000          + 1236  		DD	.LDW17-.LI_TOP	;; DW_AT_type
                              1237  	;; NULL ENTRY 77
00000314  00                  1238  		DC	0x0
                              1239  	;; entry 78
00000315  06                  1240  		DC	0x6	;; abbrev_code
00000316  6C776F72645F7479    1241  		DC	"lword_type",0x0	;; DW_AT_name
0000031e  706500              1241  	
00000321  00000000          + 1242  		DD	.LDW18-.LI_TOP	;; DW_AT_type
                              1243  	;; entry 79
00000325                      1244  	.LDW19
00000325  07                  1245  		DC	0x7	;; abbrev_code
00000326  04                  1246  		DC	0x4	;; DW_AT_byte_size
                              1247  	;; entry 80
00000327  08                  1248  		DC	0x8	;; abbrev_code
00000328  6C6F7700            1249  		DC	"low",0x0	;; DW_AT_name
                              1250  				;; DW_AT_data_member_location
0000032c  02                  1251  		DC	0x2	;;   size of loc_exp
0000032d  23                  1252  		DC	0x23	;;   DW_OP_plus_uconst
0000032e  00                  1253  		DC	0x0	;;     operand
0000032f  00000000          + 1254  		DD	.LDW1-.LI_TOP	;; DW_AT_type
                              1255  	;; entry 81
00000333  08                  1256  		DC	0x8	;; abbrev_code
00000334  6869676800          1257  		DC	"high",0x0	;; DW_AT_name
                              1258  				;; DW_AT_data_member_location
00000339  02                  1259  		DC	0x2	;;   size of loc_exp
0000033a  23                  1260  		DC	0x23	;;   DW_OP_plus_uconst
0000033b  01                  1261  		DC	0x1	;;     operand
0000033c  00000000          + 1262  		DD	.LDW1-.LI_TOP	;; DW_AT_type
                              1263  	;; NULL ENTRY 82
00000340  00                  1264  		DC	0x0
                              1265  	;; entry 83
00000341                      1266  	.LDW20
00000341  07                  1267  		DC	0x7	;; abbrev_code
00000342  04                  1268  		DC	0x4	;; DW_AT_byte_size
                              1269  	;; entry 84
00000343  08                  1270  		DC	0x8	;; abbrev_code
00000344  6C6F7700            1271  		DC	"low",0x0	;; DW_AT_name
                              1272  				;; DW_AT_data_member_location
00000348  02                  1273  		DC	0x2	;;   size of loc_exp
00000349  23                  1274  		DC	0x23	;;   DW_OP_plus_uconst
0000034a  00                  1275  		DC	0x0	;;     operand
0000034b  00000000          + 1276  		DD	.LDW5-.LI_TOP	;; DW_AT_type
                              1277  	;; entry 85
0000034f  08                  1278  		DC	0x8	;; abbrev_code
00000350  6869676800          1279  		DC	"high",0x0	;; DW_AT_name
                              1280  				;; DW_AT_data_member_location
00000355  02                  1281  		DC	0x2	;;   size of loc_exp
00000356  23                  1282  		DC	0x23	;;   DW_OP_plus_uconst
00000357  01                  1283  		DC	0x1	;;     operand
00000358  00000000          + 1284  		DD	.LDW5-.LI_TOP	;; DW_AT_type
                              1285  	;; NULL ENTRY 86
0000035c  00                  1286  		DC	0x0
                              1287  	;; entry 87
0000035d                      1288  	.LDW21
0000035d  09                  1289  		DC	0x9	;; abbrev_code
0000035e  04                  1290  		DC	0x4	;; DW_AT_byte_size
                              1291  	;; entry 88
0000035f  08                  1292  		DC	0x8	;; abbrev_code
00000360  776F726400          1293  		DC	"word",0x0	;; DW_AT_name
                              1294  				;; DW_AT_data_member_location
00000365  02                  1295  		DC	0x2	;;   size of loc_exp
00000366  23                  1296  		DC	0x23	;;   DW_OP_plus_uconst
00000367  00                  1297  		DC	0x0	;;     operand
00000368  00000000          + 1298  		DD	.LDW2-.LI_TOP	;; DW_AT_type
                              1299  	;; entry 89
0000036c  08                  1300  		DC	0x8	;; abbrev_code
0000036d  6279746500          1301  		DC	"byte",0x0	;; DW_AT_name
                              1302  				;; DW_AT_data_member_location
00000372  02                  1303  		DC	0x2	;;   size of loc_exp
00000373  23                  1304  		DC	0x23	;;   DW_OP_plus_uconst
00000374  00                  1305  		DC	0x0	;;     operand
00000375  00000000          + 1306  		DD	.LDW19-.LI_TOP	;; DW_AT_type
                              1307  	;; entry 90
00000379  08                  1308  		DC	0x8	;; abbrev_code
0000037a  75776F726400        1309  		DC	"uword",0x0	;; DW_AT_name
                              1310  				;; DW_AT_data_member_location
00000380  02                  1311  		DC	0x2	;;   size of loc_exp
00000381  23                  1312  		DC	0x23	;;   DW_OP_plus_uconst
00000382  00                  1313  		DC	0x0	;;     operand
00000383  00000000          + 1314  		DD	.LDW6-.LI_TOP	;; DW_AT_type
                              1315  	;; entry 91
00000387  08                  1316  		DC	0x8	;; abbrev_code
00000388  756279746500        1317  		DC	"ubyte",0x0	;; DW_AT_name
                              1318  				;; DW_AT_data_member_location
0000038e  02                  1319  		DC	0x2	;;   size of loc_exp
0000038f  23                  1320  		DC	0x23	;;   DW_OP_plus_uconst
00000390  00                  1321  		DC	0x0	;;     operand
00000391  00000000          + 1322  		DD	.LDW20-.LI_TOP	;; DW_AT_type
                              1323  	;; NULL ENTRY 92
00000395  00                  1324  		DC	0x0
                              1325  	;; entry 93
00000396  06                  1326  		DC	0x6	;; abbrev_code
00000397  776F72645F747970    1327  		DC	"word_type",0x0	;; DW_AT_name
0000039f  6500                1327  	
000003a1  00000000          + 1328  		DD	.LDW21-.LI_TOP	;; DW_AT_type
                              1329  	;; entry 94
000003a5                      1330  	.LDW22
000003a5  07                  1331  		DC	0x7	;; abbrev_code
000003a6  04                  1332  		DC	0x4	;; DW_AT_byte_size
                              1333  	;; entry 95
000003a7  0A                  1334  		DC	0xa	;; abbrev_code
000003a8  6269743000          1335  		DC	"bit0",0x0	;; DW_AT_name
000003ad  02                  1336  		DC	0x2	;; DW_AT_byte_size
000003ae  0F                  1337  		DC	0xf	;; DW_AT_bit_offset
000003af  01                  1338  		DC	0x1	;; DW_AT_bit_size
                              1339  				;; DW_AT_data_member_location
000003b0  02                  1340  		DC	0x2	;;   size of loc_exp
000003b1  23                  1341  		DC	0x23	;;   DW_OP_plus_uconst
000003b2  00                  1342  		DC	0x0	;;     operand
000003b3  00000000          + 1343  		DD	.LDW6-.LI_TOP	;; DW_AT_type
                              1344  	;; entry 96
000003b7  0A                  1345  		DC	0xa	;; abbrev_code
000003b8  6269743100          1346  		DC	"bit1",0x0	;; DW_AT_name
000003bd  02                  1347  		DC	0x2	;; DW_AT_byte_size
000003be  0E                  1348  		DC	0xe	;; DW_AT_bit_offset
000003bf  01                  1349  		DC	0x1	;; DW_AT_bit_size
                              1350  				;; DW_AT_data_member_location
000003c0  02                  1351  		DC	0x2	;;   size of loc_exp
000003c1  23                  1352  		DC	0x23	;;   DW_OP_plus_uconst
000003c2  00                  1353  		DC	0x0	;;     operand
000003c3  00000000          + 1354  		DD	.LDW6-.LI_TOP	;; DW_AT_type
                              1355  	;; entry 97
000003c7  0A                  1356  		DC	0xa	;; abbrev_code
000003c8  6269743200          1357  		DC	"bit2",0x0	;; DW_AT_name
000003cd  02                  1358  		DC	0x2	;; DW_AT_byte_size
000003ce  0D                  1359  		DC	0xd	;; DW_AT_bit_offset
000003cf  01                  1360  		DC	0x1	;; DW_AT_bit_size
                              1361  				;; DW_AT_data_member_location
000003d0  02                  1362  		DC	0x2	;;   size of loc_exp
000003d1  23                  1363  		DC	0x23	;;   DW_OP_plus_uconst
000003d2  00                  1364  		DC	0x0	;;     operand
000003d3  00000000          + 1365  		DD	.LDW6-.LI_TOP	;; DW_AT_type
                              1366  	;; entry 98
000003d7  0A                  1367  		DC	0xa	;; abbrev_code
000003d8  6269743300          1368  		DC	"bit3",0x0	;; DW_AT_name
000003dd  02                  1369  		DC	0x2	;; DW_AT_byte_size
000003de  0C                  1370  		DC	0xc	;; DW_AT_bit_offset
000003df  01                  1371  		DC	0x1	;; DW_AT_bit_size
                              1372  				;; DW_AT_data_member_location
000003e0  02                  1373  		DC	0x2	;;   size of loc_exp
000003e1  23                  1374  		DC	0x23	;;   DW_OP_plus_uconst
000003e2  00                  1375  		DC	0x0	;;     operand
000003e3  00000000          + 1376  		DD	.LDW6-.LI_TOP	;; DW_AT_type
                              1377  	;; entry 99
000003e7  0A                  1378  		DC	0xa	;; abbrev_code
000003e8  6269743400          1379  		DC	"bit4",0x0	;; DW_AT_name
000003ed  02                  1380  		DC	0x2	;; DW_AT_byte_size
000003ee  0B                  1381  		DC	0xb	;; DW_AT_bit_offset
000003ef  01                  1382  		DC	0x1	;; DW_AT_bit_size
                              1383  				;; DW_AT_data_member_location
000003f0  02                  1384  		DC	0x2	;;   size of loc_exp
000003f1  23                  1385  		DC	0x23	;;   DW_OP_plus_uconst
000003f2  00                  1386  		DC	0x0	;;     operand
000003f3  00000000          + 1387  		DD	.LDW6-.LI_TOP	;; DW_AT_type
                              1388  	;; entry 100
000003f7  0A                  1389  		DC	0xa	;; abbrev_code
000003f8  6269743500          1390  		DC	"bit5",0x0	;; DW_AT_name
000003fd  02                  1391  		DC	0x2	;; DW_AT_byte_size
000003fe  0A                  1392  		DC	0xa	;; DW_AT_bit_offset
000003ff  01                  1393  		DC	0x1	;; DW_AT_bit_size
                              1394  				;; DW_AT_data_member_location
00000400  02                  1395  		DC	0x2	;;   size of loc_exp
00000401  23                  1396  		DC	0x23	;;   DW_OP_plus_uconst
00000402  00                  1397  		DC	0x0	;;     operand
00000403  00000000          + 1398  		DD	.LDW6-.LI_TOP	;; DW_AT_type
                              1399  	;; entry 101
00000407  0A                  1400  		DC	0xa	;; abbrev_code
00000408  6269743600          1401  		DC	"bit6",0x0	;; DW_AT_name
0000040d  02                  1402  		DC	0x2	;; DW_AT_byte_size
0000040e  09                  1403  		DC	0x9	;; DW_AT_bit_offset
0000040f  01                  1404  		DC	0x1	;; DW_AT_bit_size
                              1405  				;; DW_AT_data_member_location
00000410  02                  1406  		DC	0x2	;;   size of loc_exp
00000411  23                  1407  		DC	0x23	;;   DW_OP_plus_uconst
00000412  00                  1408  		DC	0x0	;;     operand
00000413  00000000          + 1409  		DD	.LDW6-.LI_TOP	;; DW_AT_type
                              1410  	;; entry 102
00000417  0A                  1411  		DC	0xa	;; abbrev_code
00000418  6269743700          1412  		DC	"bit7",0x0	;; DW_AT_name
0000041d  02                  1413  		DC	0x2	;; DW_AT_byte_size
0000041e  08                  1414  		DC	0x8	;; DW_AT_bit_offset
0000041f  01                  1415  		DC	0x1	;; DW_AT_bit_size
                              1416  				;; DW_AT_data_member_location
00000420  02                  1417  		DC	0x2	;;   size of loc_exp
00000421  23                  1418  		DC	0x23	;;   DW_OP_plus_uconst
00000422  00                  1419  		DC	0x0	;;     operand
00000423  00000000          + 1420  		DD	.LDW6-.LI_TOP	;; DW_AT_type
                              1421  	;; entry 103
00000427  0A                  1422  		DC	0xa	;; abbrev_code
00000428  6269743800          1423  		DC	"bit8",0x0	;; DW_AT_name
0000042d  02                  1424  		DC	0x2	;; DW_AT_byte_size
0000042e  07                  1425  		DC	0x7	;; DW_AT_bit_offset
0000042f  01                  1426  		DC	0x1	;; DW_AT_bit_size
                              1427  				;; DW_AT_data_member_location
00000430  02                  1428  		DC	0x2	;;   size of loc_exp
00000431  23                  1429  		DC	0x23	;;   DW_OP_plus_uconst
00000432  00                  1430  		DC	0x0	;;     operand
00000433  00000000          + 1431  		DD	.LDW6-.LI_TOP	;; DW_AT_type
                              1432  	;; entry 104
00000437  0A                  1433  		DC	0xa	;; abbrev_code
00000438  6269743900          1434  		DC	"bit9",0x0	;; DW_AT_name
0000043d  02                  1435  		DC	0x2	;; DW_AT_byte_size
0000043e  06                  1436  		DC	0x6	;; DW_AT_bit_offset
0000043f  01                  1437  		DC	0x1	;; DW_AT_bit_size
                              1438  				;; DW_AT_data_member_location
00000440  02                  1439  		DC	0x2	;;   size of loc_exp
00000441  23                  1440  		DC	0x23	;;   DW_OP_plus_uconst
00000442  00                  1441  		DC	0x0	;;     operand
00000443  00000000          + 1442  		DD	.LDW6-.LI_TOP	;; DW_AT_type
                              1443  	;; entry 105
00000447  0A                  1444  		DC	0xa	;; abbrev_code
00000448  626974313000        1445  		DC	"bit10",0x0	;; DW_AT_name
0000044e  02                  1446  		DC	0x2	;; DW_AT_byte_size
0000044f  05                  1447  		DC	0x5	;; DW_AT_bit_offset
00000450  01                  1448  		DC	0x1	;; DW_AT_bit_size
                              1449  				;; DW_AT_data_member_location
00000451  02                  1450  		DC	0x2	;;   size of loc_exp
00000452  23                  1451  		DC	0x23	;;   DW_OP_plus_uconst
00000453  00                  1452  		DC	0x0	;;     operand
00000454  00000000          + 1453  		DD	.LDW6-.LI_TOP	;; DW_AT_type
                              1454  	;; entry 106
00000458  0A                  1455  		DC	0xa	;; abbrev_code
00000459  626974313100        1456  		DC	"bit11",0x0	;; DW_AT_name
0000045f  02                  1457  		DC	0x2	;; DW_AT_byte_size
00000460  04                  1458  		DC	0x4	;; DW_AT_bit_offset
00000461  01                  1459  		DC	0x1	;; DW_AT_bit_size
                              1460  				;; DW_AT_data_member_location
00000462  02                  1461  		DC	0x2	;;   size of loc_exp
00000463  23                  1462  		DC	0x23	;;   DW_OP_plus_uconst
00000464  00                  1463  		DC	0x0	;;     operand
00000465  00000000          + 1464  		DD	.LDW6-.LI_TOP	;; DW_AT_type
                              1465  	;; entry 107
00000469  0A                  1466  		DC	0xa	;; abbrev_code
0000046a  626974313200        1467  		DC	"bit12",0x0	;; DW_AT_name
00000470  02                  1468  		DC	0x2	;; DW_AT_byte_size
00000471  03                  1469  		DC	0x3	;; DW_AT_bit_offset
00000472  01                  1470  		DC	0x1	;; DW_AT_bit_size
                              1471  				;; DW_AT_data_member_location
00000473  02                  1472  		DC	0x2	;;   size of loc_exp
00000474  23                  1473  		DC	0x23	;;   DW_OP_plus_uconst
00000475  00                  1474  		DC	0x0	;;     operand
00000476  00000000          + 1475  		DD	.LDW6-.LI_TOP	;; DW_AT_type
                              1476  	;; entry 108
0000047a  0A                  1477  		DC	0xa	;; abbrev_code
0000047b  626974313300        1478  		DC	"bit13",0x0	;; DW_AT_name
00000481  02                  1479  		DC	0x2	;; DW_AT_byte_size
00000482  02                  1480  		DC	0x2	;; DW_AT_bit_offset
00000483  01                  1481  		DC	0x1	;; DW_AT_bit_size
                              1482  				;; DW_AT_data_member_location
00000484  02                  1483  		DC	0x2	;;   size of loc_exp
00000485  23                  1484  		DC	0x23	;;   DW_OP_plus_uconst
00000486  00                  1485  		DC	0x0	;;     operand
00000487  00000000          + 1486  		DD	.LDW6-.LI_TOP	;; DW_AT_type
                              1487  	;; entry 109
0000048b  0A                  1488  		DC	0xa	;; abbrev_code
0000048c  626974313400        1489  		DC	"bit14",0x0	;; DW_AT_name
00000492  02                  1490  		DC	0x2	;; DW_AT_byte_size
00000493  01                  1491  		DC	0x1	;; DW_AT_bit_offset
00000494  01                  1492  		DC	0x1	;; DW_AT_bit_size
                              1493  				;; DW_AT_data_member_location
00000495  02                  1494  		DC	0x2	;;   size of loc_exp
00000496  23                  1495  		DC	0x23	;;   DW_OP_plus_uconst
00000497  00                  1496  		DC	0x0	;;     operand
00000498  00000000          + 1497  		DD	.LDW6-.LI_TOP	;; DW_AT_type
                              1498  	;; entry 110
0000049c  0A                  1499  		DC	0xa	;; abbrev_code
0000049d  626974313500        1500  		DC	"bit15",0x0	;; DW_AT_name
000004a3  02                  1501  		DC	0x2	;; DW_AT_byte_size
000004a4  00                  1502  		DC	0x0	;; DW_AT_bit_offset
000004a5  01                  1503  		DC	0x1	;; DW_AT_bit_size
                              1504  				;; DW_AT_data_member_location
000004a6  02                  1505  		DC	0x2	;;   size of loc_exp
000004a7  23                  1506  		DC	0x23	;;   DW_OP_plus_uconst
000004a8  00                  1507  		DC	0x0	;;     operand
000004a9  00000000          + 1508  		DD	.LDW6-.LI_TOP	;; DW_AT_type
                              1509  	;; NULL ENTRY 111
000004ad  00                  1510  		DC	0x0
                              1511  	;; entry 112
000004ae                      1512  	.LDW23
000004ae  09                  1513  		DC	0x9	;; abbrev_code
000004af  04                  1514  		DC	0x4	;; DW_AT_byte_size
                              1515  	;; entry 113
000004b0  08                  1516  		DC	0x8	;; abbrev_code
000004b1  75776F726400        1517  		DC	"uword",0x0	;; DW_AT_name
                              1518  				;; DW_AT_data_member_location
000004b7  02                  1519  		DC	0x2	;;   size of loc_exp
000004b8  23                  1520  		DC	0x23	;;   DW_OP_plus_uconst
000004b9  00                  1521  		DC	0x0	;;     operand
000004ba  00000000          + 1522  		DD	.LDW6-.LI_TOP	;; DW_AT_type
                              1523  	;; entry 114
000004be  08                  1524  		DC	0x8	;; abbrev_code
000004bf  6269747300          1525  		DC	"bits",0x0	;; DW_AT_name
                              1526  				;; DW_AT_data_member_location
000004c4  02                  1527  		DC	0x2	;;   size of loc_exp
000004c5  23                  1528  		DC	0x23	;;   DW_OP_plus_uconst
000004c6  00                  1529  		DC	0x0	;;     operand
000004c7  00000000          + 1530  		DD	.LDW22-.LI_TOP	;; DW_AT_type
                              1531  	;; NULL ENTRY 115
000004cb  00                  1532  		DC	0x0
                              1533  	;; entry 116
000004cc  06                  1534  		DC	0x6	;; abbrev_code
000004cd  666C61675F747970    1535  		DC	"flag_type",0x0	;; DW_AT_name
000004d5  6500                1535  	
000004d7  00000000          + 1536  		DD	.LDW23-.LI_TOP	;; DW_AT_type
                              1537  	;; entry 117
000004db                      1538  	.LDW24
000004db  07                  1539  		DC	0x7	;; abbrev_code
000004dc  0C                  1540  		DC	0xc	;; DW_AT_byte_size
                              1541  	;; entry 118
000004dd  08                  1542  		DC	0x8	;; abbrev_code
000004de  76616C756500        1543  		DC	"value",0x0	;; DW_AT_name
                              1544  				;; DW_AT_data_member_location
000004e4  02                  1545  		DC	0x2	;;   size of loc_exp
000004e5  23                  1546  		DC	0x23	;;   DW_OP_plus_uconst
000004e6  00                  1547  		DC	0x0	;;     operand
000004e7  00000000          + 1548  		DD	.LDW2-.LI_TOP	;; DW_AT_type
                              1549  	;; entry 119
000004eb  08                  1550  		DC	0x8	;; abbrev_code
000004ec  6D617800            1551  		DC	"max",0x0	;; DW_AT_name
                              1552  				;; DW_AT_data_member_location
000004f0  02                  1553  		DC	0x2	;;   size of loc_exp
000004f1  23                  1554  		DC	0x23	;;   DW_OP_plus_uconst
000004f2  02                  1555  		DC	0x2	;;     operand
000004f3  00000000          + 1556  		DD	.LDW2-.LI_TOP	;; DW_AT_type
                              1557  	;; entry 120
000004f7  08                  1558  		DC	0x8	;; abbrev_code
000004f8  6D696E00            1559  		DC	"min",0x0	;; DW_AT_name
                              1560  				;; DW_AT_data_member_location
000004fc  02                  1561  		DC	0x2	;;   size of loc_exp
000004fd  23                  1562  		DC	0x23	;;   DW_OP_plus_uconst
000004fe  04                  1563  		DC	0x4	;;     operand
000004ff  00000000          + 1564  		DD	.LDW2-.LI_TOP	;; DW_AT_type
                              1565  	;; entry 121
00000503  08                  1566  		DC	0x8	;; abbrev_code
00000504  6564697472617465    1567  		DC	"editrate",0x0	;; DW_AT_name
0000050c  00                  1567  	
                              1568  				;; DW_AT_data_member_location
0000050d  02                  1569  		DC	0x2	;;   size of loc_exp
0000050e  23                  1570  		DC	0x23	;;   DW_OP_plus_uconst
0000050f  06                  1571  		DC	0x6	;;     operand
00000510  00000000          + 1572  		DD	.LDW2-.LI_TOP	;; DW_AT_type
                              1573  	;; entry 122
00000514  08                  1574  		DC	0x8	;; abbrev_code
00000515  6469737072617465    1575  		DC	"disprate",0x0	;; DW_AT_name
0000051d  00                  1575  	
                              1576  				;; DW_AT_data_member_location
0000051e  02                  1577  		DC	0x2	;;   size of loc_exp
0000051f  23                  1578  		DC	0x23	;;   DW_OP_plus_uconst
00000520  08                  1579  		DC	0x8	;;     operand
00000521  00000000          + 1580  		DD	.LDW1-.LI_TOP	;; DW_AT_type
                              1581  	;; NULL ENTRY 123
00000525  00                  1582  		DC	0x0
                              1583  	;; entry 124
00000526  06                  1584  		DC	0x6	;; abbrev_code
00000527  706172615F737479    1585  		DC	"para_style",0x0	;; DW_AT_name
0000052f  6C6500              1585  	
00000532  00000000          + 1586  		DD	.LDW24-.LI_TOP	;; DW_AT_type
                              1587  	;; entry 125
00000536  0B                  1588  		DC	0xb	;; abbrev_code
                              1589  				;; DW_AT_location
00000537  05                  1590  		DC	0x5	;;   size of loc_exp
00000538  03                  1591  		DC	0x3	;;   DW_OP_addr
00000539  00000000          + 1592  		DD	_ROM_InitData	;;     operand
0000053d  524F4D5F496E6974    1593  		DC	"ROM_InitData",0x0	;; DW_AT_name
00000545  4461746100          1593  	
0000054a  01                  1594  		DC	0x1	;; DW_AT_external
0000054b  00000000          + 1595  		DD	.LDW26-.LI_TOP	;; DW_AT_type
                              1596  	;; entry 126
0000054f  0B                  1597  		DC	0xb	;; abbrev_code
                              1598  				;; DW_AT_location
00000550  05                  1599  		DC	0x5	;;   size of loc_exp
00000551  03                  1600  		DC	0x3	;;   DW_OP_addr
00000552  00000000          + 1601  		DD	_ram_para	;;     operand
00000556  72616D5F70617261    1602  		DC	"ram_para",0x0	;; DW_AT_name
0000055e  00                  1602  	
0000055f  01                  1603  		DC	0x1	;; DW_AT_external
00000560  00000000          + 1604  		DD	.LDW27-.LI_TOP	;; DW_AT_type
                              1605  	;; entry 127
00000564  0B                  1606  		DC	0xb	;; abbrev_code
                              1607  				;; DW_AT_location
00000565  05                  1608  		DC	0x5	;;   size of loc_exp
00000566  03                  1609  		DC	0x3	;;   DW_OP_addr
00000567  00000000          + 1610  		DD	_motor_para	;;     operand
0000056b  6D6F746F725F7061    1611  		DC	"motor_para",0x0	;; DW_AT_name
00000573  726100              1611  	
00000576  01                  1612  		DC	0x1	;; DW_AT_external
00000577  00000000          + 1613  		DD	.LDW28-.LI_TOP	;; DW_AT_type
                              1614  	;; NULL ENTRY 128
0000057b  00                  1615  		DC	0x0
0000057c                      1616  	.LI_E
                              1617  	;; End of Debugging Information Entries
                              1618  	;; Line Number Information
                              1619  		;; LINE INFOMATION is nothing.
                              1620  	.debug_aranges		SECTION
                              1621  	;; Aranges Information
00000000  00000000          + 1622  		DD	.LAR_E-.LAR_B	;; length
00000004                      1623  	.LAR_B
00000004  0200                1624  		DW	0x2	;; version
00000006  00000000          + 1625  		DD	.LI_TOP	;; debug_info section
0000000a  04                  1626  		DC	0x4	;; address size
0000000b  00                  1627  		DC	0x0	;; segment size
0000000c  00000000            1628  		DD	0x0	;; padding
                              1629  		;; Address Range Table
00000010  00000000FC030000  + 1630  		DD	_ROM_InitData,0x3fc	;; address, size
00000018  00000000CC000000  + 1631  		DD	_ram_para,0xcc	;; address, size
00000020  0000000010010000  + 1632  		DD	_motor_para,0x110	;; address, size
                              1633  		;; end
00000028  00000000            1634  		DD	0x0
0000002c  00000000            1635  		DD	0x0
00000030                      1636  	.LAR_E
                              1637  	;; End of Aranges Information
                              1638  		END
                              1639  	;;ENDFILE 
                                                OP0s.lst	Page 2
*** Symbol Table ***
Address/Value	Class	Section			  Symbol

00000000	L	.debug_frame              .LFR_TOP
00000024	L	.debug_frame              .LFR_C_E
00000004	L	.debug_frame              .LFR_C_B
00000000	L	.text                     .LPC_TOP
00000000	G	.rodata                   _ROM_InitData
000003fc	G	.rodata                   _motor_para
00000000	G	.bss                      _ram_para
00000000	L	.text                     .LPC_END
00000000	L	.debug_abbrev             .LAB_TOP
00000000	L	.debug_info               .LI_TOP
0000057c	L	.debug_info               .LI_E
00000004	L	.debug_info               .LI_B
0000007b	L	.debug_info               .LDW10
00000086	L	.debug_info               .LDW9
00000090	L	.debug_info               .LDW8
0000009e	L	.debug_info               .LDW7
000000a7	L	.debug_info               .LDW6
000000b1	L	.debug_info               .LDW5
000000ba	L	.debug_info               .LDW4
000000c8	L	.debug_info               .LDW3
000000d1	L	.debug_info               .LDW2
000000db	L	.debug_info               .LDW27
000000e5	L	.debug_info               .LDW25
000000ea	L	.debug_info               .LDW28
000000f7	L	.debug_info               .LDW26
00000104	L	.debug_info               .LDW1
000001a1	L	.debug_info               .LDW11
000001bd	L	.debug_info               .LDW12
000001d9	L	.debug_info               .LDW13
00000229	L	.debug_info               .LDW14
00000245	L	.debug_info               .LDW15
00000274	L	.debug_info               .LDW16
00000290	L	.debug_info               .LDW17
000002bf	L	.debug_info               .LDW18
00000325	L	.debug_info               .LDW19
00000341	L	.debug_info               .LDW20
0000035d	L	.debug_info               .LDW21
000003a5	L	.debug_info               .LDW22
000004ae	L	.debug_info               .LDW23
000004db	L	.debug_info               .LDW24
00000030	L	.debug_aranges            .LAR_E
00000004	L	.debug_aranges            .LAR_B
