                                                OP04.lst	Page 1
***   PanaX Series MN103S/MN103L Cross Assembler   ***
Loc       Object            Line        Source

                              1  		NOTATION	CLANG
                              2  		FILE	"Tsink_tab.c"
                              3  		IDENT	"cc: MN103S Windows V5.4R1 Tsink_tab.c"
                              4  		IDENT	"-O -fenable-asm -fchar-bfield -flong-bfield -fc9x-comment -mmulq -mdivs -fenable-longlong -ffile-sjis -ffile-ascii"
                              5  	;;BGNFILE code\Tsink_tab.c
                              6  	.text			SECTION	"ax",PROGBITS,PUBLIC
                              7  	.rodata			SECTION	"a",PROGBITS,PUBLIC
                              8  		ALIGN	4
                              9  	.MN.data		SECTION	"aw",NOBITS,PUBLIC
                              10  		ALIGN	4
                              11  	.MN.romdata		SECTION	"a",PROGBITS,PUBLIC
                              12  		ALIGN	4
                              13  	.MN.romdataend		SECTION	"a",NOBITS,PUBLIC
                              14  		ALIGN	4
                              15  	.bss			SECTION	"aw",NOBITS,PUBLIC
                              16  		ALIGN	4
                              17  	.MN.bssend		SECTION	"aw",NOBITS,PUBLIC
                              18  		ALIGN	4
                              19  	.debug_info		SECTION	"n",PROGBITS,PUBLIC
                              20  	.debug_abbrev		SECTION	"n",PROGBITS,PUBLIC
                              21  	.debug_MN_rsc		SECTION	"n",PROGBITS,PUBLIC
                              22  	.debug_line		SECTION	"n",PROGBITS,PUBLIC
                              23  	.debug_frame		SECTION	"n",PROGBITS,PUBLIC
                              24  	.debug_aranges		SECTION	"n",PROGBITS,PUBLIC
                              25  	.debug_frame		SECTION
                              26  	;; Common Information Entry(CIE)
00000000                      27  	.LFR_TOP
00000000  00000000          + 28  		DD	.LFR_C_E-.LFR_C_B	;; length
00000004                      29  	.LFR_C_B
00000004  FFFFFFFF            30  		DD	0xffffffff	;; CIE_id
00000008  01                  31  		DC	0x1	;; version
00000009  00                  32  		DC	0x0	;; augmentation
0000000a  01                  33  		DC	0x1	;; code_alignment_factor
0000000b  7C                  34  		DC	0x7c	;; data_alignment_factor
0000000c  0A                  35  		DC	0xa	;; return_address_register
                              36  		;; initial_instructions
0000000d  0C0900              37  		DC	0xc,0x9,0x0	;; DW_CFA_def_cfa(SP,0)
00000010  8A00                38  		DC	0x8a,0x0	;; DW_CFA_offset(RET,0)
00000012  0700                39  		DC	0x7,0x0	;; DW_CFA_undefined(D0)
00000014  0701                40  		DC	0x7,0x1	;; DW_CFA_undefined(D1)
00000016  0802                41  		DC	0x8,0x2	;; DW_CFA_same_value(D2)
00000018  0803                42  		DC	0x8,0x3	;; DW_CFA_same_value(D3)
0000001a  0704                43  		DC	0x7,0x4	;; DW_CFA_undefined(A0)
0000001c  0705                44  		DC	0x7,0x5	;; DW_CFA_undefined(A1)
0000001e  0806                45  		DC	0x8,0x6	;; DW_CFA_same_value(A2)
00000020  0807                46  		DC	0x8,0x7	;; DW_CFA_same_value(A3)
00000022  0809                47  		DC	0x8,0x9	;; DW_CFA_same_value(SP)
00000024                      48  	.LFR_C_E
                              49  	;; End of Common Information Entry
                              50  	.text		SECTION
00000000                      51  	.LPC_TOP
                              52  	.rodata		SECTION
                              53  		ALIGN	2
                              54  		GLOBAL	_Tm_for_ad
00000000  0000                55  	_Tm_for_ad	DW	0x0
00000002  0100                56  		DW	0x1
00000004  0200                57  		DW	0x2
00000006  0300                58  		DW	0x3
00000008  0400                59  		DW	0x4
0000000a  0500                60  		DW	0x5
0000000c  0600                61  		DW	0x6
0000000e  0700                62  		DW	0x7
00000010  0800                63  		DW	0x8
00000012  0900                64  		DW	0x9
00000014  0A00                65  		DW	0xa
00000016  0B00                66  		DW	0xb
00000018  0C00                67  		DW	0xc
0000001a  0D00                68  		DW	0xd
0000001c  0E00                69  		DW	0xe
0000001e  0F00                70  		DW	0xf
00000020  1000                71  		DW	0x10
00000022  1100                72  		DW	0x11
00000024  1200                73  		DW	0x12
00000026  1300                74  		DW	0x13
00000028  1400                75  		DW	0x14
0000002a  1500                76  		DW	0x15
0000002c  1600                77  		DW	0x16
0000002e  1700                78  		DW	0x17
00000030  1800                79  		DW	0x18
00000032  1900                80  		DW	0x19
00000034  1A00                81  		DW	0x1a
00000036  1B00                82  		DW	0x1b
00000038  1C00                83  		DW	0x1c
0000003a  1D00                84  		DW	0x1d
0000003c  1E00                85  		DW	0x1e
0000003e  1F00                86  		DW	0x1f
00000040  2000                87  		DW	0x20
00000042  2100                88  		DW	0x21
00000044  2200                89  		DW	0x22
00000046  2300                90  		DW	0x23
00000048  2400                91  		DW	0x24
0000004a  2500                92  		DW	0x25
0000004c  2600                93  		DW	0x26
0000004e  2700                94  		DW	0x27
00000050  2800                95  		DW	0x28
00000052  2900                96  		DW	0x29
00000054  2A00                97  		DW	0x2a
00000056  2B00                98  		DW	0x2b
00000058  2C00                99  		DW	0x2c
0000005a  2D00                100  		DW	0x2d
0000005c  2E00                101  		DW	0x2e
0000005e  2F00                102  		DW	0x2f
00000060  3000                103  		DW	0x30
00000062  3100                104  		DW	0x31
00000064  3200                105  		DW	0x32
00000066  3300                106  		DW	0x33
00000068  3400                107  		DW	0x34
0000006a  3500                108  		DW	0x35
0000006c  3600                109  		DW	0x36
0000006e  3700                110  		DW	0x37
00000070  3800                111  		DW	0x38
00000072  3900                112  		DW	0x39
00000074  3A00                113  		DW	0x3a
00000076  3B00                114  		DW	0x3b
00000078  3C00                115  		DW	0x3c
0000007a  3D00                116  		DW	0x3d
0000007c  3E00                117  		DW	0x3e
0000007e  3F00                118  		DW	0x3f
00000080  4000                119  		DW	0x40
00000082  4100                120  		DW	0x41
00000084  4200                121  		DW	0x42
00000086  4300                122  		DW	0x43
00000088  4400                123  		DW	0x44
0000008a  4500                124  		DW	0x45
0000008c  4600                125  		DW	0x46
0000008e  4700                126  		DW	0x47
00000090  4800                127  		DW	0x48
00000092  4900                128  		DW	0x49
00000094  4A00                129  		DW	0x4a
00000096  4B00                130  		DW	0x4b
00000098  4C00                131  		DW	0x4c
0000009a  4D00                132  		DW	0x4d
0000009c  4E00                133  		DW	0x4e
0000009e  4F00                134  		DW	0x4f
000000a0  5000                135  		DW	0x50
000000a2  5100                136  		DW	0x51
000000a4  5200                137  		DW	0x52
000000a6  5300                138  		DW	0x53
000000a8  5400                139  		DW	0x54
000000aa  5500                140  		DW	0x55
000000ac  5600                141  		DW	0x56
000000ae  5700                142  		DW	0x57
000000b0  5800                143  		DW	0x58
000000b2  5900                144  		DW	0x59
000000b4  5A00                145  		DW	0x5a
000000b6  5B00                146  		DW	0x5b
000000b8  5C00                147  		DW	0x5c
000000ba  5D00                148  		DW	0x5d
000000bc  5E00                149  		DW	0x5e
000000be  5F00                150  		DW	0x5f
000000c0  6000                151  		DW	0x60
000000c2  6100                152  		DW	0x61
000000c4  6200                153  		DW	0x62
000000c6  6300                154  		DW	0x63
000000c8  6400                155  		DW	0x64
000000ca  6500                156  		DW	0x65
000000cc  6600                157  		DW	0x66
000000ce  6700                158  		DW	0x67
000000d0  6800                159  		DW	0x68
000000d2  6900                160  		DW	0x69
000000d4  6A00                161  		DW	0x6a
000000d6  6B00                162  		DW	0x6b
000000d8  6C00                163  		DW	0x6c
000000da  6D00                164  		DW	0x6d
000000dc  6E00                165  		DW	0x6e
000000de  6F00                166  		DW	0x6f
000000e0  7000                167  		DW	0x70
000000e2  7100                168  		DW	0x71
000000e4  7200                169  		DW	0x72
000000e6  7300                170  		DW	0x73
000000e8  7400                171  		DW	0x74
000000ea  7500                172  		DW	0x75
000000ec  7600                173  		DW	0x76
000000ee  7700                174  		DW	0x77
000000f0  7800                175  		DW	0x78
                              176  		OBJECT	_Tm_for_ad,0xf2
                              177  		ALIGN	2
                              178  		GLOBAL	_ad_to_Tm
000000f2  6400                179  	_ad_to_Tm	DW	0x64
000000f4  6900                180  		DW	0x69
000000f6  6E00                181  		DW	0x6e
000000f8  7300                182  		DW	0x73
000000fa  7800                183  		DW	0x78
000000fc  7D00                184  		DW	0x7d
000000fe  8300                185  		DW	0x83
00000100  8800                186  		DW	0x88
00000102  8D00                187  		DW	0x8d
00000104  9200                188  		DW	0x92
00000106  9700                189  		DW	0x97
00000108  9C00                190  		DW	0x9c
0000010a  A200                191  		DW	0xa2
0000010c  A700                192  		DW	0xa7
0000010e  AC00                193  		DW	0xac
00000110  B100                194  		DW	0xb1
00000112  B600                195  		DW	0xb6
00000114  BB00                196  		DW	0xbb
00000116  C000                197  		DW	0xc0
00000118  C600                198  		DW	0xc6
0000011a  CB00                199  		DW	0xcb
0000011c  D000                200  		DW	0xd0
0000011e  D500                201  		DW	0xd5
00000120  DA00                202  		DW	0xda
00000122  E000                203  		DW	0xe0
00000124  E500                204  		DW	0xe5
00000126  EA00                205  		DW	0xea
00000128  EF00                206  		DW	0xef
0000012a  F400                207  		DW	0xf4
0000012c  F900                208  		DW	0xf9
0000012e  FE00                209  		DW	0xfe
00000130  0401                210  		DW	0x104
00000132  0901                211  		DW	0x109
00000134  0E01                212  		DW	0x10e
00000136  1301                213  		DW	0x113
00000138  1801                214  		DW	0x118
0000013a  1D01                215  		DW	0x11d
0000013c  2301                216  		DW	0x123
0000013e  2801                217  		DW	0x128
00000140  2D01                218  		DW	0x12d
00000142  3201                219  		DW	0x132
00000144  3701                220  		DW	0x137
00000146  3C01                221  		DW	0x13c
00000148  4201                222  		DW	0x142
0000014a  4701                223  		DW	0x147
0000014c  4C01                224  		DW	0x14c
0000014e  5101                225  		DW	0x151
00000150  5601                226  		DW	0x156
00000152  5B01                227  		DW	0x15b
00000154  6101                228  		DW	0x161
00000156  6601                229  		DW	0x166
00000158  6B01                230  		DW	0x16b
0000015a  7001                231  		DW	0x170
0000015c  7501                232  		DW	0x175
0000015e  7A01                233  		DW	0x17a
00000160  8001                234  		DW	0x180
00000162  8501                235  		DW	0x185
00000164  8A01                236  		DW	0x18a
00000166  8F01                237  		DW	0x18f
00000168  9401                238  		DW	0x194
0000016a  9901                239  		DW	0x199
0000016c  9E01                240  		DW	0x19e
0000016e  A401                241  		DW	0x1a4
00000170  A901                242  		DW	0x1a9
00000172  AE01                243  		DW	0x1ae
00000174  B301                244  		DW	0x1b3
00000176  B801                245  		DW	0x1b8
00000178  BD01                246  		DW	0x1bd
0000017a  C301                247  		DW	0x1c3
0000017c  C801                248  		DW	0x1c8
0000017e  CD01                249  		DW	0x1cd
00000180  D201                250  		DW	0x1d2
00000182  D701                251  		DW	0x1d7
00000184  DC01                252  		DW	0x1dc
00000186  E201                253  		DW	0x1e2
00000188  E701                254  		DW	0x1e7
0000018a  EC01                255  		DW	0x1ec
0000018c  F101                256  		DW	0x1f1
0000018e  F601                257  		DW	0x1f6
00000190  FB01                258  		DW	0x1fb
00000192  0102                259  		DW	0x201
00000194  0602                260  		DW	0x206
00000196  0B02                261  		DW	0x20b
00000198  1002                262  		DW	0x210
0000019a  1502                263  		DW	0x215
0000019c  1A02                264  		DW	0x21a
0000019e  2002                265  		DW	0x220
000001a0  2502                266  		DW	0x225
000001a2  2A02                267  		DW	0x22a
000001a4  2F02                268  		DW	0x22f
000001a6  3402                269  		DW	0x234
000001a8  3902                270  		DW	0x239
000001aa  3E02                271  		DW	0x23e
000001ac  4402                272  		DW	0x244
000001ae  4902                273  		DW	0x249
000001b0  4E02                274  		DW	0x24e
000001b2  5302                275  		DW	0x253
000001b4  5802                276  		DW	0x258
000001b6  5E02                277  		DW	0x25e
000001b8  6302                278  		DW	0x263
000001ba  6802                279  		DW	0x268
000001bc  6D02                280  		DW	0x26d
000001be  7202                281  		DW	0x272
000001c0  7702                282  		DW	0x277
000001c2  7C02                283  		DW	0x27c
000001c4  8202                284  		DW	0x282
000001c6  8702                285  		DW	0x287
000001c8  8C02                286  		DW	0x28c
000001ca  9102                287  		DW	0x291
000001cc  9602                288  		DW	0x296
000001ce  9B02                289  		DW	0x29b
000001d0  A102                290  		DW	0x2a1
000001d2  A602                291  		DW	0x2a6
000001d4  AB02                292  		DW	0x2ab
000001d6  B002                293  		DW	0x2b0
000001d8  B502                294  		DW	0x2b5
000001da  BA02                295  		DW	0x2ba
000001dc  C002                296  		DW	0x2c0
000001de  C502                297  		DW	0x2c5
000001e0  CA02                298  		DW	0x2ca
000001e2  CF02                299  		DW	0x2cf
                              300  		OBJECT	_ad_to_Tm,0xf2
                              301  	.text		SECTION
00000000                      302  	.LPC_END
                              303  	.debug_abbrev		SECTION
                              304  	;; Abbreviation Tables
00000000                      305  	.LAB_TOP
                              306  		;; decl 1
00000000  01                  307  		DC	0x1	;; abbrev_code
00000001  11                  308  		DC	0x11	;; DW_TAG_compile_unit
00000002  01                  309  		DC	0x1	;; DW_CHILDREN_yes
00000003  0308                310  		DC	0x3,0x8	;; DW_AT_name, DW_FORM_string
00000005  1305                311  		DC	0x13,0x5	;; DW_AT_language, DW_FORM_data2
00000007  1B08                312  		DC	0x1b,0x8	;; DW_AT_comp_dir, DW_FORM_string
00000009  2508                313  		DC	0x25,0x8	;; DW_AT_producer, DW_FORM_string
0000000b  420B                314  		DC	0x42,0xb	;; DW_AT_identifier_case, DW_FORM_data1
0000000d  00                  315  		DC	0x0
0000000e  00                  316  		DC	0x0
                              317  		;; decl 2
0000000f  02                  318  		DC	0x2	;; abbrev_code
00000010  24                  319  		DC	0x24	;; DW_TAG_base_type
00000011  00                  320  		DC	0x0	;; DW_CHILDREN_no
00000012  0308                321  		DC	0x3,0x8	;; DW_AT_name, DW_FORM_string
00000014  0B0F                322  		DC	0xb,0xf	;; DW_AT_byte_size, DW_FORM_udata
00000016  3E05                323  		DC	0x3e,0x5	;; DW_AT_encoding, DW_FORM_data2
00000018  00                  324  		DC	0x0
00000019  00                  325  		DC	0x0
                              326  		;; decl 3
0000001a  03                  327  		DC	0x3	;; abbrev_code
0000001b  26                  328  		DC	0x26	;; DW_TAG_const_type
0000001c  00                  329  		DC	0x0	;; DW_CHILDREN_no
0000001d  4913                330  		DC	0x49,0x13	;; DW_AT_type, DW_FORM_ref4
0000001f  00                  331  		DC	0x0
00000020  00                  332  		DC	0x0
                              333  		;; decl 4
00000021  04                  334  		DC	0x4	;; abbrev_code
00000022  01                  335  		DC	0x1	;; DW_TAG_array_type
00000023  01                  336  		DC	0x1	;; DW_CHILDREN_yes
00000024  090B                337  		DC	0x9,0xb	;; DW_AT_ordering, DW_FORM_data1
00000026  4913                338  		DC	0x49,0x13	;; DW_AT_type, DW_FORM_ref4
00000028  00                  339  		DC	0x0
00000029  00                  340  		DC	0x0
                              341  		;; decl 5
0000002a  05                  342  		DC	0x5	;; abbrev_code
0000002b  21                  343  		DC	0x21	;; DW_TAG_subrange_type
0000002c  00                  344  		DC	0x0	;; DW_CHILDREN_no
0000002d  0B0F                345  		DC	0xb,0xf	;; DW_AT_byte_size, DW_FORM_udata
0000002f  2F0F                346  		DC	0x2f,0xf	;; DW_AT_upper_bound, DW_FORM_udata
00000031  00                  347  		DC	0x0
00000032  00                  348  		DC	0x0
                              349  		;; decl 6
00000033  06                  350  		DC	0x6	;; abbrev_code
00000034  16                  351  		DC	0x16	;; DW_TAG_typedef
00000035  00                  352  		DC	0x0	;; DW_CHILDREN_no
00000036  0308                353  		DC	0x3,0x8	;; DW_AT_name, DW_FORM_string
00000038  4913                354  		DC	0x49,0x13	;; DW_AT_type, DW_FORM_ref4
0000003a  00                  355  		DC	0x0
0000003b  00                  356  		DC	0x0
                              357  		;; decl 7
0000003c  07                  358  		DC	0x7	;; abbrev_code
0000003d  13                  359  		DC	0x13	;; DW_TAG_structure_type
0000003e  01                  360  		DC	0x1	;; DW_CHILDREN_yes
0000003f  0B0F                361  		DC	0xb,0xf	;; DW_AT_byte_size, DW_FORM_udata
00000041  00                  362  		DC	0x0
00000042  00                  363  		DC	0x0
                              364  		;; decl 8
00000043  08                  365  		DC	0x8	;; abbrev_code
00000044  0D                  366  		DC	0xd	;; DW_TAG_member
00000045  00                  367  		DC	0x0	;; DW_CHILDREN_no
00000046  0308                368  		DC	0x3,0x8	;; DW_AT_name, DW_FORM_string
00000048  3809                369  		DC	0x38,0x9	;; DW_AT_data_member_location, DW_FORM_block
0000004a  4913                370  		DC	0x49,0x13	;; DW_AT_type, DW_FORM_ref4
0000004c  00                  371  		DC	0x0
0000004d  00                  372  		DC	0x0
                              373  		;; decl 9
0000004e  09                  374  		DC	0x9	;; abbrev_code
0000004f  17                  375  		DC	0x17	;; DW_TAG_union_type
00000050  01                  376  		DC	0x1	;; DW_CHILDREN_yes
00000051  0B0F                377  		DC	0xb,0xf	;; DW_AT_byte_size, DW_FORM_udata
00000053  00                  378  		DC	0x0
00000054  00                  379  		DC	0x0
                              380  		;; decl 10
00000055  0A                  381  		DC	0xa	;; abbrev_code
00000056  0D                  382  		DC	0xd	;; DW_TAG_member
00000057  00                  383  		DC	0x0	;; DW_CHILDREN_no
00000058  0308                384  		DC	0x3,0x8	;; DW_AT_name, DW_FORM_string
0000005a  0B0F                385  		DC	0xb,0xf	;; DW_AT_byte_size, DW_FORM_udata
0000005c  0C0F                386  		DC	0xc,0xf	;; DW_AT_bit_offset, DW_FORM_udata
0000005e  0D0F                387  		DC	0xd,0xf	;; DW_AT_bit_size, DW_FORM_udata
00000060  3809                388  		DC	0x38,0x9	;; DW_AT_data_member_location, DW_FORM_block
00000062  4913                389  		DC	0x49,0x13	;; DW_AT_type, DW_FORM_ref4
00000064  00                  390  		DC	0x0
00000065  00                  391  		DC	0x0
                              392  		;; decl 11
00000066  0B                  393  		DC	0xb	;; abbrev_code
00000067  34                  394  		DC	0x34	;; DW_TAG_variable
00000068  00                  395  		DC	0x0	;; DW_CHILDREN_no
00000069  0209                396  		DC	0x2,0x9	;; DW_AT_location, DW_FORM_block
0000006b  0308                397  		DC	0x3,0x8	;; DW_AT_name, DW_FORM_string
0000006d  3F0C                398  		DC	0x3f,0xc	;; DW_AT_external, DW_FORM_flag
0000006f  4913                399  		DC	0x49,0x13	;; DW_AT_type, DW_FORM_ref4
00000071  00                  400  		DC	0x0
00000072  00                  401  		DC	0x0
                              402  		;; end
00000073  00                  403  		DC	0x0
                              404  	;; End of Abbreviation Tables
                              405  	.debug_info		SECTION
                              406  	;; Debugging Information Entries
00000000                      407  	.LI_TOP
                              408  	;; header
00000000  00000000          + 409  		DD	.LI_E-.LI_B	;; length
00000004                      410  	.LI_B
00000004  0200                411  		DW	0x2	;; version
00000006  00000000          + 412  		DD	.LAB_TOP	;; abbrev_table
0000000a  04                  413  		DC	0x4	;; address_width
                              414  	;; entry 1
0000000b  01                  415  		DC	0x1	;; abbrev_code
0000000c  636F64655C547369    416  		DC	"code\\Tsink_tab.c",0x0	;; DW_AT_name
00000014  6E6B5F7461622E63    416  	
0000001c  00                  416  	
0000001d  0100                417  		DW	0x1	;; DW_AT_language
0000001f  463A5C576F726B20    418  		DC	"F:\\Work Projects\\MotorDrive\\1000W_MotorDrive\\SoftWare\\1000wMotor\\1000W",0x0	;; DW_AT_comp_dir
00000027  50726F6A65637473    418  	
0000002f  5C4D6F746F724472    418  	
00000037  6976655C31303030    418  	
0000003f  575F4D6F746F7244    418  	
00000047  726976655C536F66    418  	
0000004f  74576172655C3130    418  	
00000057  3030774D6F746F72    418  	
0000005f  5C313030305700      418  	
00000066  4D4E313033532053    419  		DC	"MN103S Series C Compiler Windows V5.4R1 Nov 30 2011",0x0	;; DW_AT_producer
0000006e  6572696573204320    419  	
00000076  436F6D70696C6572    419  	
0000007e  2057696E646F7773    419  	
00000086  2056352E34523120    419  	
0000008e  4E6F762033302032    419  	
00000096  30313100            419  	
0000009a  00                  420  		DC	0x0	;; DW_AT_identifier_case
                              421  	;; entry 2
0000009b                      422  	.LDW10
0000009b  02                  423  		DC	0x2	;; abbrev_code
0000009c  646F75626C6500      424  		DC	"double",0x0	;; DW_AT_name
000000a3  08                  425  		DC	0x8	;; DW_AT_byte_size
000000a4  0400                426  		DW	0x4	;; DW_AT_encoding
                              427  	;; entry 3
000000a6                      428  	.LDW9
000000a6  02                  429  		DC	0x2	;; abbrev_code
000000a7  666C6F617400        430  		DC	"float",0x0	;; DW_AT_name
000000ad  04                  431  		DC	0x4	;; DW_AT_byte_size
000000ae  0400                432  		DW	0x4	;; DW_AT_encoding
                              433  	;; entry 4
000000b0                      434  	.LDW8
000000b0  02                  435  		DC	0x2	;; abbrev_code
000000b1  6C6F6E67206C6F6E    436  		DC	"long long",0x0	;; DW_AT_name
000000b9  6700                436  	
000000bb  08                  437  		DC	0x8	;; DW_AT_byte_size
000000bc  0700                438  		DW	0x7	;; DW_AT_encoding
                              439  	;; entry 5
000000be                      440  	.LDW7
000000be  02                  441  		DC	0x2	;; abbrev_code
000000bf  6C6F6E6700          442  		DC	"long",0x0	;; DW_AT_name
000000c4  04                  443  		DC	0x4	;; DW_AT_byte_size
000000c5  0700                444  		DW	0x7	;; DW_AT_encoding
                              445  	;; entry 6
000000c7                      446  	.LDW6
000000c7  02                  447  		DC	0x2	;; abbrev_code
000000c8  73686F727400        448  		DC	"short",0x0	;; DW_AT_name
000000ce  02                  449  		DC	0x2	;; DW_AT_byte_size
000000cf  0700                450  		DW	0x7	;; DW_AT_encoding
                              451  	;; entry 7
000000d1                      452  	.LDW27
000000d1  03                  453  		DC	0x3	;; abbrev_code
000000d2  00000000          + 454  		DD	.LDW6-.LI_TOP	;; DW_AT_type
                              455  	;; entry 8
000000d6                      456  	.LDW28
000000d6  04                  457  		DC	0x4	;; abbrev_code
000000d7  00                  458  		DC	0x0	;; DW_AT_ordering
000000d8  00000000          + 459  		DD	.LDW27-.LI_TOP	;; DW_AT_type
                              460  	;; entry 9
000000dc  05                  461  		DC	0x5	;; abbrev_code
000000dd  02                  462  		DC	0x2	;; DW_AT_byte_size
000000de  78                  463  		DC	0x78	;; DW_AT_upper_bound
                              464  	;; NULL ENTRY 10
000000df  00                  465  		DC	0x0
                              466  	;; entry 11
000000e0                      467  	.LDW5
000000e0  02                  468  		DC	0x2	;; abbrev_code
000000e1  6368617200          469  		DC	"char",0x0	;; DW_AT_name
000000e6  01                  470  		DC	0x1	;; DW_AT_byte_size
000000e7  0800                471  		DW	0x8	;; DW_AT_encoding
                              472  	;; entry 12
000000e9                      473  	.LDW4
000000e9  02                  474  		DC	0x2	;; abbrev_code
000000ea  6C6F6E67206C6F6E    475  		DC	"long long",0x0	;; DW_AT_name
000000f2  6700                475  	
000000f4  08                  476  		DC	0x8	;; DW_AT_byte_size
000000f5  0500                477  		DW	0x5	;; DW_AT_encoding
                              478  	;; entry 13
000000f7                      479  	.LDW3
000000f7  02                  480  		DC	0x2	;; abbrev_code
000000f8  6C6F6E6700          481  		DC	"long",0x0	;; DW_AT_name
000000fd  04                  482  		DC	0x4	;; DW_AT_byte_size
000000fe  0500                483  		DW	0x5	;; DW_AT_encoding
                              484  	;; entry 14
00000100                      485  	.LDW2
00000100  02                  486  		DC	0x2	;; abbrev_code
00000101  73686F727400        487  		DC	"short",0x0	;; DW_AT_name
00000107  02                  488  		DC	0x2	;; DW_AT_byte_size
00000108  0500                489  		DW	0x5	;; DW_AT_encoding
                              490  	;; entry 15
0000010a                      491  	.LDW25
0000010a  03                  492  		DC	0x3	;; abbrev_code
0000010b  00000000          + 493  		DD	.LDW2-.LI_TOP	;; DW_AT_type
                              494  	;; entry 16
0000010f                      495  	.LDW26
0000010f  04                  496  		DC	0x4	;; abbrev_code
00000110  00                  497  		DC	0x0	;; DW_AT_ordering
00000111  00000000          + 498  		DD	.LDW25-.LI_TOP	;; DW_AT_type
                              499  	;; entry 17
00000115  05                  500  		DC	0x5	;; abbrev_code
00000116  02                  501  		DC	0x2	;; DW_AT_byte_size
00000117  78                  502  		DC	0x78	;; DW_AT_upper_bound
                              503  	;; NULL ENTRY 18
00000118  00                  504  		DC	0x0
                              505  	;; entry 19
00000119                      506  	.LDW1
00000119  02                  507  		DC	0x2	;; abbrev_code
0000011a  6368617200          508  		DC	"char",0x0	;; DW_AT_name
0000011f  01                  509  		DC	0x1	;; DW_AT_byte_size
00000120  0600                510  		DW	0x6	;; DW_AT_encoding
                              511  	;; entry 20
00000122  06                  512  		DC	0x6	;; abbrev_code
00000123  636861725F7400      513  		DC	"char_t",0x0	;; DW_AT_name
0000012a  00000000          + 514  		DD	.LDW1-.LI_TOP	;; DW_AT_type
                              515  	;; entry 21
0000012e  06                  516  		DC	0x6	;; abbrev_code
0000012f  696E74385F7400      517  		DC	"int8_t",0x0	;; DW_AT_name
00000136  00000000          + 518  		DD	.LDW1-.LI_TOP	;; DW_AT_type
                              519  	;; entry 22
0000013a  06                  520  		DC	0x6	;; abbrev_code
0000013b  696E7431365F7400    521  		DC	"int16_t",0x0	;; DW_AT_name
00000143  00000000          + 522  		DD	.LDW2-.LI_TOP	;; DW_AT_type
                              523  	;; entry 23
00000147  06                  524  		DC	0x6	;; abbrev_code
00000148  696E7433325F7400    525  		DC	"int32_t",0x0	;; DW_AT_name
00000150  00000000          + 526  		DD	.LDW3-.LI_TOP	;; DW_AT_type
                              527  	;; entry 24
00000154  06                  528  		DC	0x6	;; abbrev_code
00000155  696E7436345F7400    529  		DC	"int64_t",0x0	;; DW_AT_name
0000015d  00000000          + 530  		DD	.LDW4-.LI_TOP	;; DW_AT_type
                              531  	;; entry 25
00000161  06                  532  		DC	0x6	;; abbrev_code
00000162  75696E74385F7400    533  		DC	"uint8_t",0x0	;; DW_AT_name
0000016a  00000000          + 534  		DD	.LDW5-.LI_TOP	;; DW_AT_type
                              535  	;; entry 26
0000016e  06                  536  		DC	0x6	;; abbrev_code
0000016f  75696E7431365F74    537  		DC	"uint16_t",0x0	;; DW_AT_name
00000177  00                  537  	
00000178  00000000          + 538  		DD	.LDW6-.LI_TOP	;; DW_AT_type
                              539  	;; entry 27
0000017c  06                  540  		DC	0x6	;; abbrev_code
0000017d  75696E7433325F74    541  		DC	"uint32_t",0x0	;; DW_AT_name
00000185  00                  541  	
00000186  00000000          + 542  		DD	.LDW7-.LI_TOP	;; DW_AT_type
                              543  	;; entry 28
0000018a  06                  544  		DC	0x6	;; abbrev_code
0000018b  75696E7436345F74    545  		DC	"uint64_t",0x0	;; DW_AT_name
00000193  00                  545  	
00000194  00000000          + 546  		DD	.LDW8-.LI_TOP	;; DW_AT_type
                              547  	;; entry 29
00000198  06                  548  		DC	0x6	;; abbrev_code
00000199  666C6F617433325F    549  		DC	"float32_t",0x0	;; DW_AT_name
000001a1  7400                549  	
000001a3  00000000          + 550  		DD	.LDW9-.LI_TOP	;; DW_AT_type
                              551  	;; entry 30
000001a7  06                  552  		DC	0x6	;; abbrev_code
000001a8  666C6F617436345F    553  		DC	"float64_t",0x0	;; DW_AT_name
000001b0  7400                553  	
000001b2  00000000          + 554  		DD	.LDW10-.LI_TOP	;; DW_AT_type
                              555  	;; entry 31
000001b6                      556  	.LDW11
000001b6  07                  557  		DC	0x7	;; abbrev_code
000001b7  08                  558  		DC	0x8	;; DW_AT_byte_size
                              559  	;; entry 32
000001b8  08                  560  		DC	0x8	;; abbrev_code
000001b9  6C6F7700            561  		DC	"low",0x0	;; DW_AT_name
                              562  				;; DW_AT_data_member_location
000001bd  02                  563  		DC	0x2	;;   size of loc_exp
000001be  23                  564  		DC	0x23	;;   DW_OP_plus_uconst
000001bf  00                  565  		DC	0x0	;;     operand
000001c0  00000000          + 566  		DD	.LDW3-.LI_TOP	;; DW_AT_type
                              567  	;; entry 33
000001c4  08                  568  		DC	0x8	;; abbrev_code
000001c5  6869676800          569  		DC	"high",0x0	;; DW_AT_name
                              570  				;; DW_AT_data_member_location
000001ca  02                  571  		DC	0x2	;;   size of loc_exp
000001cb  23                  572  		DC	0x23	;;   DW_OP_plus_uconst
000001cc  04                  573  		DC	0x4	;;     operand
000001cd  00000000          + 574  		DD	.LDW3-.LI_TOP	;; DW_AT_type
                              575  	;; NULL ENTRY 34
000001d1  00                  576  		DC	0x0
                              577  	;; entry 35
000001d2                      578  	.LDW12
000001d2  07                  579  		DC	0x7	;; abbrev_code
000001d3  08                  580  		DC	0x8	;; DW_AT_byte_size
                              581  	;; entry 36
000001d4  08                  582  		DC	0x8	;; abbrev_code
000001d5  6C6F7700            583  		DC	"low",0x0	;; DW_AT_name
                              584  				;; DW_AT_data_member_location
000001d9  02                  585  		DC	0x2	;;   size of loc_exp
000001da  23                  586  		DC	0x23	;;   DW_OP_plus_uconst
000001db  00                  587  		DC	0x0	;;     operand
000001dc  00000000          + 588  		DD	.LDW7-.LI_TOP	;; DW_AT_type
                              589  	;; entry 37
000001e0  08                  590  		DC	0x8	;; abbrev_code
000001e1  6869676800          591  		DC	"high",0x0	;; DW_AT_name
                              592  				;; DW_AT_data_member_location
000001e6  02                  593  		DC	0x2	;;   size of loc_exp
000001e7  23                  594  		DC	0x23	;;   DW_OP_plus_uconst
000001e8  04                  595  		DC	0x4	;;     operand
000001e9  00000000          + 596  		DD	.LDW7-.LI_TOP	;; DW_AT_type
                              597  	;; NULL ENTRY 38
000001ed  00                  598  		DC	0x0
                              599  	;; entry 39
000001ee                      600  	.LDW13
000001ee  09                  601  		DC	0x9	;; abbrev_code
000001ef  08                  602  		DC	0x8	;; DW_AT_byte_size
                              603  	;; entry 40
000001f0  08                  604  		DC	0x8	;; abbrev_code
000001f1  646C776F726400      605  		DC	"dlword",0x0	;; DW_AT_name
                              606  				;; DW_AT_data_member_location
000001f8  02                  607  		DC	0x2	;;   size of loc_exp
000001f9  23                  608  		DC	0x23	;;   DW_OP_plus_uconst
000001fa  00                  609  		DC	0x0	;;     operand
000001fb  00000000          + 610  		DD	.LDW4-.LI_TOP	;; DW_AT_type
                              611  	;; entry 41
000001ff  08                  612  		DC	0x8	;; abbrev_code
00000200  6C776F726400        613  		DC	"lword",0x0	;; DW_AT_name
                              614  				;; DW_AT_data_member_location
00000206  02                  615  		DC	0x2	;;   size of loc_exp
00000207  23                  616  		DC	0x23	;;   DW_OP_plus_uconst
00000208  00                  617  		DC	0x0	;;     operand
00000209  00000000          + 618  		DD	.LDW11-.LI_TOP	;; DW_AT_type
                              619  	;; entry 42
0000020d  08                  620  		DC	0x8	;; abbrev_code
0000020e  75646C776F726400    621  		DC	"udlword",0x0	;; DW_AT_name
                              622  				;; DW_AT_data_member_location
00000216  02                  623  		DC	0x2	;;   size of loc_exp
00000217  23                  624  		DC	0x23	;;   DW_OP_plus_uconst
00000218  00                  625  		DC	0x0	;;     operand
00000219  00000000          + 626  		DD	.LDW8-.LI_TOP	;; DW_AT_type
                              627  	;; entry 43
0000021d  08                  628  		DC	0x8	;; abbrev_code
0000021e  756C776F726400      629  		DC	"ulword",0x0	;; DW_AT_name
                              630  				;; DW_AT_data_member_location
00000225  02                  631  		DC	0x2	;;   size of loc_exp
00000226  23                  632  		DC	0x23	;;   DW_OP_plus_uconst
00000227  00                  633  		DC	0x0	;;     operand
00000228  00000000          + 634  		DD	.LDW12-.LI_TOP	;; DW_AT_type
                              635  	;; NULL ENTRY 44
0000022c  00                  636  		DC	0x0
                              637  	;; entry 45
0000022d  06                  638  		DC	0x6	;; abbrev_code
0000022e  646C776F72645F74    639  		DC	"dlword_type",0x0	;; DW_AT_name
00000236  79706500            639  	
0000023a  00000000          + 640  		DD	.LDW13-.LI_TOP	;; DW_AT_type
                              641  	;; entry 46
0000023e                      642  	.LDW14
0000023e  07                  643  		DC	0x7	;; abbrev_code
0000023f  04                  644  		DC	0x4	;; DW_AT_byte_size
                              645  	;; entry 47
00000240  08                  646  		DC	0x8	;; abbrev_code
00000241  6C6F7700            647  		DC	"low",0x0	;; DW_AT_name
                              648  				;; DW_AT_data_member_location
00000245  02                  649  		DC	0x2	;;   size of loc_exp
00000246  23                  650  		DC	0x23	;;   DW_OP_plus_uconst
00000247  00                  651  		DC	0x0	;;     operand
00000248  00000000          + 652  		DD	.LDW2-.LI_TOP	;; DW_AT_type
                              653  	;; entry 48
0000024c  08                  654  		DC	0x8	;; abbrev_code
0000024d  6869676800          655  		DC	"high",0x0	;; DW_AT_name
                              656  				;; DW_AT_data_member_location
00000252  02                  657  		DC	0x2	;;   size of loc_exp
00000253  23                  658  		DC	0x23	;;   DW_OP_plus_uconst
00000254  02                  659  		DC	0x2	;;     operand
00000255  00000000          + 660  		DD	.LDW2-.LI_TOP	;; DW_AT_type
                              661  	;; NULL ENTRY 49
00000259  00                  662  		DC	0x0
                              663  	;; entry 50
0000025a                      664  	.LDW15
0000025a  07                  665  		DC	0x7	;; abbrev_code
0000025b  04                  666  		DC	0x4	;; DW_AT_byte_size
                              667  	;; entry 51
0000025c  08                  668  		DC	0x8	;; abbrev_code
0000025d  4C4C00              669  		DC	"LL",0x0	;; DW_AT_name
                              670  				;; DW_AT_data_member_location
00000260  02                  671  		DC	0x2	;;   size of loc_exp
00000261  23                  672  		DC	0x23	;;   DW_OP_plus_uconst
00000262  00                  673  		DC	0x0	;;     operand
00000263  00000000          + 674  		DD	.LDW1-.LI_TOP	;; DW_AT_type
                              675  	;; entry 52
00000267  08                  676  		DC	0x8	;; abbrev_code
00000268  4C4800              677  		DC	"LH",0x0	;; DW_AT_name
                              678  				;; DW_AT_data_member_location
0000026b  02                  679  		DC	0x2	;;   size of loc_exp
0000026c  23                  680  		DC	0x23	;;   DW_OP_plus_uconst
0000026d  01                  681  		DC	0x1	;;     operand
0000026e  00000000          + 682  		DD	.LDW1-.LI_TOP	;; DW_AT_type
                              683  	;; entry 53
00000272  08                  684  		DC	0x8	;; abbrev_code
00000273  484C00              685  		DC	"HL",0x0	;; DW_AT_name
                              686  				;; DW_AT_data_member_location
00000276  02                  687  		DC	0x2	;;   size of loc_exp
00000277  23                  688  		DC	0x23	;;   DW_OP_plus_uconst
00000278  02                  689  		DC	0x2	;;     operand
00000279  00000000          + 690  		DD	.LDW1-.LI_TOP	;; DW_AT_type
                              691  	;; entry 54
0000027d  08                  692  		DC	0x8	;; abbrev_code
0000027e  484800              693  		DC	"HH",0x0	;; DW_AT_name
                              694  				;; DW_AT_data_member_location
00000281  02                  695  		DC	0x2	;;   size of loc_exp
00000282  23                  696  		DC	0x23	;;   DW_OP_plus_uconst
00000283  03                  697  		DC	0x3	;;     operand
00000284  00000000          + 698  		DD	.LDW1-.LI_TOP	;; DW_AT_type
                              699  	;; NULL ENTRY 55
00000288  00                  700  		DC	0x0
                              701  	;; entry 56
00000289                      702  	.LDW16
00000289  07                  703  		DC	0x7	;; abbrev_code
0000028a  04                  704  		DC	0x4	;; DW_AT_byte_size
                              705  	;; entry 57
0000028b  08                  706  		DC	0x8	;; abbrev_code
0000028c  6C6F7700            707  		DC	"low",0x0	;; DW_AT_name
                              708  				;; DW_AT_data_member_location
00000290  02                  709  		DC	0x2	;;   size of loc_exp
00000291  23                  710  		DC	0x23	;;   DW_OP_plus_uconst
00000292  00                  711  		DC	0x0	;;     operand
00000293  00000000          + 712  		DD	.LDW6-.LI_TOP	;; DW_AT_type
                              713  	;; entry 58
00000297  08                  714  		DC	0x8	;; abbrev_code
00000298  6869676800          715  		DC	"high",0x0	;; DW_AT_name
                              716  				;; DW_AT_data_member_location
0000029d  02                  717  		DC	0x2	;;   size of loc_exp
0000029e  23                  718  		DC	0x23	;;   DW_OP_plus_uconst
0000029f  02                  719  		DC	0x2	;;     operand
000002a0  00000000          + 720  		DD	.LDW6-.LI_TOP	;; DW_AT_type
                              721  	;; NULL ENTRY 59
000002a4  00                  722  		DC	0x0
                              723  	;; entry 60
000002a5                      724  	.LDW17
000002a5  07                  725  		DC	0x7	;; abbrev_code
000002a6  04                  726  		DC	0x4	;; DW_AT_byte_size
                              727  	;; entry 61
000002a7  08                  728  		DC	0x8	;; abbrev_code
000002a8  4C4C00              729  		DC	"LL",0x0	;; DW_AT_name
                              730  				;; DW_AT_data_member_location
000002ab  02                  731  		DC	0x2	;;   size of loc_exp
000002ac  23                  732  		DC	0x23	;;   DW_OP_plus_uconst
000002ad  00                  733  		DC	0x0	;;     operand
000002ae  00000000          + 734  		DD	.LDW5-.LI_TOP	;; DW_AT_type
                              735  	;; entry 62
000002b2  08                  736  		DC	0x8	;; abbrev_code
000002b3  4C4800              737  		DC	"LH",0x0	;; DW_AT_name
                              738  				;; DW_AT_data_member_location
000002b6  02                  739  		DC	0x2	;;   size of loc_exp
000002b7  23                  740  		DC	0x23	;;   DW_OP_plus_uconst
000002b8  01                  741  		DC	0x1	;;     operand
000002b9  00000000          + 742  		DD	.LDW5-.LI_TOP	;; DW_AT_type
                              743  	;; entry 63
000002bd  08                  744  		DC	0x8	;; abbrev_code
000002be  484C00              745  		DC	"HL",0x0	;; DW_AT_name
                              746  				;; DW_AT_data_member_location
000002c1  02                  747  		DC	0x2	;;   size of loc_exp
000002c2  23                  748  		DC	0x23	;;   DW_OP_plus_uconst
000002c3  02                  749  		DC	0x2	;;     operand
000002c4  00000000          + 750  		DD	.LDW5-.LI_TOP	;; DW_AT_type
                              751  	;; entry 64
000002c8  08                  752  		DC	0x8	;; abbrev_code
000002c9  484800              753  		DC	"HH",0x0	;; DW_AT_name
                              754  				;; DW_AT_data_member_location
000002cc  02                  755  		DC	0x2	;;   size of loc_exp
000002cd  23                  756  		DC	0x23	;;   DW_OP_plus_uconst
000002ce  03                  757  		DC	0x3	;;     operand
000002cf  00000000          + 758  		DD	.LDW5-.LI_TOP	;; DW_AT_type
                              759  	;; NULL ENTRY 65
000002d3  00                  760  		DC	0x0
                              761  	;; entry 66
000002d4                      762  	.LDW18
000002d4  09                  763  		DC	0x9	;; abbrev_code
000002d5  04                  764  		DC	0x4	;; DW_AT_byte_size
                              765  	;; entry 67
000002d6  08                  766  		DC	0x8	;; abbrev_code
000002d7  6C776F726400        767  		DC	"lword",0x0	;; DW_AT_name
                              768  				;; DW_AT_data_member_location
000002dd  02                  769  		DC	0x2	;;   size of loc_exp
000002de  23                  770  		DC	0x23	;;   DW_OP_plus_uconst
000002df  00                  771  		DC	0x0	;;     operand
000002e0  00000000          + 772  		DD	.LDW3-.LI_TOP	;; DW_AT_type
                              773  	;; entry 68
000002e4  08                  774  		DC	0x8	;; abbrev_code
000002e5  776F726400          775  		DC	"word",0x0	;; DW_AT_name
                              776  				;; DW_AT_data_member_location
000002ea  02                  777  		DC	0x2	;;   size of loc_exp
000002eb  23                  778  		DC	0x23	;;   DW_OP_plus_uconst
000002ec  00                  779  		DC	0x0	;;     operand
000002ed  00000000          + 780  		DD	.LDW14-.LI_TOP	;; DW_AT_type
                              781  	;; entry 69
000002f1  08                  782  		DC	0x8	;; abbrev_code
000002f2  6279746500          783  		DC	"byte",0x0	;; DW_AT_name
                              784  				;; DW_AT_data_member_location
000002f7  02                  785  		DC	0x2	;;   size of loc_exp
000002f8  23                  786  		DC	0x23	;;   DW_OP_plus_uconst
000002f9  00                  787  		DC	0x0	;;     operand
000002fa  00000000          + 788  		DD	.LDW15-.LI_TOP	;; DW_AT_type
                              789  	;; entry 70
000002fe  08                  790  		DC	0x8	;; abbrev_code
000002ff  756C776F726400      791  		DC	"ulword",0x0	;; DW_AT_name
                              792  				;; DW_AT_data_member_location
00000306  02                  793  		DC	0x2	;;   size of loc_exp
00000307  23                  794  		DC	0x23	;;   DW_OP_plus_uconst
00000308  00                  795  		DC	0x0	;;     operand
00000309  00000000          + 796  		DD	.LDW7-.LI_TOP	;; DW_AT_type
                              797  	;; entry 71
0000030d  08                  798  		DC	0x8	;; abbrev_code
0000030e  75776F726400        799  		DC	"uword",0x0	;; DW_AT_name
                              800  				;; DW_AT_data_member_location
00000314  02                  801  		DC	0x2	;;   size of loc_exp
00000315  23                  802  		DC	0x23	;;   DW_OP_plus_uconst
00000316  00                  803  		DC	0x0	;;     operand
00000317  00000000          + 804  		DD	.LDW16-.LI_TOP	;; DW_AT_type
                              805  	;; entry 72
0000031b  08                  806  		DC	0x8	;; abbrev_code
0000031c  756279746500        807  		DC	"ubyte",0x0	;; DW_AT_name
                              808  				;; DW_AT_data_member_location
00000322  02                  809  		DC	0x2	;;   size of loc_exp
00000323  23                  810  		DC	0x23	;;   DW_OP_plus_uconst
00000324  00                  811  		DC	0x0	;;     operand
00000325  00000000          + 812  		DD	.LDW17-.LI_TOP	;; DW_AT_type
                              813  	;; NULL ENTRY 73
00000329  00                  814  		DC	0x0
                              815  	;; entry 74
0000032a  06                  816  		DC	0x6	;; abbrev_code
0000032b  6C776F72645F7479    817  		DC	"lword_type",0x0	;; DW_AT_name
00000333  706500              817  	
00000336  00000000          + 818  		DD	.LDW18-.LI_TOP	;; DW_AT_type
                              819  	;; entry 75
0000033a                      820  	.LDW19
0000033a  07                  821  		DC	0x7	;; abbrev_code
0000033b  04                  822  		DC	0x4	;; DW_AT_byte_size
                              823  	;; entry 76
0000033c  08                  824  		DC	0x8	;; abbrev_code
0000033d  6C6F7700            825  		DC	"low",0x0	;; DW_AT_name
                              826  				;; DW_AT_data_member_location
00000341  02                  827  		DC	0x2	;;   size of loc_exp
00000342  23                  828  		DC	0x23	;;   DW_OP_plus_uconst
00000343  00                  829  		DC	0x0	;;     operand
00000344  00000000          + 830  		DD	.LDW1-.LI_TOP	;; DW_AT_type
                              831  	;; entry 77
00000348  08                  832  		DC	0x8	;; abbrev_code
00000349  6869676800          833  		DC	"high",0x0	;; DW_AT_name
                              834  				;; DW_AT_data_member_location
0000034e  02                  835  		DC	0x2	;;   size of loc_exp
0000034f  23                  836  		DC	0x23	;;   DW_OP_plus_uconst
00000350  01                  837  		DC	0x1	;;     operand
00000351  00000000          + 838  		DD	.LDW1-.LI_TOP	;; DW_AT_type
                              839  	;; NULL ENTRY 78
00000355  00                  840  		DC	0x0
                              841  	;; entry 79
00000356                      842  	.LDW20
00000356  07                  843  		DC	0x7	;; abbrev_code
00000357  04                  844  		DC	0x4	;; DW_AT_byte_size
                              845  	;; entry 80
00000358  08                  846  		DC	0x8	;; abbrev_code
00000359  6C6F7700            847  		DC	"low",0x0	;; DW_AT_name
                              848  				;; DW_AT_data_member_location
0000035d  02                  849  		DC	0x2	;;   size of loc_exp
0000035e  23                  850  		DC	0x23	;;   DW_OP_plus_uconst
0000035f  00                  851  		DC	0x0	;;     operand
00000360  00000000          + 852  		DD	.LDW5-.LI_TOP	;; DW_AT_type
                              853  	;; entry 81
00000364  08                  854  		DC	0x8	;; abbrev_code
00000365  6869676800          855  		DC	"high",0x0	;; DW_AT_name
                              856  				;; DW_AT_data_member_location
0000036a  02                  857  		DC	0x2	;;   size of loc_exp
0000036b  23                  858  		DC	0x23	;;   DW_OP_plus_uconst
0000036c  01                  859  		DC	0x1	;;     operand
0000036d  00000000          + 860  		DD	.LDW5-.LI_TOP	;; DW_AT_type
                              861  	;; NULL ENTRY 82
00000371  00                  862  		DC	0x0
                              863  	;; entry 83
00000372                      864  	.LDW21
00000372  09                  865  		DC	0x9	;; abbrev_code
00000373  04                  866  		DC	0x4	;; DW_AT_byte_size
                              867  	;; entry 84
00000374  08                  868  		DC	0x8	;; abbrev_code
00000375  776F726400          869  		DC	"word",0x0	;; DW_AT_name
                              870  				;; DW_AT_data_member_location
0000037a  02                  871  		DC	0x2	;;   size of loc_exp
0000037b  23                  872  		DC	0x23	;;   DW_OP_plus_uconst
0000037c  00                  873  		DC	0x0	;;     operand
0000037d  00000000          + 874  		DD	.LDW2-.LI_TOP	;; DW_AT_type
                              875  	;; entry 85
00000381  08                  876  		DC	0x8	;; abbrev_code
00000382  6279746500          877  		DC	"byte",0x0	;; DW_AT_name
                              878  				;; DW_AT_data_member_location
00000387  02                  879  		DC	0x2	;;   size of loc_exp
00000388  23                  880  		DC	0x23	;;   DW_OP_plus_uconst
00000389  00                  881  		DC	0x0	;;     operand
0000038a  00000000          + 882  		DD	.LDW19-.LI_TOP	;; DW_AT_type
                              883  	;; entry 86
0000038e  08                  884  		DC	0x8	;; abbrev_code
0000038f  75776F726400        885  		DC	"uword",0x0	;; DW_AT_name
                              886  				;; DW_AT_data_member_location
00000395  02                  887  		DC	0x2	;;   size of loc_exp
00000396  23                  888  		DC	0x23	;;   DW_OP_plus_uconst
00000397  00                  889  		DC	0x0	;;     operand
00000398  00000000          + 890  		DD	.LDW6-.LI_TOP	;; DW_AT_type
                              891  	;; entry 87
0000039c  08                  892  		DC	0x8	;; abbrev_code
0000039d  756279746500        893  		DC	"ubyte",0x0	;; DW_AT_name
                              894  				;; DW_AT_data_member_location
000003a3  02                  895  		DC	0x2	;;   size of loc_exp
000003a4  23                  896  		DC	0x23	;;   DW_OP_plus_uconst
000003a5  00                  897  		DC	0x0	;;     operand
000003a6  00000000          + 898  		DD	.LDW20-.LI_TOP	;; DW_AT_type
                              899  	;; NULL ENTRY 88
000003aa  00                  900  		DC	0x0
                              901  	;; entry 89
000003ab  06                  902  		DC	0x6	;; abbrev_code
000003ac  776F72645F747970    903  		DC	"word_type",0x0	;; DW_AT_name
000003b4  6500                903  	
000003b6  00000000          + 904  		DD	.LDW21-.LI_TOP	;; DW_AT_type
                              905  	;; entry 90
000003ba                      906  	.LDW22
000003ba  07                  907  		DC	0x7	;; abbrev_code
000003bb  04                  908  		DC	0x4	;; DW_AT_byte_size
                              909  	;; entry 91
000003bc  0A                  910  		DC	0xa	;; abbrev_code
000003bd  6269743000          911  		DC	"bit0",0x0	;; DW_AT_name
000003c2  02                  912  		DC	0x2	;; DW_AT_byte_size
000003c3  0F                  913  		DC	0xf	;; DW_AT_bit_offset
000003c4  01                  914  		DC	0x1	;; DW_AT_bit_size
                              915  				;; DW_AT_data_member_location
000003c5  02                  916  		DC	0x2	;;   size of loc_exp
000003c6  23                  917  		DC	0x23	;;   DW_OP_plus_uconst
000003c7  00                  918  		DC	0x0	;;     operand
000003c8  00000000          + 919  		DD	.LDW6-.LI_TOP	;; DW_AT_type
                              920  	;; entry 92
000003cc  0A                  921  		DC	0xa	;; abbrev_code
000003cd  6269743100          922  		DC	"bit1",0x0	;; DW_AT_name
000003d2  02                  923  		DC	0x2	;; DW_AT_byte_size
000003d3  0E                  924  		DC	0xe	;; DW_AT_bit_offset
000003d4  01                  925  		DC	0x1	;; DW_AT_bit_size
                              926  				;; DW_AT_data_member_location
000003d5  02                  927  		DC	0x2	;;   size of loc_exp
000003d6  23                  928  		DC	0x23	;;   DW_OP_plus_uconst
000003d7  00                  929  		DC	0x0	;;     operand
000003d8  00000000          + 930  		DD	.LDW6-.LI_TOP	;; DW_AT_type
                              931  	;; entry 93
000003dc  0A                  932  		DC	0xa	;; abbrev_code
000003dd  6269743200          933  		DC	"bit2",0x0	;; DW_AT_name
000003e2  02                  934  		DC	0x2	;; DW_AT_byte_size
000003e3  0D                  935  		DC	0xd	;; DW_AT_bit_offset
000003e4  01                  936  		DC	0x1	;; DW_AT_bit_size
                              937  				;; DW_AT_data_member_location
000003e5  02                  938  		DC	0x2	;;   size of loc_exp
000003e6  23                  939  		DC	0x23	;;   DW_OP_plus_uconst
000003e7  00                  940  		DC	0x0	;;     operand
000003e8  00000000          + 941  		DD	.LDW6-.LI_TOP	;; DW_AT_type
                              942  	;; entry 94
000003ec  0A                  943  		DC	0xa	;; abbrev_code
000003ed  6269743300          944  		DC	"bit3",0x0	;; DW_AT_name
000003f2  02                  945  		DC	0x2	;; DW_AT_byte_size
000003f3  0C                  946  		DC	0xc	;; DW_AT_bit_offset
000003f4  01                  947  		DC	0x1	;; DW_AT_bit_size
                              948  				;; DW_AT_data_member_location
000003f5  02                  949  		DC	0x2	;;   size of loc_exp
000003f6  23                  950  		DC	0x23	;;   DW_OP_plus_uconst
000003f7  00                  951  		DC	0x0	;;     operand
000003f8  00000000          + 952  		DD	.LDW6-.LI_TOP	;; DW_AT_type
                              953  	;; entry 95
000003fc  0A                  954  		DC	0xa	;; abbrev_code
000003fd  6269743400          955  		DC	"bit4",0x0	;; DW_AT_name
00000402  02                  956  		DC	0x2	;; DW_AT_byte_size
00000403  0B                  957  		DC	0xb	;; DW_AT_bit_offset
00000404  01                  958  		DC	0x1	;; DW_AT_bit_size
                              959  				;; DW_AT_data_member_location
00000405  02                  960  		DC	0x2	;;   size of loc_exp
00000406  23                  961  		DC	0x23	;;   DW_OP_plus_uconst
00000407  00                  962  		DC	0x0	;;     operand
00000408  00000000          + 963  		DD	.LDW6-.LI_TOP	;; DW_AT_type
                              964  	;; entry 96
0000040c  0A                  965  		DC	0xa	;; abbrev_code
0000040d  6269743500          966  		DC	"bit5",0x0	;; DW_AT_name
00000412  02                  967  		DC	0x2	;; DW_AT_byte_size
00000413  0A                  968  		DC	0xa	;; DW_AT_bit_offset
00000414  01                  969  		DC	0x1	;; DW_AT_bit_size
                              970  				;; DW_AT_data_member_location
00000415  02                  971  		DC	0x2	;;   size of loc_exp
00000416  23                  972  		DC	0x23	;;   DW_OP_plus_uconst
00000417  00                  973  		DC	0x0	;;     operand
00000418  00000000          + 974  		DD	.LDW6-.LI_TOP	;; DW_AT_type
                              975  	;; entry 97
0000041c  0A                  976  		DC	0xa	;; abbrev_code
0000041d  6269743600          977  		DC	"bit6",0x0	;; DW_AT_name
00000422  02                  978  		DC	0x2	;; DW_AT_byte_size
00000423  09                  979  		DC	0x9	;; DW_AT_bit_offset
00000424  01                  980  		DC	0x1	;; DW_AT_bit_size
                              981  				;; DW_AT_data_member_location
00000425  02                  982  		DC	0x2	;;   size of loc_exp
00000426  23                  983  		DC	0x23	;;   DW_OP_plus_uconst
00000427  00                  984  		DC	0x0	;;     operand
00000428  00000000          + 985  		DD	.LDW6-.LI_TOP	;; DW_AT_type
                              986  	;; entry 98
0000042c  0A                  987  		DC	0xa	;; abbrev_code
0000042d  6269743700          988  		DC	"bit7",0x0	;; DW_AT_name
00000432  02                  989  		DC	0x2	;; DW_AT_byte_size
00000433  08                  990  		DC	0x8	;; DW_AT_bit_offset
00000434  01                  991  		DC	0x1	;; DW_AT_bit_size
                              992  				;; DW_AT_data_member_location
00000435  02                  993  		DC	0x2	;;   size of loc_exp
00000436  23                  994  		DC	0x23	;;   DW_OP_plus_uconst
00000437  00                  995  		DC	0x0	;;     operand
00000438  00000000          + 996  		DD	.LDW6-.LI_TOP	;; DW_AT_type
                              997  	;; entry 99
0000043c  0A                  998  		DC	0xa	;; abbrev_code
0000043d  6269743800          999  		DC	"bit8",0x0	;; DW_AT_name
00000442  02                  1000  		DC	0x2	;; DW_AT_byte_size
00000443  07                  1001  		DC	0x7	;; DW_AT_bit_offset
00000444  01                  1002  		DC	0x1	;; DW_AT_bit_size
                              1003  				;; DW_AT_data_member_location
00000445  02                  1004  		DC	0x2	;;   size of loc_exp
00000446  23                  1005  		DC	0x23	;;   DW_OP_plus_uconst
00000447  00                  1006  		DC	0x0	;;     operand
00000448  00000000          + 1007  		DD	.LDW6-.LI_TOP	;; DW_AT_type
                              1008  	;; entry 100
0000044c  0A                  1009  		DC	0xa	;; abbrev_code
0000044d  6269743900          1010  		DC	"bit9",0x0	;; DW_AT_name
00000452  02                  1011  		DC	0x2	;; DW_AT_byte_size
00000453  06                  1012  		DC	0x6	;; DW_AT_bit_offset
00000454  01                  1013  		DC	0x1	;; DW_AT_bit_size
                              1014  				;; DW_AT_data_member_location
00000455  02                  1015  		DC	0x2	;;   size of loc_exp
00000456  23                  1016  		DC	0x23	;;   DW_OP_plus_uconst
00000457  00                  1017  		DC	0x0	;;     operand
00000458  00000000          + 1018  		DD	.LDW6-.LI_TOP	;; DW_AT_type
                              1019  	;; entry 101
0000045c  0A                  1020  		DC	0xa	;; abbrev_code
0000045d  626974313000        1021  		DC	"bit10",0x0	;; DW_AT_name
00000463  02                  1022  		DC	0x2	;; DW_AT_byte_size
00000464  05                  1023  		DC	0x5	;; DW_AT_bit_offset
00000465  01                  1024  		DC	0x1	;; DW_AT_bit_size
                              1025  				;; DW_AT_data_member_location
00000466  02                  1026  		DC	0x2	;;   size of loc_exp
00000467  23                  1027  		DC	0x23	;;   DW_OP_plus_uconst
00000468  00                  1028  		DC	0x0	;;     operand
00000469  00000000          + 1029  		DD	.LDW6-.LI_TOP	;; DW_AT_type
                              1030  	;; entry 102
0000046d  0A                  1031  		DC	0xa	;; abbrev_code
0000046e  626974313100        1032  		DC	"bit11",0x0	;; DW_AT_name
00000474  02                  1033  		DC	0x2	;; DW_AT_byte_size
00000475  04                  1034  		DC	0x4	;; DW_AT_bit_offset
00000476  01                  1035  		DC	0x1	;; DW_AT_bit_size
                              1036  				;; DW_AT_data_member_location
00000477  02                  1037  		DC	0x2	;;   size of loc_exp
00000478  23                  1038  		DC	0x23	;;   DW_OP_plus_uconst
00000479  00                  1039  		DC	0x0	;;     operand
0000047a  00000000          + 1040  		DD	.LDW6-.LI_TOP	;; DW_AT_type
                              1041  	;; entry 103
0000047e  0A                  1042  		DC	0xa	;; abbrev_code
0000047f  626974313200        1043  		DC	"bit12",0x0	;; DW_AT_name
00000485  02                  1044  		DC	0x2	;; DW_AT_byte_size
00000486  03                  1045  		DC	0x3	;; DW_AT_bit_offset
00000487  01                  1046  		DC	0x1	;; DW_AT_bit_size
                              1047  				;; DW_AT_data_member_location
00000488  02                  1048  		DC	0x2	;;   size of loc_exp
00000489  23                  1049  		DC	0x23	;;   DW_OP_plus_uconst
0000048a  00                  1050  		DC	0x0	;;     operand
0000048b  00000000          + 1051  		DD	.LDW6-.LI_TOP	;; DW_AT_type
                              1052  	;; entry 104
0000048f  0A                  1053  		DC	0xa	;; abbrev_code
00000490  626974313300        1054  		DC	"bit13",0x0	;; DW_AT_name
00000496  02                  1055  		DC	0x2	;; DW_AT_byte_size
00000497  02                  1056  		DC	0x2	;; DW_AT_bit_offset
00000498  01                  1057  		DC	0x1	;; DW_AT_bit_size
                              1058  				;; DW_AT_data_member_location
00000499  02                  1059  		DC	0x2	;;   size of loc_exp
0000049a  23                  1060  		DC	0x23	;;   DW_OP_plus_uconst
0000049b  00                  1061  		DC	0x0	;;     operand
0000049c  00000000          + 1062  		DD	.LDW6-.LI_TOP	;; DW_AT_type
                              1063  	;; entry 105
000004a0  0A                  1064  		DC	0xa	;; abbrev_code
000004a1  626974313400        1065  		DC	"bit14",0x0	;; DW_AT_name
000004a7  02                  1066  		DC	0x2	;; DW_AT_byte_size
000004a8  01                  1067  		DC	0x1	;; DW_AT_bit_offset
000004a9  01                  1068  		DC	0x1	;; DW_AT_bit_size
                              1069  				;; DW_AT_data_member_location
000004aa  02                  1070  		DC	0x2	;;   size of loc_exp
000004ab  23                  1071  		DC	0x23	;;   DW_OP_plus_uconst
000004ac  00                  1072  		DC	0x0	;;     operand
000004ad  00000000          + 1073  		DD	.LDW6-.LI_TOP	;; DW_AT_type
                              1074  	;; entry 106
000004b1  0A                  1075  		DC	0xa	;; abbrev_code
000004b2  626974313500        1076  		DC	"bit15",0x0	;; DW_AT_name
000004b8  02                  1077  		DC	0x2	;; DW_AT_byte_size
000004b9  00                  1078  		DC	0x0	;; DW_AT_bit_offset
000004ba  01                  1079  		DC	0x1	;; DW_AT_bit_size
                              1080  				;; DW_AT_data_member_location
000004bb  02                  1081  		DC	0x2	;;   size of loc_exp
000004bc  23                  1082  		DC	0x23	;;   DW_OP_plus_uconst
000004bd  00                  1083  		DC	0x0	;;     operand
000004be  00000000          + 1084  		DD	.LDW6-.LI_TOP	;; DW_AT_type
                              1085  	;; NULL ENTRY 107
000004c2  00                  1086  		DC	0x0
                              1087  	;; entry 108
000004c3                      1088  	.LDW23
000004c3  09                  1089  		DC	0x9	;; abbrev_code
000004c4  04                  1090  		DC	0x4	;; DW_AT_byte_size
                              1091  	;; entry 109
000004c5  08                  1092  		DC	0x8	;; abbrev_code
000004c6  75776F726400        1093  		DC	"uword",0x0	;; DW_AT_name
                              1094  				;; DW_AT_data_member_location
000004cc  02                  1095  		DC	0x2	;;   size of loc_exp
000004cd  23                  1096  		DC	0x23	;;   DW_OP_plus_uconst
000004ce  00                  1097  		DC	0x0	;;     operand
000004cf  00000000          + 1098  		DD	.LDW6-.LI_TOP	;; DW_AT_type
                              1099  	;; entry 110
000004d3  08                  1100  		DC	0x8	;; abbrev_code
000004d4  6269747300          1101  		DC	"bits",0x0	;; DW_AT_name
                              1102  				;; DW_AT_data_member_location
000004d9  02                  1103  		DC	0x2	;;   size of loc_exp
000004da  23                  1104  		DC	0x23	;;   DW_OP_plus_uconst
000004db  00                  1105  		DC	0x0	;;     operand
000004dc  00000000          + 1106  		DD	.LDW22-.LI_TOP	;; DW_AT_type
                              1107  	;; NULL ENTRY 111
000004e0  00                  1108  		DC	0x0
                              1109  	;; entry 112
000004e1  06                  1110  		DC	0x6	;; abbrev_code
000004e2  666C61675F747970    1111  		DC	"flag_type",0x0	;; DW_AT_name
000004ea  6500                1111  	
000004ec  00000000          + 1112  		DD	.LDW23-.LI_TOP	;; DW_AT_type
                              1113  	;; entry 113
000004f0                      1114  	.LDW24
000004f0  07                  1115  		DC	0x7	;; abbrev_code
000004f1  0C                  1116  		DC	0xc	;; DW_AT_byte_size
                              1117  	;; entry 114
000004f2  08                  1118  		DC	0x8	;; abbrev_code
000004f3  76616C756500        1119  		DC	"value",0x0	;; DW_AT_name
                              1120  				;; DW_AT_data_member_location
000004f9  02                  1121  		DC	0x2	;;   size of loc_exp
000004fa  23                  1122  		DC	0x23	;;   DW_OP_plus_uconst
000004fb  00                  1123  		DC	0x0	;;     operand
000004fc  00000000          + 1124  		DD	.LDW2-.LI_TOP	;; DW_AT_type
                              1125  	;; entry 115
00000500  08                  1126  		DC	0x8	;; abbrev_code
00000501  6D617800            1127  		DC	"max",0x0	;; DW_AT_name
                              1128  				;; DW_AT_data_member_location
00000505  02                  1129  		DC	0x2	;;   size of loc_exp
00000506  23                  1130  		DC	0x23	;;   DW_OP_plus_uconst
00000507  02                  1131  		DC	0x2	;;     operand
00000508  00000000          + 1132  		DD	.LDW2-.LI_TOP	;; DW_AT_type
                              1133  	;; entry 116
0000050c  08                  1134  		DC	0x8	;; abbrev_code
0000050d  6D696E00            1135  		DC	"min",0x0	;; DW_AT_name
                              1136  				;; DW_AT_data_member_location
00000511  02                  1137  		DC	0x2	;;   size of loc_exp
00000512  23                  1138  		DC	0x23	;;   DW_OP_plus_uconst
00000513  04                  1139  		DC	0x4	;;     operand
00000514  00000000          + 1140  		DD	.LDW2-.LI_TOP	;; DW_AT_type
                              1141  	;; entry 117
00000518  08                  1142  		DC	0x8	;; abbrev_code
00000519  6564697472617465    1143  		DC	"editrate",0x0	;; DW_AT_name
00000521  00                  1143  	
                              1144  				;; DW_AT_data_member_location
00000522  02                  1145  		DC	0x2	;;   size of loc_exp
00000523  23                  1146  		DC	0x23	;;   DW_OP_plus_uconst
00000524  06                  1147  		DC	0x6	;;     operand
00000525  00000000          + 1148  		DD	.LDW2-.LI_TOP	;; DW_AT_type
                              1149  	;; entry 118
00000529  08                  1150  		DC	0x8	;; abbrev_code
0000052a  6469737072617465    1151  		DC	"disprate",0x0	;; DW_AT_name
00000532  00                  1151  	
                              1152  				;; DW_AT_data_member_location
00000533  02                  1153  		DC	0x2	;;   size of loc_exp
00000534  23                  1154  		DC	0x23	;;   DW_OP_plus_uconst
00000535  08                  1155  		DC	0x8	;;     operand
00000536  00000000          + 1156  		DD	.LDW1-.LI_TOP	;; DW_AT_type
                              1157  	;; NULL ENTRY 119
0000053a  00                  1158  		DC	0x0
                              1159  	;; entry 120
0000053b  06                  1160  		DC	0x6	;; abbrev_code
0000053c  706172615F737479    1161  		DC	"para_style",0x0	;; DW_AT_name
00000544  6C6500              1161  	
00000547  00000000          + 1162  		DD	.LDW24-.LI_TOP	;; DW_AT_type
                              1163  	;; entry 121
0000054b  0B                  1164  		DC	0xb	;; abbrev_code
                              1165  				;; DW_AT_location
0000054c  05                  1166  		DC	0x5	;;   size of loc_exp
0000054d  03                  1167  		DC	0x3	;;   DW_OP_addr
0000054e  00000000          + 1168  		DD	_Tm_for_ad	;;     operand
00000552  546D5F666F725F61    1169  		DC	"Tm_for_ad",0x0	;; DW_AT_name
0000055a  6400                1169  	
0000055c  01                  1170  		DC	0x1	;; DW_AT_external
0000055d  00000000          + 1171  		DD	.LDW26-.LI_TOP	;; DW_AT_type
                              1172  	;; entry 122
00000561  0B                  1173  		DC	0xb	;; abbrev_code
                              1174  				;; DW_AT_location
00000562  05                  1175  		DC	0x5	;;   size of loc_exp
00000563  03                  1176  		DC	0x3	;;   DW_OP_addr
00000564  00000000          + 1177  		DD	_ad_to_Tm	;;     operand
00000568  61645F746F5F546D    1178  		DC	"ad_to_Tm",0x0	;; DW_AT_name
00000570  00                  1178  	
00000571  01                  1179  		DC	0x1	;; DW_AT_external
00000572  00000000          + 1180  		DD	.LDW28-.LI_TOP	;; DW_AT_type
                              1181  	;; NULL ENTRY 123
00000576  00                  1182  		DC	0x0
00000577                      1183  	.LI_E
                              1184  	;; End of Debugging Information Entries
                              1185  	;; Line Number Information
                              1186  		;; LINE INFOMATION is nothing.
                              1187  	.debug_aranges		SECTION
                              1188  	;; Aranges Information
00000000  00000000          + 1189  		DD	.LAR_E-.LAR_B	;; length
00000004                      1190  	.LAR_B
00000004  0200                1191  		DW	0x2	;; version
00000006  00000000          + 1192  		DD	.LI_TOP	;; debug_info section
0000000a  04                  1193  		DC	0x4	;; address size
0000000b  00                  1194  		DC	0x0	;; segment size
0000000c  00000000            1195  		DD	0x0	;; padding
                              1196  		;; Address Range Table
00000010  00000000F2000000  + 1197  		DD	_Tm_for_ad,0xf2	;; address, size
00000018  00000000F2000000  + 1198  		DD	_ad_to_Tm,0xf2	;; address, size
                              1199  		;; end
00000020  00000000            1200  		DD	0x0
00000024  00000000            1201  		DD	0x0
00000028                      1202  	.LAR_E
                              1203  	;; End of Aranges Information
                              1204  		END
                              1205  	;;ENDFILE 
                                                OP04.lst	Page 2
*** Symbol Table ***
Address/Value	Class	Section			  Symbol

00000000	L	.debug_frame              .LFR_TOP
00000024	L	.debug_frame              .LFR_C_E
00000004	L	.debug_frame              .LFR_C_B
00000000	L	.text                     .LPC_TOP
00000000	G	.rodata                   _Tm_for_ad
000000f2	G	.rodata                   _ad_to_Tm
00000000	L	.text                     .LPC_END
00000000	L	.debug_abbrev             .LAB_TOP
00000000	L	.debug_info               .LI_TOP
00000577	L	.debug_info               .LI_E
00000004	L	.debug_info               .LI_B
0000009b	L	.debug_info               .LDW10
000000a6	L	.debug_info               .LDW9
000000b0	L	.debug_info               .LDW8
000000be	L	.debug_info               .LDW7
000000c7	L	.debug_info               .LDW6
000000d1	L	.debug_info               .LDW27
000000d6	L	.debug_info               .LDW28
000000e0	L	.debug_info               .LDW5
000000e9	L	.debug_info               .LDW4
000000f7	L	.debug_info               .LDW3
00000100	L	.debug_info               .LDW2
0000010a	L	.debug_info               .LDW25
0000010f	L	.debug_info               .LDW26
00000119	L	.debug_info               .LDW1
000001b6	L	.debug_info               .LDW11
000001d2	L	.debug_info               .LDW12
000001ee	L	.debug_info               .LDW13
0000023e	L	.debug_info               .LDW14
0000025a	L	.debug_info               .LDW15
00000289	L	.debug_info               .LDW16
000002a5	L	.debug_info               .LDW17
000002d4	L	.debug_info               .LDW18
0000033a	L	.debug_info               .LDW19
00000356	L	.debug_info               .LDW20
00000372	L	.debug_info               .LDW21
000003ba	L	.debug_info               .LDW22
000004c3	L	.debug_info               .LDW23
000004f0	L	.debug_info               .LDW24
00000028	L	.debug_aranges            .LAR_E
00000004	L	.debug_aranges            .LAR_B
